<?xml version="1.0" encoding="UTF-8"?>
<bom serialNumber="urn:uuid:5fa666a7-2971-455d-b145-069ceff82529" version="1" xmlns="http://cyclonedx.org/schema/bom/1.3">
  <metadata>
    <timestamp>2022-08-09T18:52:18Z</timestamp>
    <tools>
      <tool>
        <vendor>OWASP Foundation</vendor>
        <name>CycloneDX Maven plugin</name>
        <version>2.7.1</version>
        <hashes>
          <hash alg="MD5">538c878ebf89b372876e247d056a3fc5</hash>
          <hash alg="SHA-1">4561e50edb47e12a03712b1afce9b20cba32fd28</hash>
          <hash alg="SHA-256">f0ea7b3bcf5c7ba649b8d9807e805385330501881677d47333aebce8305ef4d4</hash>
          <hash alg="SHA-512">a35400ca6411692ae8964fe7030eaba2a83a2fa50e2883def3054191283c3b48e2dcdd68bf80f5a0ede3898cc6b7cb7b998aacd2c1e969320053c43b6ab8d873</hash>
          <hash alg="SHA-384">75c0c03a03c69e82ad1f7b942d6d733da8261c4058174355d6b24ebd88cee34180f2e8484d2b0fedaf459078bdf6e927</hash>
          <hash alg="SHA3-384">98cd312d4dfc104a0a66d65023d0aade423f08951f2a9e0215e703f0c81c4f274d8e11a2db1abc30a558b820d65860c4</hash>
          <hash alg="SHA3-256">0c5fd65013128de457b049a824c4ad11212d668b503613ce19a54d545e5cf82d</hash>
          <hash alg="SHA3-512">72ea0ed8faa3cc4493db96d0223094842e7153890b091ff364040ad3ad89363157fc9d1bd852262124aec83134f0c19aa4fd0fa482031d38a76d74dfd36b7964</hash>
        </hashes>
      </tool>
    </tools>
    <component type="library" bom-ref="pkg:maven/com.datengaertnerei.test/data-service@1.0.1-SNAPSHOT?type=jar">
      <publisher>Dateng√§rtnerei</publisher>
      <group>com.datengaertnerei.test</group>
      <name>data-service</name>
      <version>1.0.1-SNAPSHOT</version>
      <description>Web Service to provide valid test data for german
		fictitious persons.</description>
      <licenses>
        <license>
          <id>MIT</id>
          <url>https://opensource.org/licenses/MIT</url>
        </license>
      </licenses>
      <purl>pkg:maven/com.datengaertnerei.test/data-service@1.0.1-SNAPSHOT?type=jar</purl>
      <externalReferences><reference type="website"><url>http://www.datengaertnerei.com/</url></reference><reference type="distribution"><url>https://github.com/datengaertnerei/test-data-service/packages/411378</url></reference><reference type="issue-tracker"><url>https://github.com/datengaertnerei/test-data-service/issues</url></reference><reference type="vcs"><url>https://github.com/datengaertnerei/test-data-service</url></reference></externalReferences>
    </component>
  </metadata>
  <components>
    <component type="library" bom-ref="pkg:maven/org.apache.commons/commons-csv@1.9.0?type=jar">
      <publisher>The Apache Software Foundation</publisher>
      <group>org.apache.commons</group>
      <name>commons-csv</name>
      <version>1.9.0</version>
      <description>The Apache Commons CSV library provides a simple interface for reading and writing CSV files of various types.</description>
      <scope>required</scope>
      <hashes>
        <hash alg="MD5">75559edcb39c783299289690c5a45816</hash>
        <hash alg="SHA-1">b59d8f64cd0b83ee1c04ff1748de2504457018c1</hash>
        <hash alg="SHA-256">c418d6aab4db4f1f70983d355de8d7c1e755c754820a92294da2e5f5081022cc</hash>
        <hash alg="SHA-512">c474adc1b3d64d0eec5aaf54ddf8704d605c9e7be37757b441c32fcf55bd044d314a66faa78970c7fe4964c8e1a627debf51994035498e03c1d1b08d8f6d0149</hash>
        <hash alg="SHA-384">4f5e309ec323e84ffce50581b0bbf77cd1c5ea92e89e6067049cec8ef705efe32a785cdfddbc21361acda43b099c79c7</hash>
        <hash alg="SHA3-384">d2413a200f5c3b5c06ea6834525ded4e84158d9ef2872e082e3d1eab9a09e41d6abbb7ae2e48874b6bb0d117e67566f2</hash>
        <hash alg="SHA3-256">21afd20c413723ea1d779d27c0d0e641db8e47cb02bf0b2e6db55f13635431b5</hash>
        <hash alg="SHA3-512">de76772a8fc3b1a5132b4656739a56f7aacc4551ebc37ca686bd32b2d717e4ead224e7b6632e4214950a11a511cbb290289c8539bb0f15cece9bb8223df0a814</hash>
      </hashes>
      <licenses>
        <license>
          <id>Apache-2.0</id>
        </license>
      </licenses>
      <purl>pkg:maven/org.apache.commons/commons-csv@1.9.0?type=jar</purl>
      <externalReferences><reference type="issue-tracker"><url>https://issues.apache.org/jira/browse/CSV</url></reference><reference type="vcs"><url>https://gitbox.apache.org/repos/asf?p=commons-csv.git</url></reference><reference type="build-system"><url>https://builds.apache.org/</url></reference><reference type="mailing-list"><url>https://mail-archives.apache.org/mod_mbox/commons-user/</url></reference><reference type="website"><url>https://www.apache.org/</url></reference><reference type="distribution"><url>https://repository.apache.org/service/local/staging/deploy/maven2</url></reference></externalReferences>
    </component>
    <component type="library" bom-ref="pkg:maven/commons-io/commons-io@2.11.0?type=jar">
      <publisher>The Apache Software Foundation</publisher>
      <group>commons-io</group>
      <name>commons-io</name>
      <version>2.11.0</version>
      <description>The Apache Commons IO library contains utility classes, stream implementations, file filters,
file comparators, endian transformation classes, and much more.</description>
      <scope>required</scope>
      <hashes>
        <hash alg="MD5">3b4b7ccfaeceeac240b804839ee1a1ca</hash>
        <hash alg="SHA-1">a2503f302b11ebde7ebc3df41daebe0e4eea3689</hash>
        <hash alg="SHA-256">961b2f6d87dbacc5d54abf45ab7a6e2495f89b75598962d8c723cea9bc210908</hash>
        <hash alg="SHA-512">5bd78eed456ede30119319c5bed8e3e4c443b6fd7bdb3a7a5686647bd83094d0c3e2832a7575cfb60e4ef25f08106b93476939d3adcfecf5533cc030b3039e10</hash>
        <hash alg="SHA-384">114f1e324d90ad887c177876d410f5787a8e8da6c48d4b2862d365802c0efded3a88cb24046976bf6276cadad3712f0f</hash>
        <hash alg="SHA3-384">80288c03ad4d80d69f91d056ffc5570d49a9c76bf54ad2dff0121ecde26a560df76d05156f281f5c6db2a38ff07a873d</hash>
        <hash alg="SHA3-256">5adfb5ccaf5f21a549422f426118a9542673926fcd18c68390cf813e791dcf6c</hash>
        <hash alg="SHA3-512">7573f47f0babb53cefdc7c2309a0b982d800139064537b0797da442853d081010ad7c3c74a500598a0f800639a5d540eca21963ea652c68613907059bd4278c2</hash>
      </hashes>
      <licenses>
        <license>
          <id>Apache-2.0</id>
        </license>
      </licenses>
      <purl>pkg:maven/commons-io/commons-io@2.11.0?type=jar</purl>
      <externalReferences><reference type="issue-tracker"><url>https://issues.apache.org/jira/browse/IO</url></reference><reference type="vcs"><url>https://gitbox.apache.org/repos/asf?p=commons-io.git</url></reference><reference type="build-system"><url>https://builds.apache.org/</url></reference><reference type="mailing-list"><url>https://mail-archives.apache.org/mod_mbox/commons-user/</url></reference><reference type="website"><url>https://www.apache.org/</url></reference><reference type="distribution"><url>https://repository.apache.org/service/local/staging/deploy/maven2</url></reference></externalReferences>
    </component>
    <component type="library" bom-ref="pkg:maven/org.iban4j/iban4j@3.2.3-RELEASE?type=jar">
      <group>org.iban4j</group>
      <name>iban4j</name>
      <version>3.2.3-RELEASE</version>
      <description>A Java library for International Bank Account Number (IBAN) generation.</description>
      <scope>required</scope>
      <hashes>
        <hash alg="MD5">0c6d211735990c9cd2fd9426a76c6f8a</hash>
        <hash alg="SHA-1">ab492670c1856973cd6dd38e7dffef8b5011e9d0</hash>
        <hash alg="SHA-256">ec1f3fee42fc30af5d67d96a387340b6b31fab89aac34083ecc10853e44d74f9</hash>
        <hash alg="SHA-512">9a63c1a7ee35fce336cd6a29e9174e15dda0a50658d765b6045d9f51ec60efcbf06ae94ffc64fc9605612ec65b71435ff9174ad0d8c2320ae793f6e2e35f1b5c</hash>
        <hash alg="SHA-384">52f56212dad22841d59f140024d6b8317d19de001bee6e0f066b20b18632c280cfdc5ede0223c3ea87866e6e0c20e54c</hash>
        <hash alg="SHA3-384">6fb2b5f59b04dd4dd95b0a0703898e71d4de1efd8d2271a12870ad424a643938be6899d6524b7e97cbeaa6dcdb7bf1cd</hash>
        <hash alg="SHA3-256">4be8a29dfc96849a25ee91679fc81cc4f37018e60de4f07eef8215d9fe3f9228</hash>
        <hash alg="SHA3-512">2d9c05257600d85c59a25a52a69fab4c6ff41b4b3f3f1a73caad6fe4d32e8ff760dec9e02448139bdfafb06af5a374d83b6a534de9f12d5afd651c3554c55cd5</hash>
      </hashes>
      <licenses>
        <license>
          <id>Apache-2.0</id>
          <url>https://www.apache.org/licenses/LICENSE-2.0</url>
        </license>
      </licenses>
      <purl>pkg:maven/org.iban4j/iban4j@3.2.3-RELEASE?type=jar</purl>
      <externalReferences><reference type="distribution"><url>https://oss.sonatype.org/service/local/staging/deploy/maven2/</url></reference><reference type="vcs"><url>http://svn.sonatype.org/spice/tags/oss-parent-7</url></reference></externalReferences>
    </component>
    <component type="library" bom-ref="pkg:maven/org.springframework.boot/spring-boot-starter-web@2.7.2?type=jar">
      <publisher>Pivotal Software, Inc.</publisher>
      <group>org.springframework.boot</group>
      <name>spring-boot-starter-web</name>
      <version>2.7.2</version>
      <description>Starter for building web, including RESTful, applications using Spring MVC. Uses Tomcat as the default embedded container</description>
      <scope>optional</scope>
      <hashes>
        <hash alg="MD5">d51cb5611907deb997b038e6484fee2d</hash>
        <hash alg="SHA-1">dd8a77a26900a86d9962598cbbd360f6b69bab5e</hash>
        <hash alg="SHA-256">080a1fddb430b71c775242fd5c91cce93cbf325f194bdc2360723132d24385c6</hash>
        <hash alg="SHA-512">9d939412194dc3e5b514c33b7a3e3bd91730dd88b727a80d10b676be1dd543a1e435039aaa8eac40634e6743574ef1f7832594565e71d224aa0c7e4a5ae31ff0</hash>
        <hash alg="SHA-384">28834643a04f3b92ca51281396047eecbd3a01b029e8f63330ace393e6a26b9fda42f5979b245277b7ba5c185c8684ef</hash>
        <hash alg="SHA3-384">1ae3a7f06c4c9de87b28261168a29e77b1567da9bb76e933eb22395100b1723ff40edd31f67c513e5b1a61b1e627dee7</hash>
        <hash alg="SHA3-256">11bb2be39053ebf0a0019091dac58e1e7c1d5f4da7b3205b64938049de2ac18e</hash>
        <hash alg="SHA3-512">a2bdad54c058cb25c81c924f423103c05b9a576445c8c1e28ef438f99a367669c5d36abe4f70102f0ff6fd3c98442552eeedd0f61ebcb647a74c5f0499c4a11e</hash>
      </hashes>
      <licenses>
        <license>
          <id>Apache-2.0</id>
        </license>
      </licenses>
      <purl>pkg:maven/org.springframework.boot/spring-boot-starter-web@2.7.2?type=jar</purl>
      <externalReferences><reference type="website"><url>https://spring.io</url></reference><reference type="issue-tracker"><url>https://github.com/spring-projects/spring-boot/issues</url></reference><reference type="vcs"><url>https://github.com/spring-projects/spring-boot</url></reference></externalReferences>
    </component>
    <component type="library" bom-ref="pkg:maven/org.springframework.boot/spring-boot-starter@2.7.2?type=jar">
      <publisher>Pivotal Software, Inc.</publisher>
      <group>org.springframework.boot</group>
      <name>spring-boot-starter</name>
      <version>2.7.2</version>
      <description>Core starter, including auto-configuration support, logging and YAML</description>
      <hashes>
        <hash alg="MD5">06a34c8d9b4b298d2f73d90ae497926e</hash>
        <hash alg="SHA-1">12f0da08b8120adcd137073ad08767f2d60e6cc3</hash>
        <hash alg="SHA-256">f80e0bbd0f5bbce6f01fa7db16a9306f26ac70bb8c9d9a6ecd526f354cd53f1b</hash>
        <hash alg="SHA-512">1a0910b0b16e84c73927c911dcd666250759dfd61d221c88aabea274ac969aa1380d2c6af3956044e010b45be5d8c6d3d449d604ee9775d35e6cff55aea7eafa</hash>
        <hash alg="SHA-384">092c14523d93f6b01a245f7b721035a8389db12b84f83dfc4f32619b1678685aa2438363d147e936678543c8b9f6d5ca</hash>
        <hash alg="SHA3-384">25bc5c1d52bfe1fb719ee9cca4ce10659c718ed3301fb241ed2e2efb94e631eb1dee2591a879814f79ceb869790ddd7a</hash>
        <hash alg="SHA3-256">2e729eff1f442d07cfd30b4ab524a745ecfd0a5d4767729b81955af3d1eb14df</hash>
        <hash alg="SHA3-512">79b2cbcac6432b581629d2acf3b8f9b84be7e107480094c4df225e2af1ed29ddbaa12f4173d18105b1cc0eac5e0055b93d96035f56485c3ab05c3276bf113e3e</hash>
      </hashes>
      <licenses>
        <license>
          <id>Apache-2.0</id>
        </license>
      </licenses>
      <purl>pkg:maven/org.springframework.boot/spring-boot-starter@2.7.2?type=jar</purl>
      <externalReferences><reference type="website"><url>https://spring.io</url></reference><reference type="issue-tracker"><url>https://github.com/spring-projects/spring-boot/issues</url></reference><reference type="vcs"><url>https://github.com/spring-projects/spring-boot</url></reference></externalReferences>
    </component>
    <component type="library" bom-ref="pkg:maven/org.springframework.boot/spring-boot@2.7.2?type=jar">
      <publisher>Pivotal Software, Inc.</publisher>
      <group>org.springframework.boot</group>
      <name>spring-boot</name>
      <version>2.7.2</version>
      <description>Spring Boot</description>
      <scope>required</scope>
      <hashes>
        <hash alg="MD5">fe5084076582763dcf4be30b583f0122</hash>
        <hash alg="SHA-1">a471deae9d806afa28ab888f75d46cff6e2f118c</hash>
        <hash alg="SHA-256">7efaea4dfc2970f1948e4f1a4f5aa3946bfde2040283c12df0ceb9995be33977</hash>
        <hash alg="SHA-512">d6b77cf319a0a1326746f92c11f6992a4e571b588e7a8397847ff11d633d92d92bc004de188f2f80cb7ff1b87e2e6ec3c4801d75976183eb72b7d00401cbc58c</hash>
        <hash alg="SHA-384">ca8e4cd6fbc462cfcc217c1656baa8ffa02a6a89d7031716da9e8837f00c44e0e05d748aadfa1d2bebea9de41dcb4eb5</hash>
        <hash alg="SHA3-384">7a8c94966e0b66824839dbda53feab7b7b8e6b0a65475edd38ba5c78a94e6cce0add92f6fa1f958a433854175aea014f</hash>
        <hash alg="SHA3-256">5a7536a053da408eaa1cf35e01f33d719fdef5f1b1d79297a5a77e6f3506b8bb</hash>
        <hash alg="SHA3-512">74af4a030329e67bb05ef8e44dfcf7f0f65c9e9546248cf5c44c017f3f3187312ac46758ed779e223888b7e94c60fe9584132e9dfc9c47bb2ccb9274634999c2</hash>
      </hashes>
      <licenses>
        <license>
          <id>Apache-2.0</id>
        </license>
      </licenses>
      <purl>pkg:maven/org.springframework.boot/spring-boot@2.7.2?type=jar</purl>
      <externalReferences><reference type="website"><url>https://spring.io</url></reference><reference type="issue-tracker"><url>https://github.com/spring-projects/spring-boot/issues</url></reference><reference type="vcs"><url>https://github.com/spring-projects/spring-boot</url></reference></externalReferences>
    </component>
    <component type="library" bom-ref="pkg:maven/org.springframework.boot/spring-boot-autoconfigure@2.7.2?type=jar">
      <publisher>Pivotal Software, Inc.</publisher>
      <group>org.springframework.boot</group>
      <name>spring-boot-autoconfigure</name>
      <version>2.7.2</version>
      <description>Spring Boot AutoConfigure</description>
      <scope>required</scope>
      <hashes>
        <hash alg="MD5">f6f82c81276c4a814e013f5c4159279e</hash>
        <hash alg="SHA-1">f358e3f8ce01d3a26605fa23f9d3fd408726b033</hash>
        <hash alg="SHA-256">8ffcbd2c6c1f5f9401f4a3b766b023f1e8202fed7aabce672e51c2b5bd5afcaf</hash>
        <hash alg="SHA-512">6bd4ab3f9fcaf580d8cd685b8c94c910d2ac98ccb95e28b9534c0e2a0d853f91bdf641e89272f3fdb1357a5b26474c7386838ec0744a573f656340022496c7d6</hash>
        <hash alg="SHA-384">32b15e3519b00e9cd502a790958af0bb52acde234709eddf1792f3370019f0209b26ac73df1959af21201aaac5f04d62</hash>
        <hash alg="SHA3-384">9202208f54ef8c05bb4ceb8abfafb4c1401ff248202a188bed1693531871fdb5c1baa0832d52944df62a85bfdacec708</hash>
        <hash alg="SHA3-256">d2be9b6040200b7beee712a0183b04bd1acbd9d04f485ae0d64ff0e0164909da</hash>
        <hash alg="SHA3-512">c8b75206f9e52d769362fb525b4b2da79f5115bae60c64ed1c59d1bff8fe8963da81ed5e738fe77665c3210e3b396e71bb033af5e1d0fd9ae51ec26283675393</hash>
      </hashes>
      <licenses>
        <license>
          <id>Apache-2.0</id>
        </license>
      </licenses>
      <purl>pkg:maven/org.springframework.boot/spring-boot-autoconfigure@2.7.2?type=jar</purl>
      <externalReferences><reference type="website"><url>https://spring.io</url></reference><reference type="issue-tracker"><url>https://github.com/spring-projects/spring-boot/issues</url></reference><reference type="vcs"><url>https://github.com/spring-projects/spring-boot</url></reference></externalReferences>
    </component>
    <component type="library" bom-ref="pkg:maven/org.springframework.boot/spring-boot-starter-logging@2.7.2?type=jar">
      <publisher>Pivotal Software, Inc.</publisher>
      <group>org.springframework.boot</group>
      <name>spring-boot-starter-logging</name>
      <version>2.7.2</version>
      <description>Starter for logging using Logback. Default logging starter</description>
      <hashes>
        <hash alg="MD5">2241e53032e07cb2c45689967a15b9a3</hash>
        <hash alg="SHA-1">a88c44d4ec24ca37f51192c2aad3a1ca53f937f5</hash>
        <hash alg="SHA-256">919114c645d56c2effa72a166f22fa2f697f3cd80b9ed2b4fccd511f73254d5a</hash>
        <hash alg="SHA-512">f8ee0cd7cf92a52564c4259d0014f735b426186fbb46ce97202ce288d5f2349a89649740b93059d6bc9076ce0247c2b17d056e9ffa799ea31ed54e0a8930e6ba</hash>
        <hash alg="SHA-384">71cb883096584ab4d1d36189b26b8dd9b97b25a59a0743e4f29bb5762ee9415021563e037fe6c9da98837b918fa92a69</hash>
        <hash alg="SHA3-384">3e439e5442c872da72668344ddb0bf6246f12294d802025f1da3d3911a64dd69812bd2e83f8e36dcb1e786ddb3d984b5</hash>
        <hash alg="SHA3-256">5ddd327d2a58802f0cf979d699a6a82bae2a82bc0a8f3f0a14d30147c4b5a7d8</hash>
        <hash alg="SHA3-512">d95f9c32ad050056ec98e209aa2d5c40e6de5d334c0d67aea7511f0e92411f8663b3d7d6578aecbbbb992e6900efb50d6239829ed9224821f2d323aded41d090</hash>
      </hashes>
      <licenses>
        <license>
          <id>Apache-2.0</id>
        </license>
      </licenses>
      <purl>pkg:maven/org.springframework.boot/spring-boot-starter-logging@2.7.2?type=jar</purl>
      <externalReferences><reference type="website"><url>https://spring.io</url></reference><reference type="issue-tracker"><url>https://github.com/spring-projects/spring-boot/issues</url></reference><reference type="vcs"><url>https://github.com/spring-projects/spring-boot</url></reference></externalReferences>
    </component>
    <component type="library" bom-ref="pkg:maven/ch.qos.logback/logback-classic@1.2.11?type=jar">
      <publisher>QOS.ch</publisher>
      <group>ch.qos.logback</group>
      <name>logback-classic</name>
      <version>1.2.11</version>
      <description>logback-classic module</description>
      <hashes>
        <hash alg="MD5">e13679004cc76ad5792f275f04884fab</hash>
        <hash alg="SHA-1">4741689214e9d1e8408b206506cbe76d1c6a7d60</hash>
        <hash alg="SHA-256">4d8e899621a3006c2f66e19feab002b11e6cfc5cb1854fc41f01532c00deb2aa</hash>
        <hash alg="SHA-512">6df8b42396c5d3257f11fb19c280533aa28d66e647115816d4ebfd6a58c9b5adf0e098504772261b29435df75b86cb2b9a47f846ed45d770179c9d10f39941de</hash>
        <hash alg="SHA-384">d480881d1a0d58c94aba0b719d56cd492147bc6481b67370dc7426ea7a81326af5b19f32d6a95fee714f37b90a5eed76</hash>
        <hash alg="SHA3-384">070647c93da744f04cc13ab3f1958c61a8b1e219fe221ed0bf251e4cc97563c64be323bfb3a9e2fd4839e33ded424b21</hash>
        <hash alg="SHA3-256">60c1dbe51066ffb3885673255a279e8894c89fe26f079180fa992478c1d9b03e</hash>
        <hash alg="SHA3-512">ce16fae69767bca975bec0d7dd0ceeb40c15cf034a4a949721c828a0f2c25cb9d619c4db3f986f6d9805d5b76d27b8926c55be5579522cd5ab3fa5e69bb68aeb</hash>
      </hashes>
      <licenses>
        <license>
          <id>EPL-1.0</id>
        </license>
        <license>
          <name>GNU Lesser General Public License</name>
          <url>http://www.gnu.org/licenses/old-licenses/lgpl-2.1.html</url>
        </license>
      </licenses>
      <purl>pkg:maven/ch.qos.logback/logback-classic@1.2.11?type=jar</purl>
      <externalReferences><reference type="website"><url>http://www.qos.ch</url></reference><reference type="distribution"><url>https://oss.sonatype.org/service/local/staging/deploy/maven2/</url></reference><reference type="vcs"><url>https://github.com/ceki/logback</url></reference></externalReferences>
    </component>
    <component type="library" bom-ref="pkg:maven/ch.qos.logback/logback-core@1.2.11?type=jar">
      <publisher>QOS.ch</publisher>
      <group>ch.qos.logback</group>
      <name>logback-core</name>
      <version>1.2.11</version>
      <description>logback-core module</description>
      <hashes>
        <hash alg="MD5">115da115b5e66ef64e774ec35af1fb1a</hash>
        <hash alg="SHA-1">a01230df5ca5c34540cdaa3ad5efb012f1f1f792</hash>
        <hash alg="SHA-256">6ce1e9397be8298a2e99029f55f955c6fa3cef255171c554d0b9c201cffd0159</hash>
        <hash alg="SHA-512">86b12a74c2a822a12ba2e9a7b0db5013803f18784a3cb1201c95d5f7872a6aa8cf06d5861a5c35777a7decc7ea26df7b4388fab3b3b71aab7274527d9b339318</hash>
        <hash alg="SHA-384">2afd896ebe6333d99e5baa553d80b7851d8ff51c06c725267e061df81bc9a878b74a65394699ae853f9738a08963aa0a</hash>
        <hash alg="SHA3-384">43d39acc5608b60d671c000bf6114f4623d3057399142abca01b0fc2381f2191479a2f0dd74f812223b66f57fa48fd9c</hash>
        <hash alg="SHA3-256">c23af1733b972e958369a2e14372fd2b306d4f552d7ae5ff6b9dfad3c14611c6</hash>
        <hash alg="SHA3-512">c7f6357d32a3b9fd82dfbd162c3a6cbe4b4909ef530e956bcd18649b2d3624eb51c5a71fee54533a9786e87cf1ccdc693f563ef6e3c6fbff7beedbd1d670f9bb</hash>
      </hashes>
      <licenses>
        <license>
          <id>EPL-1.0</id>
        </license>
        <license>
          <name>GNU Lesser General Public License</name>
          <url>http://www.gnu.org/licenses/old-licenses/lgpl-2.1.html</url>
        </license>
      </licenses>
      <purl>pkg:maven/ch.qos.logback/logback-core@1.2.11?type=jar</purl>
      <externalReferences><reference type="website"><url>http://www.qos.ch</url></reference><reference type="distribution"><url>https://oss.sonatype.org/service/local/staging/deploy/maven2/</url></reference><reference type="vcs"><url>https://github.com/ceki/logback</url></reference></externalReferences>
    </component>
    <component type="library" bom-ref="pkg:maven/org.apache.logging.log4j/log4j-to-slf4j@2.17.2?type=jar">
      <publisher>The Apache Software Foundation</publisher>
      <group>org.apache.logging.log4j</group>
      <name>log4j-to-slf4j</name>
      <version>2.17.2</version>
      <description>The Apache Log4j binding between Log4j 2 API and SLF4J.</description>
      <hashes>
        <hash alg="MD5">14b27a4266c6d71c949cb4591ee463cc</hash>
        <hash alg="SHA-1">17dd0fae2747d9a28c67bc9534108823d2376b46</hash>
        <hash alg="SHA-256">9bcfa5273527b950d79739d11e8f8080cfc881908fa2a946b4e891c0293094de</hash>
        <hash alg="SHA-512">c90bbaacaabeed35f80be4d723b54234fd137413888870d6e1c1b16c067cbede57d637a18f0d25421a9c419fc55a9c388ce235077cfd6497178dfe67c5d398e8</hash>
        <hash alg="SHA-384">c8374c05542d5a04a831a66596fe31cf385a303643e724840a70508aaa98e4870234aa8a26ac1f4fab167fe45bf34e6f</hash>
        <hash alg="SHA3-384">25c843c30137e459b94476843d8312a49d75b40d80469b1943b44a6bd2fd51f6b6f71b23d4bc559f91ae0f28763c7b0b</hash>
        <hash alg="SHA3-256">d0e8a8996e79cc881a10a55b4887436a9458625007f03b071230d1c4e96b54b6</hash>
        <hash alg="SHA3-512">6d0ec7c51ea40dee55c3c9a60ec198fe7461fba1f6b30a88b866608e83f47fb1328754b8fe33f3993f8c1ececc89c9ea83cb8b266f36fd9c1b8095946d330e2f</hash>
      </hashes>
      <licenses>
        <license>
          <id>Apache-2.0</id>
        </license>
      </licenses>
      <purl>pkg:maven/org.apache.logging.log4j/log4j-to-slf4j@2.17.2?type=jar</purl>
      <externalReferences><reference type="build-system"><url>https://ci-builds.apache.org/job/Logging/job/log4j/</url></reference><reference type="distribution"><url>https://logging.apache.org/log4j/2.x/download.html</url></reference><reference type="issue-tracker"><url>https://issues.apache.org/jira/browse/LOG4J2</url></reference><reference type="mailing-list"><url>https://lists.apache.org/list.html?log4j-user@logging.apache.org</url></reference><reference type="vcs"><url>https://gitbox.apache.org/repos/asf?p=logging-log4j2.git</url></reference><reference type="website"><url>https://www.apache.org/</url></reference></externalReferences>
    </component>
    <component type="library" bom-ref="pkg:maven/org.apache.logging.log4j/log4j-api@2.17.2?type=jar">
      <publisher>The Apache Software Foundation</publisher>
      <group>org.apache.logging.log4j</group>
      <name>log4j-api</name>
      <version>2.17.2</version>
      <description>The Apache Log4j API</description>
      <hashes>
        <hash alg="MD5">0c39d90e7819c92c111e447bdf786a90</hash>
        <hash alg="SHA-1">f42d6afa111b4dec5d2aea0fe2197240749a4ea6</hash>
        <hash alg="SHA-256">09351b5a03828f369cdcff76f4ed39e6a6fc20f24f046935d0b28ef5152f8ce4</hash>
        <hash alg="SHA-512">8f986171ee6ca94ba8eacfc83b5b45bb87221c176076eb152715fcb4e1f351c4e9f88d56420fc02ee166ebe0b896fb52eda21355dec49302ab3e83a56b245d04</hash>
        <hash alg="SHA-384">e4ba0afbfd91ef295e6c1c1edfa7854e216a29705b5c4b520f803697ae6badf3630c5d55e56394954988fa88e62176b4</hash>
        <hash alg="SHA3-384">ef8ecf2f848bcb18790d79b1d4e0fac0582e94f226eb8c7039d7316bd9f4c472556a4052b4a93958eb1248c7a3756433</hash>
        <hash alg="SHA3-256">bdcccb79127c28c0f42374eeac65891e7c0d02f18e1469c705e946f74cfc89db</hash>
        <hash alg="SHA3-512">14a4d4f38dc5392f378e006994780d686095e1190d476fd18efcd4211bd4dcd64b699d79c5f4351c51f2d26a3ab98b4a49745df6dbd404e3bc981797a5b8c075</hash>
      </hashes>
      <licenses>
        <license>
          <id>Apache-2.0</id>
        </license>
      </licenses>
      <purl>pkg:maven/org.apache.logging.log4j/log4j-api@2.17.2?type=jar</purl>
      <externalReferences><reference type="build-system"><url>https://ci-builds.apache.org/job/Logging/job/log4j/</url></reference><reference type="distribution"><url>https://logging.apache.org/log4j/2.x/download.html</url></reference><reference type="issue-tracker"><url>https://issues.apache.org/jira/browse/LOG4J2</url></reference><reference type="mailing-list"><url>https://lists.apache.org/list.html?log4j-user@logging.apache.org</url></reference><reference type="vcs"><url>https://gitbox.apache.org/repos/asf?p=logging-log4j2.git</url></reference><reference type="website"><url>https://www.apache.org/</url></reference></externalReferences>
    </component>
    <component type="library" bom-ref="pkg:maven/org.slf4j/jul-to-slf4j@1.7.36?type=jar">
      <publisher>QOS.ch</publisher>
      <group>org.slf4j</group>
      <name>jul-to-slf4j</name>
      <version>1.7.36</version>
      <description>JUL to SLF4J bridge</description>
      <hashes>
        <hash alg="MD5">2a3fe73e6cafe8f102facaf2dd65353f</hash>
        <hash alg="SHA-1">ed46d81cef9c412a88caef405b58f93a678ff2ca</hash>
        <hash alg="SHA-256">9e641fb142c5f0b0623d6222c09ea87523a41bf6bed48ac79940724010b989de</hash>
        <hash alg="SHA-512">0bb1e7343d07d41bcfb0c1ffeb2db28cbb35e7a80a409b80042f463b082a292976f09d719e319471e31c7bab716121728a16509fd385fc6e3b400b1b214cffea</hash>
        <hash alg="SHA-384">50e2f326fc00537a5fb3726c7c55556851b3be8b4346f522f27ddecf2fdb44adabae3197b30ccfd854c37d6734adbd8f</hash>
        <hash alg="SHA3-384">4ad0c3870852ac44530a9dcb992d947cd8708ee6f422559da41aaaa8b22d1610fb116b32d2c54df83b110b85487083bf</hash>
        <hash alg="SHA3-256">8e3f5aaaa27f618b52e610376d2a16c6f9dc8dce5e6c2bbe42131a590626aae6</hash>
        <hash alg="SHA3-512">e3da265406b5e69f02235ed7272a48f71cb8b6f0a696820e28e90fb5eafeeb311abf2a4e779b402f384c6a80470fd41116ee52a526f57040fae3b24cb3b19c01</hash>
      </hashes>
      <licenses>
        <license>
          <id>MIT</id>
          <url>https://opensource.org/licenses/MIT</url>
        </license>
      </licenses>
      <purl>pkg:maven/org.slf4j/jul-to-slf4j@1.7.36?type=jar</purl>
      <externalReferences><reference type="website"><url>http://www.qos.ch</url></reference><reference type="distribution"><url>https://oss.sonatype.org/service/local/staging/deploy/maven2/</url></reference><reference type="vcs"><url>https://github.com/qos-ch/slf4j</url></reference></externalReferences>
    </component>
    <component type="library" bom-ref="pkg:maven/jakarta.annotation/jakarta.annotation-api@1.3.5?type=jar">
      <publisher>Eclipse Foundation</publisher>
      <group>jakarta.annotation</group>
      <name>jakarta.annotation-api</name>
      <version>1.3.5</version>
      <description>Jakarta Annotations API</description>
      <scope>required</scope>
      <hashes>
        <hash alg="MD5">8b165cf58df5f8c2a222f637c0a07c97</hash>
        <hash alg="SHA-1">59eb84ee0d616332ff44aba065f3888cf002cd2d</hash>
        <hash alg="SHA-256">85fb03fc054cdf4efca8efd9b6712bbb418e1ab98241c4539c8585bbc23e1b8a</hash>
        <hash alg="SHA-512">d1acff146c0f9ea923a9325ad4c22ba2052ec474341ab8392abab7e8abd3ca010db2400ff9b5849fc4f1fa5c0a18830eb104da07a13bd26b4f0a43d167935878</hash>
        <hash alg="SHA-384">004a4bde333c0575f72df1cb9cf95ee0c6c7f738a6f0f723a5ec545aaa1664abeb82f01627708a1377e3136754fb7859</hash>
        <hash alg="SHA3-384">abcc5b1fbad59b3e9b6d2d6195ec11d6254f689116c534a964724b61f815cca60ba3a2c1489933403f3f78dc54fd20a6</hash>
        <hash alg="SHA3-256">3d3ef16365e7a0357d82f874fa26b2b0a146cf7bf98a351c65ef1586444fa009</hash>
        <hash alg="SHA3-512">88625a8811be514851209291344df32478b527bc7838ddee58752269bf2457ae8f4e6b6a0d0b5c18522e287ba6df1def0cb19dee2b85e01ee21f0b48ac2630d3</hash>
      </hashes>
      <licenses>
        <license>
          <id>EPL-2.0</id>
        </license>
        <license>
          <id>GPL-2.0-with-classpath-exception</id>
        </license>
      </licenses>
      <purl>pkg:maven/jakarta.annotation/jakarta.annotation-api@1.3.5?type=jar</purl>
      <externalReferences><reference type="issue-tracker"><url>https://github.com/eclipse-ee4j/common-annotations-api/issues</url></reference><reference type="mailing-list"><url>https://dev.eclipse.org/mhonarc/lists/ca-dev</url></reference><reference type="vcs"><url>https://github.com/eclipse-ee4j/common-annotations-api</url></reference><reference type="website"><url>https://www.eclipse.org</url></reference></externalReferences>
    </component>
    <component type="library" bom-ref="pkg:maven/org.yaml/snakeyaml@1.30?type=jar">
      <group>org.yaml</group>
      <name>snakeyaml</name>
      <version>1.30</version>
      <description>YAML 1.1 parser and emitter for Java</description>
      <hashes>
        <hash alg="MD5">ba063b8ef3a8bfd591a1b56451166b14</hash>
        <hash alg="SHA-1">8fde7fe2586328ac3c68db92045e1c8759125000</hash>
        <hash alg="SHA-256">f43a4e40a946b8cdfd0321bc1c9a839bc3f119c57e4ca84fb87c367f51c8b2b3</hash>
        <hash alg="SHA-512">b00f52326cae804d0dbb48c0ed7f3a98cdebbce9b145f685c616e4049b65183a18e98ca29b7b0275971f9ece52138d0015bb9771902532084cb2cc07a264cfc6</hash>
        <hash alg="SHA-384">aa4f7b90b3a2a83274664f78ca54b523e26ea2f96750c336a8802a6f68fc0842e3e8d36ce4f7e277e7d959aba3bb3246</hash>
        <hash alg="SHA3-384">d3cd269127dca6042237f66cf3c3557f87f395d0286712e74da908d11ffb5d4ee7c4960e29e61db346a8376e515d59af</hash>
        <hash alg="SHA3-256">4a3c20ddae5c74b381476c491716e01f847e76e28fe82dc46819e9ef122c70fa</hash>
        <hash alg="SHA3-512">d1e848c74efd4dd2ba5d4878c0f9df6144926b1d413f44ba2881614cc557a18479eb74c8f1c3392375cc166c94acf2adb7f211f902a7e5acfd7b2966bec70f26</hash>
      </hashes>
      <licenses>
        <license>
          <id>Apache-2.0</id>
        </license>
      </licenses>
      <purl>pkg:maven/org.yaml/snakeyaml@1.30?type=jar</purl>
      <externalReferences><reference type="issue-tracker"><url>https://bitbucket.org/snakeyaml/snakeyaml/issues</url></reference><reference type="vcs"><url>https://bitbucket.org/snakeyaml/snakeyaml/src</url></reference></externalReferences>
    </component>
    <component type="library" bom-ref="pkg:maven/org.springframework.boot/spring-boot-starter-json@2.7.2?type=jar">
      <publisher>Pivotal Software, Inc.</publisher>
      <group>org.springframework.boot</group>
      <name>spring-boot-starter-json</name>
      <version>2.7.2</version>
      <description>Starter for reading and writing json</description>
      <hashes>
        <hash alg="MD5">95518fcaae6d7f88f5a10b47b29828fd</hash>
        <hash alg="SHA-1">d51c90fa1f01e7d411d15cb1c2c3eda2f92306c1</hash>
        <hash alg="SHA-256">8751fee4301e328462b8d13a88698a0986e3256782fcc18b71c68bba29fe7b46</hash>
        <hash alg="SHA-512">c9adcf524a9f1231deb8d477408b718c77f612e7d4ceb5b6162c66f20a1527fd8d667cbe283802307cbed335be9c53990f976b2323e151bfab45f062a65cc9ab</hash>
        <hash alg="SHA-384">984090efc4d84cdca76b7f5f5e2a8e68ea9a6fab8d0483788b21f79dc71db06d35501db36aaaf3e0b1410c7a03158076</hash>
        <hash alg="SHA3-384">94b061de872d0d860ac82f25490fae1a00edeafabe7a24ee7051c495f0e4fbf30bce5a47f2da986cd4ad677a8c6dc629</hash>
        <hash alg="SHA3-256">526f6065d7b8c53ec5335422012290ef5cad01ee26245f25f99309ddc2930fa5</hash>
        <hash alg="SHA3-512">af759842c5f79c45c3ce1adf0dba89263fe5bbb36720b4beafee93acfaecd1b2b40993746897491b44b05f40e4b3743bafe963aa45a4adf1b0862187a004e5d1</hash>
      </hashes>
      <licenses>
        <license>
          <id>Apache-2.0</id>
        </license>
      </licenses>
      <purl>pkg:maven/org.springframework.boot/spring-boot-starter-json@2.7.2?type=jar</purl>
      <externalReferences><reference type="website"><url>https://spring.io</url></reference><reference type="issue-tracker"><url>https://github.com/spring-projects/spring-boot/issues</url></reference><reference type="vcs"><url>https://github.com/spring-projects/spring-boot</url></reference></externalReferences>
    </component>
    <component type="library" bom-ref="pkg:maven/com.fasterxml.jackson.core/jackson-databind@2.13.3?type=jar">
      <publisher>FasterXML</publisher>
      <group>com.fasterxml.jackson.core</group>
      <name>jackson-databind</name>
      <version>2.13.3</version>
      <description>General data-binding functionality for Jackson: works on core streaming API</description>
      <hashes>
        <hash alg="MD5">e35e2adf33b2eed8e9f538a911244175</hash>
        <hash alg="SHA-1">56deb9ea2c93a7a556b3afbedd616d342963464e</hash>
        <hash alg="SHA-256">6444bf08d8cd4629740afc3db1276938f494728deb663ce585c4e91f6b45eb84</hash>
        <hash alg="SHA-512">dd6daeb7481bab4641adf71552774dd143039dc856aa6e3e5805c1964fecc69eb18a2fd8201e16ebebb92549edb7f10d1f9a50391ed9a120f867b675a6d4d4ff</hash>
        <hash alg="SHA-384">38a8c81bc7a37315428697ab761f4c12b409046247414532fc68e37bb2a70e0d0a50b555dd20a251c6f63a85dfe536bc</hash>
        <hash alg="SHA3-384">27936164e28773f942663edb22e1022bcf061ab1b4afcb45e6705b30a4e17cd668066edc094a8bd8bc44b82852313909</hash>
        <hash alg="SHA3-256">e3f1bca51b619ada05e6a4f88ff37d65625e9fb9e5a4b3c017834c6594c964bb</hash>
        <hash alg="SHA3-512">cc93eb45e2c1997db9b78b38db68f2648493c1ea79932ad076dfcbc5e5edfd8015798ff5d99a9f06f9e7dca745c53406b8954ec1ffc626a61ece429c30a06f47</hash>
      </hashes>
      <licenses>
        <license>
          <id>Apache-2.0</id>
        </license>
      </licenses>
      <purl>pkg:maven/com.fasterxml.jackson.core/jackson-databind@2.13.3?type=jar</purl>
      <externalReferences><reference type="vcs"><url>http://github.com/FasterXML/jackson-databind</url></reference><reference type="website"><url>http://fasterxml.com/</url></reference><reference type="distribution"><url>https://oss.sonatype.org/service/local/staging/deploy/maven2/</url></reference></externalReferences>
    </component>
    <component type="library" bom-ref="pkg:maven/com.fasterxml.jackson.core/jackson-annotations@2.13.3?type=jar">
      <publisher>FasterXML</publisher>
      <group>com.fasterxml.jackson.core</group>
      <name>jackson-annotations</name>
      <version>2.13.3</version>
      <description>Core annotations used for value types, used by Jackson data binding package.</description>
      <scope>required</scope>
      <hashes>
        <hash alg="MD5">3fb8ee542a62a113fa7474fe88bb97e8</hash>
        <hash alg="SHA-1">7198b3aac15285a49e218e08441c5f70af00fc51</hash>
        <hash alg="SHA-256">5326a6fbcde7cf8817f36c254101cd45f6acea4258518cd3c80ee5b89f4e4b9b</hash>
        <hash alg="SHA-512">7f89b142068879b5fd96e4cb947313b3b39c1dbead43480307360a212fdb5347046b14fbc9b94c480034a4826fdd2a821686ebd121d774d55795326eaa1c95fd</hash>
        <hash alg="SHA-384">245c29f5dff5e7677c7f614df69de1072dbb56717fe88890128dfd6479994bb9a81a9917d41a2831a9a96e6d12aa3bb1</hash>
        <hash alg="SHA3-384">14086ba58917fddf8b86e16db4a865d6550c3368e7c4ac11f14a29e60165c1a85cece76c03fa046ff6482af4c96618bb</hash>
        <hash alg="SHA3-256">69aa8638b7dee54ed7d676e90054977ffedc0e7e19acd82ae6a2ca28ed706b03</hash>
        <hash alg="SHA3-512">74121eb8b75529ebf01a8af81348efa889a9d13914620c95c23548a4dc42babac9f33556b0f668c66610f95db5854ced45fc5c0518147ec233af37213aa9c858</hash>
      </hashes>
      <licenses>
        <license>
          <id>Apache-2.0</id>
        </license>
      </licenses>
      <purl>pkg:maven/com.fasterxml.jackson.core/jackson-annotations@2.13.3?type=jar</purl>
      <externalReferences><reference type="vcs"><url>http://github.com/FasterXML/jackson-annotations</url></reference><reference type="website"><url>http://fasterxml.com/</url></reference><reference type="distribution"><url>https://oss.sonatype.org/service/local/staging/deploy/maven2/</url></reference></externalReferences>
    </component>
    <component type="library" bom-ref="pkg:maven/com.fasterxml.jackson.datatype/jackson-datatype-jdk8@2.13.3?type=jar">
      <publisher>FasterXML</publisher>
      <group>com.fasterxml.jackson.datatype</group>
      <name>jackson-datatype-jdk8</name>
      <version>2.13.3</version>
      <description>Add-on module for Jackson (http://jackson.codehaus.org) to support
JDK 8 data types.</description>
      <hashes>
        <hash alg="MD5">8dfa569e8efca9df24887bad202520fa</hash>
        <hash alg="SHA-1">d4884595d5aab5babdb00ddbd693b8fd36b5ec3c</hash>
        <hash alg="SHA-256">1ece4fa7591be315b38aa986ded0ebc8dafcabdc0260f7819e663543a401bfdb</hash>
        <hash alg="SHA-512">0d2a20ea9f30330e65feff7d9873faddeaec443d51b5b5689dcbd6abba6f0ce5b86ce7777b95899e33cc88529351043e414fe53aaf8a65081ef9adbb6b2ec2be</hash>
        <hash alg="SHA-384">3a42b22faf4c401ce4f7b29514a1655907a81b89b3fb60f0e4ab78c80c335baa5586b7e9bf25c3bf33af4eb002531875</hash>
        <hash alg="SHA3-384">1a9f005078c0eeaef0204e7dd98f77b1adb95006c8b21438453d203cc7765a89ca08a6633ffee652532d4d17b9f0d1cf</hash>
        <hash alg="SHA3-256">f4298649801a97fcb84538ed20096683945176a39675b5d78ec78354d198e42d</hash>
        <hash alg="SHA3-512">3b2d112645d3d1c2b74f3519754a9e672c18b3e729870891267c4c76c92d01814bbf04a89a29744fa5e712f9502375f12515660f833cf20b3e3e7f8e3ffc5ae6</hash>
      </hashes>
      <licenses>
        <license>
          <id>Apache-2.0</id>
        </license>
      </licenses>
      <purl>pkg:maven/com.fasterxml.jackson.datatype/jackson-datatype-jdk8@2.13.3?type=jar</purl>
      <externalReferences><reference type="issue-tracker"><url>https://github.com/FasterXML/jackson-modules-java8/issues</url></reference><reference type="vcs"><url>http://github.com/FasterXML/jackson-modules-java8</url></reference><reference type="website"><url>http://fasterxml.com/</url></reference><reference type="distribution"><url>https://oss.sonatype.org/service/local/staging/deploy/maven2/</url></reference></externalReferences>
    </component>
    <component type="library" bom-ref="pkg:maven/com.fasterxml.jackson.datatype/jackson-datatype-jsr310@2.13.3?type=jar">
      <publisher>FasterXML</publisher>
      <group>com.fasterxml.jackson.datatype</group>
      <name>jackson-datatype-jsr310</name>
      <version>2.13.3</version>
      <description>Add-on module to support JSR-310 (Java 8 Date &amp; Time API) data types.</description>
      <hashes>
        <hash alg="MD5">2b0c7790f2e820c5c9e4a9737097d256</hash>
        <hash alg="SHA-1">ad2f4c61aeb9e2a8bb5e4a3ed782cfddec52d972</hash>
        <hash alg="SHA-256">5a2489b4c08ed7a7f132b43789b604e9186695b17f04f3fbc935a62c415b34a3</hash>
        <hash alg="SHA-512">826e480799a2a6ee0fb7f34a29aea44adf24ff02fea1b3943d3761272c0f76ba52e12413905e3a903b0aa904718b09befc5c63543c604addbbaaac4eb15d16da</hash>
        <hash alg="SHA-384">7ab0a6de658dd40f98373f8859b3b36534593075b97e83ebde9f51e97df2cb97aeb633c7ccce6a41beba0918d97f81e9</hash>
        <hash alg="SHA3-384">2bb1b2a023e60263db0aeb47bfeabb54d71df66cd6eb4bf7ed6919d6fb33bc7d21d673b9f49cadbc4586e2caad36bfa4</hash>
        <hash alg="SHA3-256">2f3c426c2e4f120d54563e463a23ecdd550751e85282d78457fd23cb43beb87b</hash>
        <hash alg="SHA3-512">9b3f84921b04a3bd44257a31990dee3f00e887fbfeab1a8e8aae84629bf465d45ccbd869ba6b074bd6024b7f654d23079acefb2ff66d4ee321969574291a9f2c</hash>
      </hashes>
      <licenses>
        <license>
          <id>Apache-2.0</id>
        </license>
      </licenses>
      <purl>pkg:maven/com.fasterxml.jackson.datatype/jackson-datatype-jsr310@2.13.3?type=jar</purl>
      <externalReferences><reference type="issue-tracker"><url>https://github.com/FasterXML/jackson-modules-java8/issues</url></reference><reference type="vcs"><url>http://github.com/FasterXML/jackson-modules-java8</url></reference><reference type="website"><url>http://fasterxml.com/</url></reference><reference type="distribution"><url>https://oss.sonatype.org/service/local/staging/deploy/maven2/</url></reference></externalReferences>
    </component>
    <component type="library" bom-ref="pkg:maven/com.fasterxml.jackson.module/jackson-module-parameter-names@2.13.3?type=jar">
      <publisher>FasterXML</publisher>
      <group>com.fasterxml.jackson.module</group>
      <name>jackson-module-parameter-names</name>
      <version>2.13.3</version>
      <description>Add-on module for Jackson (http://jackson.codehaus.org) to support
introspection of method/constructor parameter names, without having to add explicit property name annotation.</description>
      <hashes>
        <hash alg="MD5">b6e20ffb82b7f26f19146f5cd5493738</hash>
        <hash alg="SHA-1">f71c4ecc1a403787c963f68bc619b78ce1d2687b</hash>
        <hash alg="SHA-256">6c4c82d16460f41982311efbdd6285a5c898beceacd8c913ef9e3a1ed1a1f4e0</hash>
        <hash alg="SHA-512">547bd36751c50a261ec2f7210caefab38cbfd042af3aedbe016de15863bb19bfa5590d0d213c7df362330e1ecf810b5e5840ddce04c3f53a0f081a01d5dad8c1</hash>
        <hash alg="SHA-384">5f873a0fc1bba649494e58e9d06f1889d17f9d3a1434ba74d436656d2194c255b2f599cf2eb2d8159a59adb2440b8677</hash>
        <hash alg="SHA3-384">c404fb31d92431be6e94a2361811df40cbccb3df5a347d86b165a938c9be926c54edd4fe02c45867fda1e14088c668ee</hash>
        <hash alg="SHA3-256">7e547be835120f96e6c413010c11142d026e0c7bb80a3ee203f2bd8738611d83</hash>
        <hash alg="SHA3-512">2248c1b110f9d87f7077f2435e87989bd67b620c872cebd2046f014274c023131132bbde0cd635ab53bfc295c0f35905aacfe8f1eaca3e22f947db489bd6f18f</hash>
      </hashes>
      <licenses>
        <license>
          <id>Apache-2.0</id>
        </license>
      </licenses>
      <purl>pkg:maven/com.fasterxml.jackson.module/jackson-module-parameter-names@2.13.3?type=jar</purl>
      <externalReferences><reference type="issue-tracker"><url>https://github.com/FasterXML/jackson-modules-java8/issues</url></reference><reference type="vcs"><url>http://github.com/FasterXML/jackson-modules-java8</url></reference><reference type="website"><url>http://fasterxml.com/</url></reference><reference type="distribution"><url>https://oss.sonatype.org/service/local/staging/deploy/maven2/</url></reference></externalReferences>
    </component>
    <component type="library" bom-ref="pkg:maven/org.springframework.boot/spring-boot-starter-tomcat@2.7.2?type=jar">
      <publisher>Pivotal Software, Inc.</publisher>
      <group>org.springframework.boot</group>
      <name>spring-boot-starter-tomcat</name>
      <version>2.7.2</version>
      <description>Starter for using Tomcat as the embedded servlet container. Default servlet container starter used by spring-boot-starter-web</description>
      <hashes>
        <hash alg="MD5">71968bd34b36b9b349728dc456193d4b</hash>
        <hash alg="SHA-1">1b10b4411aae8809aad46d3693001917468138f5</hash>
        <hash alg="SHA-256">32b0e0b812b2f5aacdb31fbd8be9f0e3b759458a7f38ffa7042903fbbe89a84f</hash>
        <hash alg="SHA-512">e5b0400a7ca4f68de1cad2440d441ac8ec3e35291e3de60b88653d8958598ccb3fba155ee77b48388f2caef9d7d9f17524f202d927ed7b120a8d6004d8048fe3</hash>
        <hash alg="SHA-384">2b83571251909645144cc1ff50a9f2d4bcfe75fcdcf2a9f2f70993181a15a780abbfe32314cfada203d9090937886c13</hash>
        <hash alg="SHA3-384">557f455bf4c4071c0d0d61a2f780503000e1a65d761440394e6702a6ee2fa2061f14c925efa50729b52de0641b4f8d8c</hash>
        <hash alg="SHA3-256">faa8904d6b0e1198b58efed2119f414fc1a396975240a4be5d36e26db7429125</hash>
        <hash alg="SHA3-512">074bdc97cc7bd3bd5fa0d4f65352d3e83fbee0073cd838d4195a36d71ea84ee3cc03b0dd7f707a77cecadd41530fbcfd89c4d652f4ce97457441e536e025e600</hash>
      </hashes>
      <licenses>
        <license>
          <id>Apache-2.0</id>
        </license>
      </licenses>
      <purl>pkg:maven/org.springframework.boot/spring-boot-starter-tomcat@2.7.2?type=jar</purl>
      <externalReferences><reference type="website"><url>https://spring.io</url></reference><reference type="issue-tracker"><url>https://github.com/spring-projects/spring-boot/issues</url></reference><reference type="vcs"><url>https://github.com/spring-projects/spring-boot</url></reference></externalReferences>
    </component>
    <component type="library" bom-ref="pkg:maven/org.apache.tomcat.embed/tomcat-embed-core@9.0.65?type=jar">
      <group>org.apache.tomcat.embed</group>
      <name>tomcat-embed-core</name>
      <version>9.0.65</version>
      <description>Core Tomcat implementation</description>
      <hashes>
        <hash alg="MD5">67ccecf5fc96bd4c2b20440da1597ee1</hash>
        <hash alg="SHA-1">a24c5f379b2ec343a167a83332b75c37f26b2ae7</hash>
        <hash alg="SHA-256">b4755695783b3ad01e8ba15a4391e626bdfdff567a01de2079f12bb3421b347d</hash>
        <hash alg="SHA-512">be9910109ec88e4154f1c9d28059a3d2e8ae10ff308f34cea56c660c4c45a6bb8a1b3cc299db9f09ac6874282969091fdabaab9da67ce0d1702c621ea01968b2</hash>
        <hash alg="SHA-384">cc234ac5fd05c2173b8b4ee7bb8ebe17d277f4ebb4da56fb7d9806e4d17bc722b4b580d062e395837a72ef8651ba8a6b</hash>
        <hash alg="SHA3-384">425e4a2aa7837488e221555a8934cf26f2e3e7a4cb916cb765e4d9868ac15663fe4d65867f05a170a5c0498c9cc43ef6</hash>
        <hash alg="SHA3-256">40b765d776b5918e001da3b94c5affa12e0d41f4d591e781b10f85bd679430d2</hash>
        <hash alg="SHA3-512">8271df9e531c678ae9da87dbf1bc16a9c6fc07ebc5595fee35a9826c4ad17f0323077317369db7f58756c5b5450e14dfa631afa54b323ab5eb60f5d0557d3b20</hash>
      </hashes>
      <licenses>
        <license>
          <id>Apache-2.0</id>
        </license>
      </licenses>
      <purl>pkg:maven/org.apache.tomcat.embed/tomcat-embed-core@9.0.65?type=jar</purl>
    </component>
    <component type="library" bom-ref="pkg:maven/org.apache.tomcat.embed/tomcat-embed-el@9.0.65?type=jar">
      <group>org.apache.tomcat.embed</group>
      <name>tomcat-embed-el</name>
      <version>9.0.65</version>
      <description>Core Tomcat implementation</description>
      <hashes>
        <hash alg="MD5">6510b8b32f9226e27d75aaddd802eee5</hash>
        <hash alg="SHA-1">d278157387e59a5f9b48091dcada22b7c74aed00</hash>
        <hash alg="SHA-256">b90a1a2a257103e54f39195ced80fa70d7ffe45813e1e226e0242c29c7c82879</hash>
        <hash alg="SHA-512">bff34ae27291027cde7ff95e769e806f6748655a9e617cba64453d0e9b04e6b49c0abb87fcfb68116bead7c4598ac717a43fa024b0d62721a8c48caa88e37031</hash>
        <hash alg="SHA-384">d66d61d3d0b64f0d5e2e187771cef478becd0b4a85fdbed6a2780b95031b7291aea8060cf6076447049a51d93b9de685</hash>
        <hash alg="SHA3-384">574d80c56e436dbe078fe3ac614709ddef827e91809e775045232bea4e26155968cf13a73b018a3929646d969494c531</hash>
        <hash alg="SHA3-256">32e2cdbe6ebb6499efac3747dbf4dfdc010f12f8477e0ebd44b0f1c141e21fc9</hash>
        <hash alg="SHA3-512">585a4aadf5ac27fb438801c9ca83cdc1860ed102eabddfdaea0913c8f25a4c50d1d86fa1e95242c2010d468deb1ee899b6a2b718ec4cf44a5e90b8de640a8937</hash>
      </hashes>
      <licenses>
        <license>
          <id>Apache-2.0</id>
        </license>
      </licenses>
      <purl>pkg:maven/org.apache.tomcat.embed/tomcat-embed-el@9.0.65?type=jar</purl>
    </component>
    <component type="library" bom-ref="pkg:maven/org.apache.tomcat.embed/tomcat-embed-websocket@9.0.65?type=jar">
      <group>org.apache.tomcat.embed</group>
      <name>tomcat-embed-websocket</name>
      <version>9.0.65</version>
      <description>Core Tomcat implementation</description>
      <hashes>
        <hash alg="MD5">0e951a3fecce7dfdb63ea0793f2f5b32</hash>
        <hash alg="SHA-1">bd70dfeb39cc83c6934be24fa377b21e541dbe76</hash>
        <hash alg="SHA-256">a5c71902c4d26153f1256491362dc94e6598e70e3ba06f19ee02b1dfcd392470</hash>
        <hash alg="SHA-512">f6c5d3f28b1d6d9b9ac7937e61ecbdb12ee779614fa049b8659786331677c5767d8ced9d93b1659a88ac00790c6297e029fd73e3aa96fb5e6c95cbde23de5e26</hash>
        <hash alg="SHA-384">f2514fb2b7c335ee1134bbc506670be729428d0bd241507fa0d665613f52a65186abe9b7e9c91b517627d34ab7abc365</hash>
        <hash alg="SHA3-384">24427747f5453252838938bc4a9c7ad6547079f62d5d6f42bb69fc8b72f42caae68489785e169276072561d6e48a8bdf</hash>
        <hash alg="SHA3-256">459da6d372e1d9f8ca4e9cf33bc6ca1f6cdc95c6d1171fb0838e0b8a4e2df2ab</hash>
        <hash alg="SHA3-512">55b18bfe221ba157635eb43bb25f129faa32ba98886d384a9e208aff15a8e124013050cd7ad6d4d1dbc3a79ed6716404d7e483ad7bdeb8dab898eef612ff4b46</hash>
      </hashes>
      <licenses>
        <license>
          <id>Apache-2.0</id>
        </license>
      </licenses>
      <purl>pkg:maven/org.apache.tomcat.embed/tomcat-embed-websocket@9.0.65?type=jar</purl>
    </component>
    <component type="library" bom-ref="pkg:maven/org.springframework/spring-web@5.3.22?type=jar">
      <publisher>Spring IO</publisher>
      <group>org.springframework</group>
      <name>spring-web</name>
      <version>5.3.22</version>
      <description>Spring Web</description>
      <scope>required</scope>
      <hashes>
        <hash alg="MD5">6096e895ba3cd63edbf3aa2ee21b84a9</hash>
        <hash alg="SHA-1">fdab9b8d8df2e6a8fb90f2481c361bcf2c129567</hash>
        <hash alg="SHA-256">d201925a5f619a5f51107ed07043a847c645773165c954bc34fa5983fa043f1f</hash>
        <hash alg="SHA-512">c56a00c97d3b5c432cea48d3e794eb0d3999d6c6439d70b13365db623c41c7ab9ce065bb58388bd38572a6ba54bbf357793e520de0a07dcb42967e4e167e5b4c</hash>
        <hash alg="SHA-384">d47ed3e83dea9006de8940cae1b440597a7cd869532e057f19e75e4bdca5653f10b9de0213665bdeb6286cac64a7c852</hash>
        <hash alg="SHA3-384">ed323b4a5de35d92ed413d86a4eded4f133dbff4da548e2e34e98f6abd56c53141887c50ed024c0f45b5e48d7937621a</hash>
        <hash alg="SHA3-256">1b45711721eec8e6a3ba4b208652837db29ffa95eca667b94c9e07a48694607c</hash>
        <hash alg="SHA3-512">f25311622862d97104aa8839d369bdf9066890e514412ea03865674559a4e1081a652606c786d44a4cd4645d5fba4022d3f10afdddc4607164cfd579165c303a</hash>
      </hashes>
      <licenses>
        <license>
          <id>Apache-2.0</id>
        </license>
      </licenses>
      <purl>pkg:maven/org.springframework/spring-web@5.3.22?type=jar</purl>
      <externalReferences><reference type="website"><url>https://spring.io/projects/spring-framework</url></reference><reference type="issue-tracker"><url>https://github.com/spring-projects/spring-framework/issues</url></reference><reference type="vcs"><url>https://github.com/spring-projects/spring-framework</url></reference></externalReferences>
    </component>
    <component type="library" bom-ref="pkg:maven/org.springframework/spring-beans@5.3.22?type=jar">
      <publisher>Spring IO</publisher>
      <group>org.springframework</group>
      <name>spring-beans</name>
      <version>5.3.22</version>
      <description>Spring Beans</description>
      <scope>required</scope>
      <hashes>
        <hash alg="MD5">254c6d03b5b6164328329a188267291f</hash>
        <hash alg="SHA-1">866c2022b5fef05b1702f4a07cfa5598660ce08a</hash>
        <hash alg="SHA-256">4adff173a6f68ffc5a5333c8c8a37d10740b0cc124f9aafaed88a3a8ca431ca4</hash>
        <hash alg="SHA-512">c7ae00ed34ac16fe8ae27c055896b9c2bd24ad61a08d49d25830efcb09bc5057b77bf21481ceebe63ee6f2fb70e067ea4fa4f5c926d1c1ecd396ff67a9bad14e</hash>
        <hash alg="SHA-384">df7ed3d3e9c43ab019937b0a82f25f69cd48fbfc00cce90f41ef35c2a54aa0a68acfd891fb341b67ceba6d12c265abc1</hash>
        <hash alg="SHA3-384">e1927bdf3720a6dd80996b09560de44fadefdef40d066c671ac544f20e3b80bbeb25984ebda4fb4184771f1e84a39ff9</hash>
        <hash alg="SHA3-256">e3b45a00cae7db372ea1895d1c8d69a7d972e6864d005ab599b7147e86652f6e</hash>
        <hash alg="SHA3-512">0006ac720888aeef001f8ec6f4034e6143c80517f00bfba4106f802edaed815ec75e27a5c0138b50f992e7c1437496f66b002507f15fef9e1e504ee6c8ec9a27</hash>
      </hashes>
      <licenses>
        <license>
          <id>Apache-2.0</id>
        </license>
      </licenses>
      <purl>pkg:maven/org.springframework/spring-beans@5.3.22?type=jar</purl>
      <externalReferences><reference type="website"><url>https://spring.io/projects/spring-framework</url></reference><reference type="issue-tracker"><url>https://github.com/spring-projects/spring-framework/issues</url></reference><reference type="vcs"><url>https://github.com/spring-projects/spring-framework</url></reference></externalReferences>
    </component>
    <component type="library" bom-ref="pkg:maven/org.springframework/spring-webmvc@5.3.22?type=jar">
      <publisher>Spring IO</publisher>
      <group>org.springframework</group>
      <name>spring-webmvc</name>
      <version>5.3.22</version>
      <description>Spring Web MVC</description>
      <hashes>
        <hash alg="MD5">511ed52d5c8ffeedd6529bebcf9d86e8</hash>
        <hash alg="SHA-1">519d86b7ac9b8b6bb54739eb4eb73dc13a263b28</hash>
        <hash alg="SHA-256">243192abc127cd3544a7077c61575dd61b2fcd86a77a63c63cf119fc562fd961</hash>
        <hash alg="SHA-512">3a3c4b0a5a01bad22bca5dc5239c01b0c39e9469600ffee268b28cdebe8d330f2c9d9f493914dffb66ef1802d88e71c3b4a1073315e899c3e37f267c1f265eb0</hash>
        <hash alg="SHA-384">c8baa3430c45ccd16463b88f3062fb55a5fa9afdf26b1b4bdabb719ff928ed8150fac86e7cd06e98c37a353c2d4fcdf2</hash>
        <hash alg="SHA3-384">58d19fef8d4597347b4fabd55bdb26cc8194bc4257f455546039d4f6bda0ae37b6acace7fb2b9f4ba2b38d279ed6e2e3</hash>
        <hash alg="SHA3-256">caa43082d30e2d69dd549f72851ed7509ef8e1453ab48ba4702c095b137714d5</hash>
        <hash alg="SHA3-512">b50f1a99318c786aa63bd0be6c51cefdac57cb3b42768f96d811c7b426915c6bb6d51f0c590b4742d2b915abd972210f05dc5be10536b89f094e543f3b898caa</hash>
      </hashes>
      <licenses>
        <license>
          <id>Apache-2.0</id>
        </license>
      </licenses>
      <purl>pkg:maven/org.springframework/spring-webmvc@5.3.22?type=jar</purl>
      <externalReferences><reference type="website"><url>https://spring.io/projects/spring-framework</url></reference><reference type="issue-tracker"><url>https://github.com/spring-projects/spring-framework/issues</url></reference><reference type="vcs"><url>https://github.com/spring-projects/spring-framework</url></reference></externalReferences>
    </component>
    <component type="library" bom-ref="pkg:maven/org.springframework/spring-aop@5.3.22?type=jar">
      <publisher>Spring IO</publisher>
      <group>org.springframework</group>
      <name>spring-aop</name>
      <version>5.3.22</version>
      <description>Spring AOP</description>
      <hashes>
        <hash alg="MD5">8f59cdaf80f1836a9631b3e3c8513cb4</hash>
        <hash alg="SHA-1">2f9f00efbff8432f145ccffeb93e6a1819bac362</hash>
        <hash alg="SHA-256">52c0efeaa4528e30b805bbd3d908281d8488e487cd2a45d8e4d7b591e6b08e77</hash>
        <hash alg="SHA-512">5e7be423124c37351400833fe713c0ed483815f0b52f25f2cb9bf8980214bdbb9fb982680d26f0ec0b5fc2562636d7bcb61fd537f00533469f48d942d827d9f5</hash>
        <hash alg="SHA-384">b43083391588b48f9b63acbb9a89a45f0a0aec3d18e37cbb299093adc73228f15290c90948930a0d62ea42030ebc102f</hash>
        <hash alg="SHA3-384">fff1ebcca8aab16ee4247548e54aa7de962af72ea2e93878adf5cada697eca79597dfcff847c881c15d6a76514d97d92</hash>
        <hash alg="SHA3-256">11f31d85aee8939a9f877cee143914d5f0e6e8e7644e16334bac6ece4eb5481c</hash>
        <hash alg="SHA3-512">e0132069cd4a02fab061f100ddad98b8a3c0bc7be87d3c970d39a4bdbdbaf74e93ad8091b4fa8fbfa6d4165e9b2f4f2738c8a5a470870cb2e9fed079d913159c</hash>
      </hashes>
      <licenses>
        <license>
          <id>Apache-2.0</id>
        </license>
      </licenses>
      <purl>pkg:maven/org.springframework/spring-aop@5.3.22?type=jar</purl>
      <externalReferences><reference type="website"><url>https://spring.io/projects/spring-framework</url></reference><reference type="issue-tracker"><url>https://github.com/spring-projects/spring-framework/issues</url></reference><reference type="vcs"><url>https://github.com/spring-projects/spring-framework</url></reference></externalReferences>
    </component>
    <component type="library" bom-ref="pkg:maven/org.springframework/spring-expression@5.3.22?type=jar">
      <publisher>Spring IO</publisher>
      <group>org.springframework</group>
      <name>spring-expression</name>
      <version>5.3.22</version>
      <description>Spring Expression Language (SpEL)</description>
      <hashes>
        <hash alg="MD5">1648040f13200e725ec6393c6ffa1f9c</hash>
        <hash alg="SHA-1">c056f9e9994b18c95deead695f9471952d1f21d1</hash>
        <hash alg="SHA-256">c4088592b55c8c29888a3fefdd1e0ba8192b4216c3be963ed66a5c6b82b53428</hash>
        <hash alg="SHA-512">7e1502884e9343ac70b6cdb678454444f5ecf33d80715f90da1e5cd196f5bac5d5603c671bb9479986e36185782fb5e7b1bcb983a3e8939f1e57122e8891134f</hash>
        <hash alg="SHA-384">ecf120bc08b15c99c836a3bffd75c29f1ea913fc8334d7344814c308a61d04eb304be6c5321cb7ba684c6b3adc804cb0</hash>
        <hash alg="SHA3-384">653e49cfba9dc9497c542cdc4dc2d10cae10f4b3f89dfa2e08c64eff1e15e66ecc7ec208ecc4c41bf77b95d3d784487c</hash>
        <hash alg="SHA3-256">ac0b0e4ef5525c4c61556f8dae2956210fcec8e3bd104bcef30716ce5efcde8f</hash>
        <hash alg="SHA3-512">023830cabbacdf063ce2c2e4f67ef7f932ba5e147fb50d81720482729731530082e4c699a4fb001c9d8c53c69e74a61102460865dbbbe6211b2665f05c97afd5</hash>
      </hashes>
      <licenses>
        <license>
          <id>Apache-2.0</id>
        </license>
      </licenses>
      <purl>pkg:maven/org.springframework/spring-expression@5.3.22?type=jar</purl>
      <externalReferences><reference type="website"><url>https://spring.io/projects/spring-framework</url></reference><reference type="issue-tracker"><url>https://github.com/spring-projects/spring-framework/issues</url></reference><reference type="vcs"><url>https://github.com/spring-projects/spring-framework</url></reference></externalReferences>
    </component>
    <component type="library" bom-ref="pkg:maven/org.springframework.boot/spring-boot-starter-data-jpa@2.7.2?type=jar">
      <publisher>Pivotal Software, Inc.</publisher>
      <group>org.springframework.boot</group>
      <name>spring-boot-starter-data-jpa</name>
      <version>2.7.2</version>
      <description>Starter for using Spring Data JPA with Hibernate</description>
      <scope>optional</scope>
      <hashes>
        <hash alg="MD5">deb2f1b1f5edb6dc925408a0969d93ce</hash>
        <hash alg="SHA-1">11ac3a239c4644dc8e338fafff1fb66557abcf2f</hash>
        <hash alg="SHA-256">dc251f14266535ea60d04dffd2580361ff48f0a2150ff35977a30eae2917f1a9</hash>
        <hash alg="SHA-512">b181fabaf13e65cc087255dd61a79287047752fc72648a4904ff8376ae0639d90f4398fe9d55ff59d8b1546d7c56cc07eca1f59b5208efaa468584b80240fa3e</hash>
        <hash alg="SHA-384">b6a2c18d4701d2b81abc25b0d88226a779582eccfb87d394afef00e545db05fe3f8e6ef235f079886da5f0556db5ed2c</hash>
        <hash alg="SHA3-384">59fac273b9322431b1bf63260ec90479731ffabfcf966552467818c37a8673bfc32967ac868dfab65747349e19a36dd1</hash>
        <hash alg="SHA3-256">a647ae0e78f118fab65b83bb4336903b5851a5e3532e4be0eb41379dd6ef111d</hash>
        <hash alg="SHA3-512">2537e6f9111d67eb69e849c9ec3dbc624525ab74cabfb8f1dcdd6cc339a2ac01331c918a17eb83179245e6d28b3de3c94c20bae1446375dad3093ad2b47f96f0</hash>
      </hashes>
      <licenses>
        <license>
          <id>Apache-2.0</id>
        </license>
      </licenses>
      <purl>pkg:maven/org.springframework.boot/spring-boot-starter-data-jpa@2.7.2?type=jar</purl>
      <externalReferences><reference type="website"><url>https://spring.io</url></reference><reference type="issue-tracker"><url>https://github.com/spring-projects/spring-boot/issues</url></reference><reference type="vcs"><url>https://github.com/spring-projects/spring-boot</url></reference></externalReferences>
    </component>
    <component type="library" bom-ref="pkg:maven/org.springframework.boot/spring-boot-starter-aop@2.7.2?type=jar">
      <publisher>Pivotal Software, Inc.</publisher>
      <group>org.springframework.boot</group>
      <name>spring-boot-starter-aop</name>
      <version>2.7.2</version>
      <description>Starter for aspect-oriented programming with Spring AOP and AspectJ</description>
      <hashes>
        <hash alg="MD5">4da9e77ec4fcbbae3fe56923d0532f76</hash>
        <hash alg="SHA-1">85ab2c70e97c11148f986ca4c901b678053cc39d</hash>
        <hash alg="SHA-256">d256cb8f88aca2fdf75683bd9b3d7fa0b0d1e9a34fae0aceaf627628865e254c</hash>
        <hash alg="SHA-512">2576713274a7e7e76e46f32ebe67c3d07038de25b7ee2c014197d2d41f6e6aa917ac73a11e13eef9c5e8af1262c1537fd1f943d1d4ac60a47c4102827f9d15ae</hash>
        <hash alg="SHA-384">399e40e644697dc5ed8fedeb9e643368e6b30e42ad76a8430161b72451229a4082c7a2aaf3e7156de0c6061ef9141454</hash>
        <hash alg="SHA3-384">24dad16073561b0785c211ce2ac6eb09fd8e600ad6c79adba0e92b423a116f4d396119cee9d96499914294f6097cabd0</hash>
        <hash alg="SHA3-256">355071d0e744f9db17006dd491706945f33bc712e0c33a9e7d334c1d515910cb</hash>
        <hash alg="SHA3-512">538c27a35f8ac9e6f63e3259ec3efa4b55d2f67cabc1c944bb1fb1fd85f1b4a986a04a1c2298117c9c7d0b1f25901278a5d121febeb5eaad7ea0474b0bc5e49d</hash>
      </hashes>
      <licenses>
        <license>
          <id>Apache-2.0</id>
        </license>
      </licenses>
      <purl>pkg:maven/org.springframework.boot/spring-boot-starter-aop@2.7.2?type=jar</purl>
      <externalReferences><reference type="website"><url>https://spring.io</url></reference><reference type="issue-tracker"><url>https://github.com/spring-projects/spring-boot/issues</url></reference><reference type="vcs"><url>https://github.com/spring-projects/spring-boot</url></reference></externalReferences>
    </component>
    <component type="library" bom-ref="pkg:maven/org.aspectj/aspectjweaver@1.9.7?type=jar">
      <group>org.aspectj</group>
      <name>aspectjweaver</name>
      <version>1.9.7</version>
      <description>The AspectJ weaver applies aspects to Java classes. It can be used as a Java agent in order to apply load-time
		weaving (LTW) during class-loading and also contains the AspectJ runtime classes.</description>
      <hashes>
        <hash alg="MD5">a4d97c5a2f94b8b5d132761a769e5eeb</hash>
        <hash alg="SHA-1">158f5c255cd3e4408e795b79f7c3fbae9b53b7ca</hash>
        <hash alg="SHA-256">1b448d82bd0f8a8c1842506e6c7edb95ff1a1275ce39f766e7884122b866fe5d</hash>
        <hash alg="SHA-512">490fcf238486848e27cbed45fd437613193c9e89748a0818fb532aed5c213aab2624d148ed9fd58080c6934da5f7ec12c64e40b64bb46d16e361eb404393c5ba</hash>
        <hash alg="SHA-384">4d3b13d7e7ab437410226974ad3acebc8c663b21d9ccad6d70b5adede33bc4033858e8b303c7263a8e17c073c354b87b</hash>
        <hash alg="SHA3-384">0d56981fa691d1d79f39aa65dc091def5fb106f65d5d1b0836a7279b95195961c5a49f07979cda49e35768276a30477d</hash>
        <hash alg="SHA3-256">e10b7535b50a0017f062b7eb71f1f1b301beadfe474d050f7100996797a8640c</hash>
        <hash alg="SHA3-512">a77467b7b04410e7eb33214e84b4061f3e7112eb4c29a2c826691bdc0af6136c7a78789ae685273e9e69cfb40e674b64ecb31d1e516a8b5d79afefb13f57ffa1</hash>
      </hashes>
      <licenses>
        <license>
          <id>EPL-2.0</id>
        </license>
      </licenses>
      <purl>pkg:maven/org.aspectj/aspectjweaver@1.9.7?type=jar</purl>
      <externalReferences><reference type="distribution"><url>https://oss.sonatype.org/service/local/staging/deploy/maven2/</url></reference><reference type="vcs"><url>https://github.com/eclipse/org.aspectj</url></reference></externalReferences>
    </component>
    <component type="library" bom-ref="pkg:maven/org.springframework.boot/spring-boot-starter-jdbc@2.7.2?type=jar">
      <publisher>Pivotal Software, Inc.</publisher>
      <group>org.springframework.boot</group>
      <name>spring-boot-starter-jdbc</name>
      <version>2.7.2</version>
      <description>Starter for using JDBC with the HikariCP connection pool</description>
      <hashes>
        <hash alg="MD5">758a2dd333cef564cafec4d76881f654</hash>
        <hash alg="SHA-1">d99e25fca0a37d6d88bd7561643284bc97555099</hash>
        <hash alg="SHA-256">ab2049eace7ea67d9c1f9e901348cf9ba6f09f687b2cbbba6d25f02d5f47b563</hash>
        <hash alg="SHA-512">fd52ec51b28f80c4412090d74e9fa166bdfee4fa44fcf592398f3eccc8c3a8c0b45ae02de215b0992cc44e6f925e0394ec3bed76920312745ec59807c6b5c91b</hash>
        <hash alg="SHA-384">35a7c1635e07a7c977533a390354f26e7ff28facccd7eee7b36ef282a96e8525b1237a33c4e49b031759283b17c4aa0d</hash>
        <hash alg="SHA3-384">a381871b8ef98cd787ce097d7cac1c3d3291118e2c8f7759ebabbe2336c690a15d7adc80cdcab80136f8f6a3f0ae24b7</hash>
        <hash alg="SHA3-256">8f41a6691987f400f431afb3504a48e258023d87b4e504c30c318d8c7e4b6ecf</hash>
        <hash alg="SHA3-512">73a43d18ff0b84b29b25e6d30cd345079e410547fc9b3821919c374394c6e696480a348b59a4694d881311f30ff45533b2afb6faa4f207faf2517e98b6fa4eac</hash>
      </hashes>
      <licenses>
        <license>
          <id>Apache-2.0</id>
        </license>
      </licenses>
      <purl>pkg:maven/org.springframework.boot/spring-boot-starter-jdbc@2.7.2?type=jar</purl>
      <externalReferences><reference type="website"><url>https://spring.io</url></reference><reference type="issue-tracker"><url>https://github.com/spring-projects/spring-boot/issues</url></reference><reference type="vcs"><url>https://github.com/spring-projects/spring-boot</url></reference></externalReferences>
    </component>
    <component type="library" bom-ref="pkg:maven/com.zaxxer/HikariCP@4.0.3?type=jar">
      <publisher>Zaxxer.com</publisher>
      <group>com.zaxxer</group>
      <name>HikariCP</name>
      <version>4.0.3</version>
      <description>Ultimate JDBC Connection Pool</description>
      <hashes>
        <hash alg="MD5">e725642926105cd1bbf4ad7fdff5d5a9</hash>
        <hash alg="SHA-1">107cbdf0db6780a065f895ae9d8fbf3bb0e1c21f</hash>
        <hash alg="SHA-256">7c024aeff1c1063576d74453513f9de6447d8e624d17f8e27f30a2e97688c6c9</hash>
        <hash alg="SHA-512">34a9ee96c51ae070634cd0b642cad3c4c54b9d2ab7f1714f59dad805512ae27c9c69b8be83da473689f55474c4e2874c93e727f9f31d3bfc9b80ec37aeb68898</hash>
        <hash alg="SHA-384">9c49efde42b89a8cd2b119d666076bc9d532c4a835c640b77d8a5858d3325f9ba99f8cd19cd21b9df4f386d1c21855ae</hash>
        <hash alg="SHA3-384">ccea43e68e6dcf0426c271640abf132575a9e28b439ac968b5608e3d04d7ec80dd948d33c474e31fb18bab9b80959c2b</hash>
        <hash alg="SHA3-256">163e0d75894a0a4c2d36f4a992449e2dfd71bf495f5789813cd333ad1b571fc5</hash>
        <hash alg="SHA3-512">bc20907f677b6fceaf8f81361d5a7e0099799561af550a2a49dfed531a3b8ee29f35ecc2c4419cd8eef9e25a147a2cf88cfb7ffc9218b8b35b0e0524caf56d8d</hash>
      </hashes>
      <licenses>
        <license>
          <id>Apache-2.0</id>
        </license>
      </licenses>
      <purl>pkg:maven/com.zaxxer/HikariCP@4.0.3?type=jar</purl>
      <externalReferences><reference type="website"><url>https://github.com/brettwooldridge</url></reference><reference type="distribution"><url>https://oss.sonatype.org/service/local/staging/deploy/maven2/</url></reference><reference type="vcs"><url>http://svn.sonatype.org/spice/trunk/oss/oss-parent-9</url></reference></externalReferences>
    </component>
    <component type="library" bom-ref="pkg:maven/org.springframework/spring-jdbc@5.3.22?type=jar">
      <publisher>Spring IO</publisher>
      <group>org.springframework</group>
      <name>spring-jdbc</name>
      <version>5.3.22</version>
      <description>Spring JDBC</description>
      <hashes>
        <hash alg="MD5">929ad2882685e0d809e59a0aa194a3a5</hash>
        <hash alg="SHA-1">d50fc708ef9bade1d3fb64d529b8ff8cd5b625ba</hash>
        <hash alg="SHA-256">a7fc8bf8bdc74dc5bffd9898844409afde38a88421ff45123f2147be1c2c7099</hash>
        <hash alg="SHA-512">d1cd08794f203dc6689ee934b93bbadcebc2bf1defbde53b612618124e892620ad1aa1efc514b50770e69d03937ca25d61d0d294207ac31fe65774bf343ab669</hash>
        <hash alg="SHA-384">743d9b61a991c86c0c86fd5cef0e84c37487c20b7dd07b2c329548d103858c74131efb3d72591ea20cd00c759b6b3094</hash>
        <hash alg="SHA3-384">a1bdda275b42099583ba071f705d08db625ad597cd1e715483af7ec8575fa8d1061cdca0a243b8b42aad3330deacd7b6</hash>
        <hash alg="SHA3-256">b64a2211cc71eefa26dc504e715de50910b14f98f1c9420a938cb5dced7f7347</hash>
        <hash alg="SHA3-512">8aaa08e47e02e0caca26bd036c2a0f51b75fe05e06ad9a9c5d41df65626ecbfaf68e40b5cd01abd3593ad3f9326e1ec3bb5eeb6f820e3af9e97e4b5aed367f5a</hash>
      </hashes>
      <licenses>
        <license>
          <id>Apache-2.0</id>
        </license>
      </licenses>
      <purl>pkg:maven/org.springframework/spring-jdbc@5.3.22?type=jar</purl>
      <externalReferences><reference type="website"><url>https://spring.io/projects/spring-framework</url></reference><reference type="issue-tracker"><url>https://github.com/spring-projects/spring-framework/issues</url></reference><reference type="vcs"><url>https://github.com/spring-projects/spring-framework</url></reference></externalReferences>
    </component>
    <component type="library" bom-ref="pkg:maven/jakarta.transaction/jakarta.transaction-api@1.3.3?type=jar">
      <publisher>EE4J Community</publisher>
      <group>jakarta.transaction</group>
      <name>jakarta.transaction-api</name>
      <version>1.3.3</version>
      <description>Jakarta Transactions</description>
      <hashes>
        <hash alg="MD5">cc45726045cc9a0728f803f9db4c90c4</hash>
        <hash alg="SHA-1">c4179d48720a1e87202115fbed6089bdc4195405</hash>
        <hash alg="SHA-256">0b02a194dd04ee2e192dc9da9579e10955dd6e8ac707adfc91d92f119b0e67ab</hash>
        <hash alg="SHA-512">764ade8ba807682dcd1ec7382c35275f3d8ab09a03d5b45c48e732501190e2738269080aaf28aa8dd656c11ee84bfb7dae6953dd2768f2acecd3a8cf0ca4961e</hash>
        <hash alg="SHA-384">63adeb3c5eb24ad0147377436b6e3208d5e97c0e800e0e1e4cb3ba92699f1b06034c2ba00e3689aa8f909ee96c432db0</hash>
        <hash alg="SHA3-384">dd0a253f45dac003d40ebeed7f38b0850ff4b08941d55db5b3bbf4c936f94062d23799729ff718c54a565de2482bfd3d</hash>
        <hash alg="SHA3-256">d47afbaf1daba46c7aa107bf1b476857523738370309394958f96a2105686684</hash>
        <hash alg="SHA3-512">1b744b2d939a8d0a2bbd0be29c717af4a5e2374ca26fbb95a16df03aa55d2aa092e9314f20d5b080f02030ae1b70e4904ef0f8e1509680b9001153cdb7bc1934</hash>
      </hashes>
      <licenses>
        <license>
          <id>EPL-2.0</id>
        </license>
        <license>
          <id>GPL-2.0-with-classpath-exception</id>
        </license>
      </licenses>
      <purl>pkg:maven/jakarta.transaction/jakarta.transaction-api@1.3.3?type=jar</purl>
      <externalReferences><reference type="website"><url>https://github.com/eclipse-ee4j</url></reference><reference type="issue-tracker"><url>https://github.com/eclipse-ee4j/jta-api/issues</url></reference><reference type="mailing-list"><url>https://dev.eclipse.org/mhonarc/lists/jta-dev/</url></reference><reference type="vcs"><url>https://github.com/eclipse-ee4j/jta-api</url></reference></externalReferences>
    </component>
    <component type="library" bom-ref="pkg:maven/jakarta.persistence/jakarta.persistence-api@2.2.3?type=jar">
      <publisher>Eclipse Foundation</publisher>
      <group>jakarta.persistence</group>
      <name>jakarta.persistence-api</name>
      <version>2.2.3</version>
      <description>Eclipse Enterprise for Java (EE4J) is an open source initiative to create standard APIs,
        implementations of those APIs, and technology compatibility kits for Java runtimes
        that enable development, deployment, and management of server-side and cloud-native applications.</description>
      <scope>required</scope>
      <hashes>
        <hash alg="MD5">e0a655f398f8e68e0afebb0f71fba4e5</hash>
        <hash alg="SHA-1">8f6ea5daedc614f07a3654a455660145286f024e</hash>
        <hash alg="SHA-256">0c2d73ab36ad24eeed6e0bea928e9d0ef771de8df689e23b7754d366dda27c53</hash>
        <hash alg="SHA-512">1e07257b631ae3331a71d7cd9136152cddebbe786ba50c689bec618a9eb659be8e952fe0405db36332cb6c12c6c87c6d648e817c027ea8c6e0c660ce82f6f424</hash>
        <hash alg="SHA-384">d68e1f600244d7a3628244e0265208ce08881f4ea33a3cd1f085886f7ce755cdd44bc6788ebda1baf8bc23b1f3c844dd</hash>
        <hash alg="SHA3-384">fb77e58872d4e3ef6475094ea96f1ce32a1a7c3617393fcab47c47cb84f6995315c5f805d518c69a0cea751ce980bf13</hash>
        <hash alg="SHA3-256">3619596135b169649ed16b75972c39614192d2a802291a7eb4c1814ef7dc9ff8</hash>
        <hash alg="SHA3-512">045c7f1ec7f9191cd2ff35fadf5c037aa596a288189185fd10d5fed89cd3661b6353945083f4c3943c87e343b61a556699f43f00a0e928c165e52d57fe514fa5</hash>
      </hashes>
      <licenses>
        <license>
          <id>EPL-2.0</id>
        </license>
        <license>
          <id>BSD-3-Clause</id>
        </license>
      </licenses>
      <purl>pkg:maven/jakarta.persistence/jakarta.persistence-api@2.2.3?type=jar</purl>
      <externalReferences><reference type="issue-tracker"><url>https://github.com/eclipse-ee4j/jpa-api/issues</url></reference><reference type="mailing-list"><url>https://dev.eclipse.org/mhonarc/lists/jpa-dev/</url></reference><reference type="vcs"><url>https://github.com/eclipse-ee4j/jpa-api.git</url></reference><reference type="website"><url>https://www.eclipse.org</url></reference></externalReferences>
    </component>
    <component type="library" bom-ref="pkg:maven/org.hibernate/hibernate-core@5.6.10.Final?type=jar">
      <publisher>Hibernate.org</publisher>
      <group>org.hibernate</group>
      <name>hibernate-core</name>
      <version>5.6.10.Final</version>
      <description>Hibernate's core ORM functionality</description>
      <hashes>
        <hash alg="MD5">9c4f43fc5936b6d6555ff6ece7865220</hash>
        <hash alg="SHA-1">408fd5802391d8e6f619db9d7c6c0e27d49118c2</hash>
        <hash alg="SHA-256">ed3693a0ae288dafff6155b03b7d743fdb9c9f432de37d7b894f44d92e3a85c4</hash>
        <hash alg="SHA-512">8a6c11bbc9ae9768a9f54fdbef278ac69dcfaa848cefa3ac1b2f56ca0c93323f2ed61be576b13312cec780172666af5038e4b89a322a77859df83929e7124f5d</hash>
        <hash alg="SHA-384">25690c68444a2c5d9a2b74fa2a811c1c424962de7dc94cd00c0b147c4f0af58f247b0ea5ccac004fb31e80f10e95c3be</hash>
        <hash alg="SHA3-384">4d5075e0738030ac3c991210115c42adc5b9108a23520bd129ec1e1c2afbf74d1d06dfa26d70549bad4b93bf4aea359a</hash>
        <hash alg="SHA3-256">833621051c7bebba299d96ca022f65ea36f64d9da1f28086288685d9a18b7590</hash>
        <hash alg="SHA3-512">77bfd3bf5fb4a7bdddd9e63bb90d70910dabb04585e50a124c1495b24d2bfe5d40758fb6c298ed5fcca19f8a94b3082419afc6f734764aa552e3e8c947a950f1</hash>
      </hashes>
      <licenses>
        <license>
          <id>LGPL-2.1+</id>
          <url>https://www.gnu.org/licenses/old-licenses/lgpl-2.1-standalone.html</url>
        </license>
      </licenses>
      <purl>pkg:maven/org.hibernate/hibernate-core@5.6.10.Final?type=jar</purl>
      <externalReferences><reference type="website"><url>https://hibernate.org</url></reference><reference type="issue-tracker"><url>https://hibernate.atlassian.net/browse/HHH</url></reference><reference type="vcs"><url>https://github.com/hibernate/hibernate-orm</url></reference></externalReferences>
    </component>
    <component type="library" bom-ref="pkg:maven/org.jboss.logging/jboss-logging@3.4.3.Final?type=jar">
      <publisher>JBoss by Red Hat</publisher>
      <group>org.jboss.logging</group>
      <name>jboss-logging</name>
      <version>3.4.3.Final</version>
      <description>The JBoss Logging Framework</description>
      <hashes>
        <hash alg="MD5">b298d4b79e591843c1eb1458ea79f070</hash>
        <hash alg="SHA-1">c4bd7e12a745c0e7f6cf98c45cdcdf482fd827ea</hash>
        <hash alg="SHA-256">0b324cca4d550060e51e70cc0045a6cce62f264278ec1f5082aafeb670fcac49</hash>
        <hash alg="SHA-512">60759c4340a7c1af0f10a5c2252e028150413d2437547f42018a94a838dc4a2bb24256411490a7e5f109b76305e2752ecf37def85e631d7e7b7e8461e0b54dda</hash>
        <hash alg="SHA-384">1c07afd380f25c076ca0e568be205ede18c875471547133711f04bb2ffc9936c7c97708605cca18c9a98fc94b072caea</hash>
        <hash alg="SHA3-384">f17eeff5983e9e0562c90b8b3051b2dbee885818adb104ba8700a399f90a1a3c85a766686dafa06122cd6f8979561ea9</hash>
        <hash alg="SHA3-256">c41833778a14d364e29767d543ac402e93222616bfcc020552f0f037cfc6b02a</hash>
        <hash alg="SHA3-512">0dace1456d22070719b6e7322cdfb64b34f36f5c8f271f62026c691b00fe32fba50ac17f61b467160ec2b7cabdeeac77029ded3d7f9b1e08a4a0f709222a5017</hash>
      </hashes>
      <licenses>
        <license>
          <id>Apache-2.0</id>
        </license>
      </licenses>
      <purl>pkg:maven/org.jboss.logging/jboss-logging@3.4.3.Final?type=jar</purl>
      <externalReferences><reference type="vcs"><url>https://github.com/jboss-logging/jboss-logging</url></reference><reference type="website"><url>http://www.jboss.org</url></reference><reference type="issue-tracker"><url>https://issues.redhat.com/</url></reference><reference type="mailing-list"><url>http://lists.jboss.org/pipermail/jboss-user/</url></reference></externalReferences>
    </component>
    <component type="library" bom-ref="pkg:maven/net.bytebuddy/byte-buddy@1.12.12?type=jar">
      <group>net.bytebuddy</group>
      <name>byte-buddy</name>
      <version>1.12.12</version>
      <description>Byte Buddy is a Java library for creating Java classes at run time.
        This artifact is a build of Byte Buddy with all ASM dependencies repackaged into its own name space.</description>
      <hashes>
        <hash alg="MD5">a08d704afde8c140bc68db2b70dbc2f4</hash>
        <hash alg="SHA-1">8e864584dacba464c3abb6e2da8a2f0cbe1a7111</hash>
        <hash alg="SHA-256">e5258df536f568502e057b9e5d68325ce1687a5caa295c86447b5d5c72c23bad</hash>
        <hash alg="SHA-512">d1e5a22fce5dc553620d21d3e35023f2e354a2c29900623e70d0e7c231ad5dce8ee212954843d77fb66f8b731e1fd5cace7088039da3ecd13115495c2256b5de</hash>
        <hash alg="SHA-384">62559dd038626c0336c427f5368ab92ebebdce7f289734fd2e80b09bdd10b7a48522ccecce21c828aa8baebe954393de</hash>
        <hash alg="SHA3-384">9e176212a7ed7e7b2eebde108ff02e11e263de827d159ebed056d2ebee341f6b8f5213689b5e392916a11326107433db</hash>
        <hash alg="SHA3-256">74436deabc54432de4c334c47730e6d3f0ff44aba3338474a29b00abb06e6639</hash>
        <hash alg="SHA3-512">f40c01b56ce671ba9ee312002078189f9c254636fb9b196e60e0355e40946ddb280fbf638c96400dcc5860415119b35ca9ea634143ffbf190b124483edf6984f</hash>
      </hashes>
      <licenses>
        <license>
          <id>Apache-2.0</id>
        </license>
      </licenses>
      <purl>pkg:maven/net.bytebuddy/byte-buddy@1.12.12?type=jar</purl>
      <externalReferences><reference type="issue-tracker"><url>https://github.com/raphw/byte-buddy/issues</url></reference></externalReferences>
    </component>
    <component type="library" bom-ref="pkg:maven/antlr/antlr@2.7.7?type=jar">
      <group>antlr</group>
      <name>antlr</name>
      <version>2.7.7</version>
      <description>A framework for constructing recognizers, compilers,
    and translators from grammatical descriptions containing
    Java, C#, C++, or Python actions.</description>
      <hashes>
        <hash alg="MD5">f8f1352c52a4c6a500b597596501fc64</hash>
        <hash alg="SHA-1">83cd2cd674a217ade95a4bb83a8a14f351f48bd0</hash>
        <hash alg="SHA-256">88fbda4b912596b9f56e8e12e580cc954bacfb51776ecfddd3e18fc1cf56dc4c</hash>
        <hash alg="SHA-512">311c3115f9f6651d1711c52d1739e25a70f25456cacb9a2cdde7627498c30b13d721133cc75b39462ad18812a82472ef1b3b9d64fab5abb0377c12bf82043a74</hash>
        <hash alg="SHA-384">2e811e531ce30a2a905d093a00de596cf04406413b60422db8252b46125cadf07b71459cf6ac6da575ec030a9bf05e57</hash>
        <hash alg="SHA3-384">bdf019332ae8714ef6a3904bb42bb08c1fe4feacf5e6137274884b0377d4e5b5f7aa9fe8e1ef5ca9b3e15f12320fdb67</hash>
        <hash alg="SHA3-256">babce5c8beb1d5907a7ed6354589e991da7d8d5cbd86c479abfa1e1dfc4d2eb8</hash>
        <hash alg="SHA3-512">3a8ce565280a157dd6e08fb68c317a4c28616099c56bc4992c38cf74a10a54a89e18e7c45190ce8511360798a87adc92f432382f9d9bdde0d56664b50044b517</hash>
      </hashes>
      <licenses>
        <license>
          <id>BSD-3-Clause</id>
        </license>
      </licenses>
      <purl>pkg:maven/antlr/antlr@2.7.7?type=jar</purl>
    </component>
    <component type="library" bom-ref="pkg:maven/org.jboss/jandex@2.4.2.Final?type=jar">
      <publisher>JBoss by Red Hat</publisher>
      <group>org.jboss</group>
      <name>jandex</name>
      <version>2.4.2.Final</version>
      <description>Parent POM for JBoss projects. Provides default project build configuration.</description>
      <hashes>
        <hash alg="MD5">489f7a97d2ed7ae34ea56d01b3566d57</hash>
        <hash alg="SHA-1">1e1c385990b258ff1a24c801e84aebbacf70eb39</hash>
        <hash alg="SHA-256">3f2ce55c7d71e744581488dc5105806aa8084c08e6e916a019bab8f8698994f0</hash>
        <hash alg="SHA-512">635642582701f6ae26df91e39d5bfd9345c4c219da73e71a27f4740a4c0c7970f52cef667bb9cc4dd08c26d9b0447ee003c9e56d5ede68870976356c2fcc4a5c</hash>
        <hash alg="SHA-384">ed9e4cf2b47f0891d5fda2a4a63650f0309a5e05f4b51b208bb0c0759dd1cd713e8db68816666ade0fc2faa855bd98c1</hash>
        <hash alg="SHA3-384">66c79624a37e19a65063c3d3c0e4779c18e33c2f558078abe1f05c69b1a85a6aae561f0aee1163c41d5efb4a315a3567</hash>
        <hash alg="SHA3-256">b6214feecbcb01f82e7442d614d5ddfb02efb686c0b603def92fdc7545f46412</hash>
        <hash alg="SHA3-512">0073443439cbc3897ea98f332c61422e0ffd40309fd93c6683a35f70df8e4828ed9e34025e0368ea55935d66863bdec895560054f1869dafd87f2bfc21f47ebf</hash>
      </hashes>
      <licenses>
        <license>
          <id>Apache-2.0</id>
        </license>
      </licenses>
      <purl>pkg:maven/org.jboss/jandex@2.4.2.Final?type=jar</purl>
      <externalReferences><reference type="website"><url>http://www.jboss.org</url></reference><reference type="issue-tracker"><url>https://issues.jboss.org/</url></reference><reference type="mailing-list"><url>http://lists.jboss.org/pipermail/jboss-user/</url></reference><reference type="vcs"><url>http://github.com/jboss/jboss-parent-pom</url></reference></externalReferences>
    </component>
    <component type="library" bom-ref="pkg:maven/com.fasterxml/classmate@1.5.1?type=jar">
      <publisher>fasterxml.com</publisher>
      <group>com.fasterxml</group>
      <name>classmate</name>
      <version>1.5.1</version>
      <description>Library for introspecting types with full generic information
        including resolving of field and method types.</description>
      <hashes>
        <hash alg="MD5">e91fcd30ba329fd1b0b6dc5321fd067c</hash>
        <hash alg="SHA-1">3fe0bed568c62df5e89f4f174c101eab25345b6c</hash>
        <hash alg="SHA-256">aab4de3006808c09d25dd4ff4a3611cfb63c95463cfd99e73d2e1680d229a33b</hash>
        <hash alg="SHA-512">7fc4764eb65227f5ba614698a5cf2f9430133f42ec6e2ae53b4c724ee53f258541a0109fe0659e0b9e45729b46c95c00227e696b8d1addcd772c85f877658c9a</hash>
        <hash alg="SHA-384">28b4780b2353ebc08dbc02c9a343527a9062a0455bfb4ab135cb639c03e5dfd9c2250a835c44d5f17d275667c2009694</hash>
        <hash alg="SHA3-384">b194ace8f1f49f410286bd859866678b95a1b2c6f73e41f48291eb7438dffea57aaa9b177459038b6997771ce4d1cee1</hash>
        <hash alg="SHA3-256">50234c94efed4c816eb77bd2f70b869c9f89ddf8ee73dc25e354f4d0b81b3e1f</hash>
        <hash alg="SHA3-512">9886421726066b313a62283a6811b76d904ea1c1e9b7b2d850cb47afa189b03cdef053c8f7f6b79e77f2269c45f8cc2ed75c3389e96594b50987fef311d5a25f</hash>
      </hashes>
      <licenses>
        <license>
          <id>Apache-2.0</id>
        </license>
      </licenses>
      <purl>pkg:maven/com.fasterxml/classmate@1.5.1?type=jar</purl>
      <externalReferences><reference type="website"><url>https://fasterxml.com</url></reference><reference type="vcs"><url>https://github.com/FasterXML/java-classmate</url></reference><reference type="distribution"><url>https://oss.sonatype.org/service/local/staging/deploy/maven2/</url></reference></externalReferences>
    </component>
    <component type="library" bom-ref="pkg:maven/org.hibernate.common/hibernate-commons-annotations@5.1.2.Final?type=jar">
      <publisher>Hibernate.org</publisher>
      <group>org.hibernate.common</group>
      <name>hibernate-commons-annotations</name>
      <version>5.1.2.Final</version>
      <description>Common reflection code used in support of annotation processing</description>
      <hashes>
        <hash alg="MD5">2a2490b3eb8e7585a6a899d27d7ed43f</hash>
        <hash alg="SHA-1">e59ffdbc6ad09eeb33507b39ffcf287679a498c8</hash>
        <hash alg="SHA-256">1c7ce712b2679fea0a5441eb02a04144297125b768944819be0765befb996275</hash>
        <hash alg="SHA-512">9ce69f19b2e080071a69a2faa992be70b2c153d94862c306f784d1f91fe66e01139c13a3b4f156ee17bdc58ea9c93b61e2dbdfc43152d43896610251488c6e24</hash>
        <hash alg="SHA-384">4f1652cc7f93556ca615f7a70a63e22004f7e1325b6d38492c5601d9b13f9ee3292b7e8919c1a0ef41de0266ed84b941</hash>
        <hash alg="SHA3-384">c39a9a94055696454d0ecc5c9718ca1ca7ea05f3b22eb8991c69f31e976a595b86fcaa37fd030c03c0860610bd7251c4</hash>
        <hash alg="SHA3-256">a2dc556200c3503ae769c6efa3634a94ac30f475f60b9fd7e478c8919e326720</hash>
        <hash alg="SHA3-512">4c791c5d5c43a3d4907f495966d89bd281d90727e3884d889b07a6e88c0ad3f9a712fabf4f2d73c57412d9eff1946ac48ad5450067ca9f6e83212ab09c18907e</hash>
      </hashes>
      <licenses>
        <license>
          <id>LGPL-2.1+</id>
          <url>https://www.gnu.org/licenses/old-licenses/lgpl-2.1-standalone.html</url>
        </license>
      </licenses>
      <purl>pkg:maven/org.hibernate.common/hibernate-commons-annotations@5.1.2.Final?type=jar</purl>
      <externalReferences><reference type="website"><url>http://hibernate.org</url></reference><reference type="issue-tracker"><url>https://hibernate.atlassian.net/browse/HCANN</url></reference><reference type="vcs"><url>http://github.com/hibernate/hibernate-commons-annotations</url></reference></externalReferences>
    </component>
    <component type="library" bom-ref="pkg:maven/org.glassfish.jaxb/jaxb-runtime@2.3.6?type=jar">
      <publisher>Eclipse Foundation</publisher>
      <group>org.glassfish.jaxb</group>
      <name>jaxb-runtime</name>
      <version>2.3.6</version>
      <description>JAXB (JSR 222) Reference Implementation</description>
      <hashes>
        <hash alg="MD5">29acad12b7cdd22b2a5ab66cd7439d48</hash>
        <hash alg="SHA-1">1e6cd0e5d9f9919c8c8824fb4d310b09a978a60e</hash>
        <hash alg="SHA-256">cd87d4b98a8bec1d237aed61472ef4adb6a8bb0515cbde1fd62fdd9781c16770</hash>
        <hash alg="SHA-512">8e8042f4a2a45f3520ce6376d826c0445a54509a728f9f61b274c2e2d92d242bfabfba112994d0df56f59f58c48e4069fb2dabf0fcc67208e651597de5eeaa98</hash>
        <hash alg="SHA-384">6c3cfac49412ee125c0183e39ef751b8a7db04f02133ca6e039259708d2bd36df88bca3163672c8ab809cca9824e8d7e</hash>
        <hash alg="SHA3-384">3a0e2fbe2231fb39ae58afc52ad6dabf3cb932d4b56116f5ed3697b57bd0970c915e1f2b14df48576277c50ebb055a3b</hash>
        <hash alg="SHA3-256">00c4b10fb5581894c010618d4af73b821fbc262d883e5e1089438efa72243668</hash>
        <hash alg="SHA3-512">f5657b09370ecd381e76148b52fd8aa8e904f09424f2c7df5307b11ac0403db885d8a82e50002047c5be4c532c8f5778bd11833beebef3ddfe02fbf2fd35b464</hash>
      </hashes>
      <licenses>
        <license>
          <id>BSD-3-Clause</id>
        </license>
      </licenses>
      <purl>pkg:maven/org.glassfish.jaxb/jaxb-runtime@2.3.6?type=jar</purl>
      <externalReferences><reference type="issue-tracker"><url>https://github.com/eclipse-ee4j/jaxb-ri/issues</url></reference><reference type="mailing-list"><url>https://accounts.eclipse.org/mailing-list/jaxb-impl-dev</url></reference><reference type="vcs"><url>https://github.com/eclipse-ee4j/jaxb-ri.git</url></reference><reference type="website"><url>https://www.eclipse.org</url></reference></externalReferences>
    </component>
    <component type="library" bom-ref="pkg:maven/org.glassfish.jaxb/txw2@2.3.6?type=jar">
      <publisher>Eclipse Foundation</publisher>
      <group>org.glassfish.jaxb</group>
      <name>txw2</name>
      <version>2.3.6</version>
      <description>TXW is a library that allows you to write XML documents.</description>
      <hashes>
        <hash alg="MD5">dd02e61e4662e6461f0c21b08e721021</hash>
        <hash alg="SHA-1">45db7b69a8f1ec2c21eb7d4fc0ee729f53c1addc</hash>
        <hash alg="SHA-256">f8bc249d22ad950257c373aea80c2f16f18f5eb4d557bdb2660bf5e1f1e84776</hash>
        <hash alg="SHA-512">468cd89821480364a49f73f1774383fd483fd8273d373601a4867b37267f125c3fdf3ffd8a73a114408699137c469c02e47f94b80c7d21df236b4a187d12680d</hash>
        <hash alg="SHA-384">02c99a070c038081922bdae47cd9e739045342b223c55204716bba9f81eca971ed1313eab8bb103dc596bfd7b84a6b72</hash>
        <hash alg="SHA3-384">e63ebe6d86a51506c45b430c8a71d80ac0fa95f99692a30697468b242ccd5c818f5d4aaf967e049797fee704a92307db</hash>
        <hash alg="SHA3-256">585be97a69d2a94b6647330ac36b3d5b2389eadfb92138f2b80a3e8c3bcc4b63</hash>
        <hash alg="SHA3-512">2e7ed6f7267f7e4eb0c0b0e89f845fcd253eec4ab1fa66fd915b7a4bd738e881c9e8f801af17dbbbfbc4311409f0fad9737780693a1018582e307a3293d27405</hash>
      </hashes>
      <licenses>
        <license>
          <id>BSD-3-Clause</id>
        </license>
      </licenses>
      <purl>pkg:maven/org.glassfish.jaxb/txw2@2.3.6?type=jar</purl>
      <externalReferences><reference type="issue-tracker"><url>https://github.com/eclipse-ee4j/jaxb-ri/issues</url></reference><reference type="mailing-list"><url>https://accounts.eclipse.org/mailing-list/jaxb-impl-dev</url></reference><reference type="vcs"><url>https://github.com/eclipse-ee4j/jaxb-ri.git</url></reference><reference type="website"><url>https://www.eclipse.org</url></reference></externalReferences>
    </component>
    <component type="library" bom-ref="pkg:maven/com.sun.istack/istack-commons-runtime@3.0.12?type=jar">
      <publisher>Eclipse Foundation</publisher>
      <group>com.sun.istack</group>
      <name>istack-commons-runtime</name>
      <version>3.0.12</version>
      <description>istack common utility code</description>
      <hashes>
        <hash alg="MD5">1952bd76321f8580cfaa57e332a68287</hash>
        <hash alg="SHA-1">cbbe1a62b0cc6c85972e99d52aaee350153dc530</hash>
        <hash alg="SHA-256">27d85fc134c9271d5c79d3300fc4669668f017e72409727c428f54f2417f04cd</hash>
        <hash alg="SHA-512">af36b11cc0d82b7f62c64941f4e7d441d25cb9f3c4b3e08753d038c388e5a09364b5dac9127f29a9b8df6d96034133caadab6d74371077478d2f301605913460</hash>
        <hash alg="SHA-384">ad8ba1f6538e087915b1e7fbf4a7a60b006ebecc4ab52986c10dfe88ae11ae7eb6e1f302bee06f70b16ec316f001375b</hash>
        <hash alg="SHA3-384">2207c7e1570860d6300ef3157905498efaf26ba85566b053495f583b20c755cc07d6855b2d79136ab4d6544635e39f4d</hash>
        <hash alg="SHA3-256">50a425e524a6ee81110ecd86190d039a84d46aa3c45855310fe4f95abba3c21e</hash>
        <hash alg="SHA3-512">286997280ee0885c456686cf91c601e600106138f39eb81fc27381868f7ede0d1521cdf22c420331b1a961ed2f1ba1887a9ae05073f4364e3ffc297f40f0de53</hash>
      </hashes>
      <licenses>
        <license>
          <id>BSD-3-Clause</id>
        </license>
      </licenses>
      <purl>pkg:maven/com.sun.istack/istack-commons-runtime@3.0.12?type=jar</purl>
      <externalReferences><reference type="issue-tracker"><url>https://github.com/eclipse-ee4j/jaxb-istack-commons/issues</url></reference><reference type="mailing-list"><url>https://dev.eclipse.org/mhonarc/lists/jaxb-impl-dev</url></reference><reference type="vcs"><url>https://github.com/eclipse-ee4j/jaxb-istack-commons</url></reference><reference type="website"><url>https://www.eclipse.org</url></reference></externalReferences>
    </component>
    <component type="library" bom-ref="pkg:maven/com.sun.activation/jakarta.activation@1.2.2?type=jar">
      <publisher>Eclipse Foundation</publisher>
      <group>com.sun.activation</group>
      <name>jakarta.activation</name>
      <version>1.2.2</version>
      <description>${project.name}</description>
      <hashes>
        <hash alg="MD5">0b8bee3bf29b9a015f8b992035581a7c</hash>
        <hash alg="SHA-1">74548703f9851017ce2f556066659438019e7eb5</hash>
        <hash alg="SHA-256">02156773e4ae9d048d14a56ad35d644bee9f1052a791d072df3ded3c656e6e1a</hash>
        <hash alg="SHA-512">8bd94a4370b827e3904f31253b022e5c1851896d3b616ca7daebfef259238cedc56d4ced32c74f24a13c3e2295b0ea012af5d04656b7f713cc53a2f18d5e2cf7</hash>
        <hash alg="SHA-384">1cb0aff8b73ba52a9931b2cf13c75a1ce6665fb826bf97ede66db75c532136aa189fb53a1925e62b6eef572309ef3b9a</hash>
        <hash alg="SHA3-384">83801332576d931f4091ba65ea240d49c23e3b93dae939ce2eed63de943f80f251a4347638b99900de5b831796b12590</hash>
        <hash alg="SHA3-256">5363211b59dfaff6e1973e93548e5e4062189c6d0f43d7802627ebeb7b7ff37d</hash>
        <hash alg="SHA3-512">0c7b62a3432b19ffad02eafffc7e598391cd32b1313d075f94cda09913402770b4ba2314716625571f266431067229c93cec36e17c3ea598623542988634ca0a</hash>
      </hashes>
      <licenses>
        <license>
          <id>BSD-3-Clause</id>
        </license>
      </licenses>
      <purl>pkg:maven/com.sun.activation/jakarta.activation@1.2.2?type=jar</purl>
      <externalReferences><reference type="issue-tracker"><url>https://github.com/eclipse-ee4j/jaf/issues/</url></reference><reference type="vcs"><url>https://github.com/eclipse-ee4j/jaf</url></reference><reference type="website"><url>https://www.eclipse.org</url></reference><reference type="mailing-list"><url>https://dev.eclipse.org/mhonarc/lists/jakarta.ee-community/</url></reference></externalReferences>
    </component>
    <component type="library" bom-ref="pkg:maven/org.springframework.data/spring-data-jpa@2.7.2?type=jar">
      <publisher>Pivotal Software, Inc.</publisher>
      <group>org.springframework.data</group>
      <name>spring-data-jpa</name>
      <version>2.7.2</version>
      <description>Spring Data module for JPA repositories.</description>
      <scope>required</scope>
      <hashes>
        <hash alg="MD5">5e92ee78425c9f895993ff68687f6113</hash>
        <hash alg="SHA-1">1b8783e98d4199c8fbcb46765fbfce02f41907fe</hash>
        <hash alg="SHA-256">75a6a455d328728f4985cde9220267633b4e0cf2509f9d7c4aa9aa55c6ca2c89</hash>
        <hash alg="SHA-512">e78a36a1a4574aef52b30da4abe7067a603739544daf8f0ff645d5f79f6442a46162e6cf8ded3794f411ad72a7de9463a1cfea2345178f4676f2715cd2ba28a8</hash>
        <hash alg="SHA-384">770a77e03e3653ab36fd845ba4051f0563f789bb43c54eca201650f2954f5de3ce4aa936ae4b87dd2b3d096906003eb1</hash>
        <hash alg="SHA3-384">12a8e2b22615d063f96cd91eebdf25d3d11a668b691a6b522ba651cffe4d9107cc6179f7ca2313198643fd3eacedac77</hash>
        <hash alg="SHA3-256">064a4d7dbe7c44f3748e9781a150e2600e8bcbc3ce7a20a942c256359cf6464f</hash>
        <hash alg="SHA3-512">b3e3db43c8413bf3c56f359af62a295de9622de9d36dd332fa360fbdc236d19b1fbb80d548fa07624a82f583583b089a57dea16c62c062b1f0c56206c9f00a26</hash>
      </hashes>
      <licenses>
        <license>
          <id>Apache-2.0</id>
        </license>
      </licenses>
      <purl>pkg:maven/org.springframework.data/spring-data-jpa@2.7.2?type=jar</purl>
      <externalReferences><reference type="issue-tracker"><url>https://github.com/spring-projects/spring-data-jpa/issues</url></reference><reference type="vcs"><url>https://github.com/spring-projects/spring-data-jpa</url></reference><reference type="website"><url>https://www.spring.io</url></reference></externalReferences>
    </component>
    <component type="library" bom-ref="pkg:maven/org.springframework.data/spring-data-commons@2.7.2?type=jar">
      <publisher>Pivotal Software, Inc.</publisher>
      <group>org.springframework.data</group>
      <name>spring-data-commons</name>
      <version>2.7.2</version>
      <description>Global parent pom.xml to be used by Spring Data modules</description>
      <hashes>
        <hash alg="MD5">e488e8db2bc5e559c79f09572a0797cf</hash>
        <hash alg="SHA-1">9547d1234cb380234066aef60129bb2ddfdc6347</hash>
        <hash alg="SHA-256">dfa59582fc3315bf3e3e4efd73fc4399043e4e18ff07917e31f5269a82bc7bd6</hash>
        <hash alg="SHA-512">74ae2a5d8eedc5004ebb25d041a87a3fd7a754886450ce6cfc1d4f303a10d186ae3dac43f6b697fa846115c7680be797b9f93436164abff7520e0c6f61d7c208</hash>
        <hash alg="SHA-384">a6ed78fea3590fdc89dd9efc36509646899caa87af2a185f80420f251d754b48bfc40ea91684729d210c984394019057</hash>
        <hash alg="SHA3-384">5734c976363d397be226aeb61d1a3d9d8de8e8279eb610831caf0badb5c3f011f4b5da610d311e15f3d2bfabb0ae8178</hash>
        <hash alg="SHA3-256">7deaecf60788c318a8c90654ff4d46416b2adcdb5647fd0eb96be40ac36e0504</hash>
        <hash alg="SHA3-512">d59e2ac3d21b6dfb3646908bc85b97724b027f1ac1426ac5f03704ac423e1d7e3d65a0ac2f50dc6174e67bd6d7b7c7495dd43c0dd7f54ce86b6043581b74d427</hash>
      </hashes>
      <licenses>
        <license>
          <id>Apache-2.0</id>
        </license>
      </licenses>
      <purl>pkg:maven/org.springframework.data/spring-data-commons@2.7.2?type=jar</purl>
      <externalReferences><reference type="website"><url>https://www.spring.io</url></reference><reference type="issue-tracker"><url>https://github.com/spring-projects/spring-data-build/issues</url></reference><reference type="vcs"><url>https://github.com/spring-projects/spring-data-build</url></reference></externalReferences>
    </component>
    <component type="library" bom-ref="pkg:maven/org.springframework/spring-orm@5.3.22?type=jar">
      <publisher>Spring IO</publisher>
      <group>org.springframework</group>
      <name>spring-orm</name>
      <version>5.3.22</version>
      <description>Spring Object/Relational Mapping</description>
      <hashes>
        <hash alg="MD5">f4cef9fe1dcfc5e6b534851f8f2d979b</hash>
        <hash alg="SHA-1">abcefbf4895a3daf263cf385cc66e924db92d254</hash>
        <hash alg="SHA-256">8ac282390de9cf94996326297d9aefdfd02930a8d115fd62790ade28f05515b1</hash>
        <hash alg="SHA-512">24d731590ca3867e58bd65a224f6138c465ff397978bd1b2bf212a0dafe6167641882f05b0fd236b733912b8d0f977a73989eed86bd4218ecd9a5b5ecb099235</hash>
        <hash alg="SHA-384">52776a942281ccca53c5e24e37c3b2e2a85eedf5723ca9a0bb602de5d77d6e7defaa6fe77b32aef4e743738bdd54b0b8</hash>
        <hash alg="SHA3-384">f8906009fb9242fa53209bf3d5a59ea3d84570318817e0de740ec59ca600274ded376cb440fa379cc813ad5b95469a89</hash>
        <hash alg="SHA3-256">cf598b0e81728122d9087611f504b4d119c0db086a5c6e09eadef7d46a575c73</hash>
        <hash alg="SHA3-512">82c6c4dd4fd5e1901b53a7bfe929e13fadb2088b837f2b925b281d61cac0687b844e89e2b3b500fe67c4d962f4fef4b3422122ebd0125a5ec87ca12d61428777</hash>
      </hashes>
      <licenses>
        <license>
          <id>Apache-2.0</id>
        </license>
      </licenses>
      <purl>pkg:maven/org.springframework/spring-orm@5.3.22?type=jar</purl>
      <externalReferences><reference type="website"><url>https://spring.io/projects/spring-framework</url></reference><reference type="issue-tracker"><url>https://github.com/spring-projects/spring-framework/issues</url></reference><reference type="vcs"><url>https://github.com/spring-projects/spring-framework</url></reference></externalReferences>
    </component>
    <component type="library" bom-ref="pkg:maven/org.springframework/spring-tx@5.3.22?type=jar">
      <publisher>Spring IO</publisher>
      <group>org.springframework</group>
      <name>spring-tx</name>
      <version>5.3.22</version>
      <description>Spring Transaction</description>
      <hashes>
        <hash alg="MD5">84646a02ee3a0ed0b20d7ce9e6ecbd94</hash>
        <hash alg="SHA-1">d0b3812ab20987a13f3a9ae7b4c54f619e034692</hash>
        <hash alg="SHA-256">7d93ff5f35374e5a0c5361e42c6209d660ea81da31fe580bedfe8a2067ffce8b</hash>
        <hash alg="SHA-512">ec2e135a80924a60c8c0970a60097eaec76ba8cee3e1afcd77bc6416a08be5d990364b367bfedde9bdfddb496f6775e1768891a6adc408ad109a27825a5689c9</hash>
        <hash alg="SHA-384">f5a01534511b9852e835622fc9ee303e19e983cc4c5dbdefb58a6e920b0bf17e6ca98c16a3abf9fc0dafc1eec455d615</hash>
        <hash alg="SHA3-384">6352440b579d3bcacfc4377b089eac5559c3c5f08f79a7afe066aed2fc758f1a3be18ff82a823746ec2e47594124d6c1</hash>
        <hash alg="SHA3-256">f29047b7bce614add3bcfd87b8fc5c1c08ed02afdf4091151773917ba59837c0</hash>
        <hash alg="SHA3-512">1fc82feb5b54311ff33cf7b134691fecf7e796a9abd12984a4ab2638a70b37c398c4ce3ce7bcd1b36021ecd0ac625c994ba011d578935436e0a7ebc593c54219</hash>
      </hashes>
      <licenses>
        <license>
          <id>Apache-2.0</id>
        </license>
      </licenses>
      <purl>pkg:maven/org.springframework/spring-tx@5.3.22?type=jar</purl>
      <externalReferences><reference type="website"><url>https://spring.io/projects/spring-framework</url></reference><reference type="issue-tracker"><url>https://github.com/spring-projects/spring-framework/issues</url></reference><reference type="vcs"><url>https://github.com/spring-projects/spring-framework</url></reference></externalReferences>
    </component>
    <component type="library" bom-ref="pkg:maven/org.slf4j/slf4j-api@1.7.36?type=jar">
      <publisher>QOS.ch</publisher>
      <group>org.slf4j</group>
      <name>slf4j-api</name>
      <version>1.7.36</version>
      <description>The slf4j API</description>
      <scope>required</scope>
      <hashes>
        <hash alg="MD5">872da51f5de7f3923da4de871d57fd85</hash>
        <hash alg="SHA-1">6c62681a2f655b49963a5983b8b0950a6120ae14</hash>
        <hash alg="SHA-256">d3ef575e3e4979678dc01bf1dcce51021493b4d11fb7f1be8ad982877c16a1c0</hash>
        <hash alg="SHA-512">f9b033fc019a44f98b16048da7e2b59edd4a6a527ba60e358f65ab88e0afae03a9340f1b3e8a543d49fa542290f499c5594259affa1ff3e6e7bf3b428d4c610b</hash>
        <hash alg="SHA-384">2b14ad035877087157e379d3277dcdcd79e58d6bdb147c47d29e377d75ce53ad42cafbf22f5fb7827c7e946ff4876b9a</hash>
        <hash alg="SHA3-384">3bc3110dafb8d5be16a39f3b2671a466463cd99eb39610c0e4719a7bf2d928f2ea213c734887c6926a07c4cca7769e4b</hash>
        <hash alg="SHA3-256">ba2608179fcf46e2291a90b9cbb4aa30d718e481f59c350cc21c73b88d826881</hash>
        <hash alg="SHA3-512">14c4edcd19702ef607d78826839d8a6d3a39157df54b89a801d3d3cbbe1307131a77671b041c761122730fb1387888c5ec2e46bdd80e1cb07f8f144676441824</hash>
      </hashes>
      <licenses>
        <license>
          <id>MIT</id>
          <url>https://opensource.org/licenses/MIT</url>
        </license>
      </licenses>
      <purl>pkg:maven/org.slf4j/slf4j-api@1.7.36?type=jar</purl>
      <externalReferences><reference type="website"><url>http://www.qos.ch</url></reference><reference type="distribution"><url>https://oss.sonatype.org/service/local/staging/deploy/maven2/</url></reference><reference type="vcs"><url>https://github.com/qos-ch/slf4j</url></reference></externalReferences>
    </component>
    <component type="library" bom-ref="pkg:maven/org.springframework/spring-aspects@5.3.22?type=jar">
      <publisher>Spring IO</publisher>
      <group>org.springframework</group>
      <name>spring-aspects</name>
      <version>5.3.22</version>
      <description>Spring Aspects</description>
      <hashes>
        <hash alg="MD5">7d27212a6c8652bb56705e9c59cfe1b0</hash>
        <hash alg="SHA-1">1fdd8ac7f557ba12bb59086edfe3a9cdf6d918bf</hash>
        <hash alg="SHA-256">576489cc76ea4d058bf07227f6a6eedfc87e6045614ffa9e9f0b0d8ba3f48003</hash>
        <hash alg="SHA-512">abe4f62ca988d3ee8fa0eea582552ad32fff03e5a0d55aee1c425bd1b24ecf1dde4c313521da33dff3e12b5466600e054ebdeed4f94b8c3e1667290745d186c7</hash>
        <hash alg="SHA-384">7ab627ce19a96dfcfa0153659840e968d1343547b8cb81b849921f20e0c4d6f2ddbbf8b6c22e30089caba38e5e2f5b94</hash>
        <hash alg="SHA3-384">7f4e5c6e0ca60bd2186fb9d534351b6384cfe482ffb243ff0da24583c8b5b545c2b9f625819bb89c6412a29ca68486b1</hash>
        <hash alg="SHA3-256">50292ba3cf29ab128bf6cdea912aba2210b6b1ebaf7e2c28b0a6dbd2f81e6c08</hash>
        <hash alg="SHA3-512">e0e127a8d773992262ec1a7e41e79577c7d4f17a5c8099ae0aca194aa7f7572add4c0164a2e12a4f0ad3496bff5d23582029bf7c00ea7645a15c2bf5456120a0</hash>
      </hashes>
      <licenses>
        <license>
          <id>Apache-2.0</id>
        </license>
      </licenses>
      <purl>pkg:maven/org.springframework/spring-aspects@5.3.22?type=jar</purl>
      <externalReferences><reference type="website"><url>https://spring.io/projects/spring-framework</url></reference><reference type="issue-tracker"><url>https://github.com/spring-projects/spring-framework/issues</url></reference><reference type="vcs"><url>https://github.com/spring-projects/spring-framework</url></reference></externalReferences>
    </component>
    <component type="library" bom-ref="pkg:maven/com.h2database/h2@2.1.214?type=jar">
      <group>com.h2database</group>
      <name>h2</name>
      <version>2.1.214</version>
      <description>H2 Database Engine</description>
      <scope>optional</scope>
      <hashes>
        <hash alg="MD5">93628fb706e682dd989f697394039025</hash>
        <hash alg="SHA-1">d5c2005c9e3279201e12d4776c948578b16bf8b2</hash>
        <hash alg="SHA-256">d623cdc0f61d218cf549a8d09f1c391ff91096116b22e2475475fce4fbe72bd0</hash>
        <hash alg="SHA-512">fedc464dee11077ea3e95149b3c1a1420d6e432c940ccb8c368633821b29c0e401b711d45f819d1cc3755a54ad05fdd0e8bb6b17853dd15539613f5e2765f359</hash>
        <hash alg="SHA-384">a53154e9f52e73228c27602b05f3cc24939dad90cd769f3ba9d3c498b21d53dde054f85f56286a043a941b68ea3ca7fe</hash>
        <hash alg="SHA3-384">ac9b13665daa9b745ac1f2584f97623f8323b9966d272c515e51e502f063f0ef2103b2d98bf37e8c35c728a0a597c6c2</hash>
        <hash alg="SHA3-256">58e3dd539432b47c8555edf19ef12d78537b9c2f2d775594297ae7a57c97557f</hash>
        <hash alg="SHA3-512">30cb7b5fd7bebebfb258a96a6ad5e5d59f68fe16ecf6e5e985dc5b3e7a7319bd5d675e03f7d69a548be07351ba3b25946facbdc3955b8f0bc30edc5c7cc5fd84</hash>
      </hashes>
      <licenses>
        <license>
          <id>MPL-2.0</id>
        </license>
        <license>
          <name>EPL 1.0</name>
          <url>https://opensource.org/licenses/eclipse-1.0.php</url>
        </license>
      </licenses>
      <purl>pkg:maven/com.h2database/h2@2.1.214?type=jar</purl>
      <externalReferences><reference type="vcs"><url>https://github.com/h2database/h2database</url></reference></externalReferences>
    </component>
    <component type="library" bom-ref="pkg:maven/jakarta.xml.bind/jakarta.xml.bind-api@2.3.3?type=jar">
      <publisher>Eclipse Foundation</publisher>
      <group>jakarta.xml.bind</group>
      <name>jakarta.xml.bind-api</name>
      <version>2.3.3</version>
      <description>Jakarta XML Binding API</description>
      <hashes>
        <hash alg="MD5">61286918ca0192e9f87d1358aef718dd</hash>
        <hash alg="SHA-1">48e3b9cfc10752fba3521d6511f4165bea951801</hash>
        <hash alg="SHA-256">c04539f472e9a6dd0c7685ea82d677282269ab8e7baca2e14500e381e0c6cec5</hash>
        <hash alg="SHA-512">adf6436a7a9dc6f64b97127861d7a89b78e82bea67f72bda800ef285163adcd84dbf006f679108a2a8c2eed013e0b771da2354087e0845479ff2b6318b881442</hash>
        <hash alg="SHA-384">bad8b9f52bf7a7e1d3974cb305a69c093fb32d2131539c18d34e471e3ec32bdd9dd136bb4b38bb14d84e99c562f208c7</hash>
        <hash alg="SHA3-384">8131aaf65f996cfa2c3f7d406caab3acf3e6650bcbbcd5595f8a457a211810ff110c1923876e068831a07388ddc26f33</hash>
        <hash alg="SHA3-256">a9e4179a6bfa8b363b9fd4f32f8892c4a7954ed1695d3f33ccef73ceffcaa1d4</hash>
        <hash alg="SHA3-512">9ecbc0f4aa9cff28d519cbf74c8234b5180ae6ff0d6de4efe2de126b3251d466a5ddb878e70b9968095a843c82721c93a4dec53bfe09e3700f4cfe2e38bcac0a</hash>
      </hashes>
      <licenses>
        <license>
          <id>BSD-3-Clause</id>
        </license>
      </licenses>
      <purl>pkg:maven/jakarta.xml.bind/jakarta.xml.bind-api@2.3.3?type=jar</purl>
      <externalReferences><reference type="issue-tracker"><url>https://github.com/eclipse-ee4j/jaxb-api/issues</url></reference><reference type="mailing-list"><url>https://dev.eclipse.org/mhonarc/lists/jaxb-dev</url></reference><reference type="vcs"><url>https://github.com/eclipse-ee4j/jaxb-api.git</url></reference><reference type="website"><url>https://www.eclipse.org</url></reference></externalReferences>
    </component>
    <component type="library" bom-ref="pkg:maven/jakarta.activation/jakarta.activation-api@1.2.2?type=jar">
      <publisher>Eclipse Foundation</publisher>
      <group>jakarta.activation</group>
      <name>jakarta.activation-api</name>
      <version>1.2.2</version>
      <description>${project.name}</description>
      <hashes>
        <hash alg="MD5">1cbb480310fa1987f9db7a3ed7118af7</hash>
        <hash alg="SHA-1">99f53adba383cb1bf7c3862844488574b559621f</hash>
        <hash alg="SHA-256">a187a939103aef5849a7af84bd7e27be2d120c410af291437375ffe061f4f09d</hash>
        <hash alg="SHA-512">e3d846ff5f62ad9fef514f0726846c63d4aa74b2bb8f60c76258dba37701f83ae75872401071bf40da40697d43a8a6e36d08fa4ef39fe70797fb6f2b1712599f</hash>
        <hash alg="SHA-384">3e25702596eca7dd48f904b3985d64b4b394d162d3884a907d8b2ee647542808713a42a02f0eeff2c07518a206cc91cf</hash>
        <hash alg="SHA3-384">07196bf6c1ba4fe3e14e7690b521d3a156ee136a0b34d93f7a20d485c528c25ed5eeaec013172b08bdc63800fa94fe5d</hash>
        <hash alg="SHA3-256">5010f77dbc8c2a28269c7b5b662732ec4a01806f3af9af0b5a12882670303b6e</hash>
        <hash alg="SHA3-512">6e63931ef5638e4919b210ef3fffc731d3b91a34bd88cf4b4410e583e28d9e8652377b74dbdb63ba4b7b11b68ded509200737527412984c9d5bc6e5b4b938993</hash>
      </hashes>
      <licenses>
        <license>
          <id>BSD-3-Clause</id>
        </license>
      </licenses>
      <purl>pkg:maven/jakarta.activation/jakarta.activation-api@1.2.2?type=jar</purl>
      <externalReferences><reference type="issue-tracker"><url>https://github.com/eclipse-ee4j/jaf/issues/</url></reference><reference type="vcs"><url>https://github.com/eclipse-ee4j/jaf</url></reference><reference type="website"><url>https://www.eclipse.org</url></reference><reference type="mailing-list"><url>https://dev.eclipse.org/mhonarc/lists/jakarta.ee-community/</url></reference></externalReferences>
    </component>
    <component type="library" bom-ref="pkg:maven/org.springframework/spring-core@5.3.22?type=jar">
      <publisher>Spring IO</publisher>
      <group>org.springframework</group>
      <name>spring-core</name>
      <version>5.3.22</version>
      <description>Spring Core</description>
      <hashes>
        <hash alg="MD5">8f768c0706314fb9c71cd5db24a6225a</hash>
        <hash alg="SHA-1">661fc01832716c7eedebf995c6841b2f7117c63d</hash>
        <hash alg="SHA-256">6e97fb95215c583b06098c0a73d27237c6165ccd4f8103e2ded40303382bcba3</hash>
        <hash alg="SHA-512">bc3ca0449e24fa0acdc165bba7d7e44adeac326a022a07de89044001c447a337f5eb8105d76872684a75f5d8e72822011367e79bd2f81ba185678883ddd772a2</hash>
        <hash alg="SHA-384">fd8e922517794d3f1acd7b37da1450594a7eaf92f0148c513b2714e28bc19c0f174af33993b093e90e8a851abe2328e6</hash>
        <hash alg="SHA3-384">1ec6036d92de7d4090005e89e9460f52b392ef10fe8c9129aba6fab2489c21bf45db65ee60dc66b7adae88b4a7d8e2dc</hash>
        <hash alg="SHA3-256">891916b8b4fb95c0041e259fdabc1cdc9d65ae32c916e2a0a3427fe4b50f9980</hash>
        <hash alg="SHA3-512">df2fc08bba65aa8c13f7cd52e9dd72ea99dbdc0a3ace4c62d95d59a243dfcf27a62fc425add0d8f36ecfbc7e91a0bcf2b653b86ad961498dfa74a3ce86dce725</hash>
      </hashes>
      <licenses>
        <license>
          <id>Apache-2.0</id>
        </license>
      </licenses>
      <purl>pkg:maven/org.springframework/spring-core@5.3.22?type=jar</purl>
      <externalReferences><reference type="website"><url>https://spring.io/projects/spring-framework</url></reference><reference type="issue-tracker"><url>https://github.com/spring-projects/spring-framework/issues</url></reference><reference type="vcs"><url>https://github.com/spring-projects/spring-framework</url></reference></externalReferences>
    </component>
    <component type="library" bom-ref="pkg:maven/org.springframework/spring-jcl@5.3.22?type=jar">
      <publisher>Spring IO</publisher>
      <group>org.springframework</group>
      <name>spring-jcl</name>
      <version>5.3.22</version>
      <description>Spring Commons Logging Bridge</description>
      <scope>required</scope>
      <hashes>
        <hash alg="MD5">ee2f0e6c61acc47fa33c908177c921c0</hash>
        <hash alg="SHA-1">811ace5e5eb379654ed96fd7844809db51af74a5</hash>
        <hash alg="SHA-256">9850007771da9a266a1c8176a7a8387cc33603f5f92dc753afc846dec125c880</hash>
        <hash alg="SHA-512">e4512c191cfb926839aebddea52a214f8571b9062825bda5ad45c7a589fb5e345131f3dac6d44ffb4eab9704036676efe6d58e75d294e7d26deb5de853f22978</hash>
        <hash alg="SHA-384">ded00cbc79e55bff47528595d20c36146b0b0d6aced22b72342c27aad1b3237dfb7542dbd056eeaec8fc1d92f5a0e535</hash>
        <hash alg="SHA3-384">57d31acfbedb31488cc7073e6218a084b5d65e558878762a94dd792fa816fc16843dc9f0628150b216f17ab5f133204e</hash>
        <hash alg="SHA3-256">1e82255ab13f7488754caf3435d93d7593e944db55b992500c6e58db2dfcde00</hash>
        <hash alg="SHA3-512">1eddaca8eb29cef32c1450093011fb678e4fa7ac878d234a6041c54f34b24b53ccc41c2f9d6b7b0fb69250337477364f5691ad7916a95952db7a76eefada8a15</hash>
      </hashes>
      <licenses>
        <license>
          <id>Apache-2.0</id>
        </license>
      </licenses>
      <purl>pkg:maven/org.springframework/spring-jcl@5.3.22?type=jar</purl>
      <externalReferences><reference type="website"><url>https://spring.io/projects/spring-framework</url></reference><reference type="issue-tracker"><url>https://github.com/spring-projects/spring-framework/issues</url></reference><reference type="vcs"><url>https://github.com/spring-projects/spring-framework</url></reference></externalReferences>
    </component>
    <component type="library" bom-ref="pkg:maven/org.openstreetmap.osmosis/osmosis-pbf2@0.48.3?type=jar">
      <group>org.openstreetmap.osmosis</group>
      <name>osmosis-pbf2</name>
      <version>0.48.3</version>
      <description>Osmosis is a Java application and library for processing OSM data.</description>
      <scope>required</scope>
      <hashes>
        <hash alg="MD5">fe246bf79df0c8794bfbb09d0e56429e</hash>
        <hash alg="SHA-1">60df97d74ce5f2a58ed1ddbbeb18fd3a6e2abf08</hash>
        <hash alg="SHA-256">3d19bee97a8a45f0b363791c348531c56bd7a044b026fa424448e64e5504cc2a</hash>
        <hash alg="SHA-512">b01409bd22e36c316794755a9f4a42928ae45d6a34e17dcdd7c8914714cde8be3e37f642207ca4701ecbad9ad5cf89f69d99e2b4c067898e5ed1105102a75202</hash>
        <hash alg="SHA-384">9d515ec6c0a73eea0e0309d828cc1c8dcec6a0ade3fc9e1ac3c55e5f2c0140b681c73b5276cb611c28b85e85851e0b1f</hash>
        <hash alg="SHA3-384">a5a73f443fd460bd2a11c0c336d0ccb2fa060260a3fc38298134d86dfe30fd494d0192f2364e30711a6de2fd2af2006d</hash>
        <hash alg="SHA3-256">5fae9ff4ec9ef905ceb77cee3e4a76be87040af594fb05cd5e4aa232c8426c10</hash>
        <hash alg="SHA3-512">dbebefab2ed1ddef29f53f9c6ff02f853c9bbfc9fd535c17e6b24d37e2618ed36e8f0d064b75e68a2b130eb90ed984d4c2c52322cf46f7fd66a624daa7f323c7</hash>
      </hashes>
      <licenses>
        <license>
          <name>Public Domain</name>
        </license>
      </licenses>
      <purl>pkg:maven/org.openstreetmap.osmosis/osmosis-pbf2@0.48.3?type=jar</purl>
      <externalReferences><reference type="vcs"><url>https://github.com/openstreetmap/osmosis</url></reference></externalReferences>
    </component>
    <component type="library" bom-ref="pkg:maven/org.openstreetmap.osmosis/osmosis-core@0.48.3?type=jar">
      <group>org.openstreetmap.osmosis</group>
      <name>osmosis-core</name>
      <version>0.48.3</version>
      <description>Osmosis is a Java application and library for processing OSM data.</description>
      <scope>required</scope>
      <hashes>
        <hash alg="MD5">d5a887e81ace65139dee7c7b402f434b</hash>
        <hash alg="SHA-1">e957357c3e080005b87605ba22ff1df5ae40b81f</hash>
        <hash alg="SHA-256">b2d51d9a8d7c5c3730ca8847c1354b8c18a2b85ac2a4937f178f1f680d98e4bb</hash>
        <hash alg="SHA-512">0fe0927b3d8060d6188c496d1d8c7b0c85f21ef7eae340559da1844d5e3e3b7416b07ffd97eaa163990437493f4cabf52687df7831dc4ede81c183d197b46a64</hash>
        <hash alg="SHA-384">d2bb3c38b56c6a4a199814db8227098f5e0f0992a9a0ba9e86cd6bb9aa112ef78df1b629f45bb34662a4473875cf22c2</hash>
        <hash alg="SHA3-384">689c75212d63f4ca39214227557ceee18fd99f4ff06c805e82da29fafcc2324008affde3bf78877a5c8bf485b43d24f0</hash>
        <hash alg="SHA3-256">dc80f9720fd3e90deb7de5c322cbd07c4916a91f90ddf6a172f757e1e391bd5f</hash>
        <hash alg="SHA3-512">136dae634c957a8939e8bb29daf47c89316bef24d62a3149cb416c3b76f2351ee4f4e233fe25299346edc35d835873194ba634a7da37bb23fc20ad046d31096c</hash>
      </hashes>
      <licenses>
        <license>
          <name>Public Domain</name>
        </license>
      </licenses>
      <purl>pkg:maven/org.openstreetmap.osmosis/osmosis-core@0.48.3?type=jar</purl>
      <externalReferences><reference type="vcs"><url>https://github.com/openstreetmap/osmosis</url></reference></externalReferences>
    </component>
    <component type="library" bom-ref="pkg:maven/net.sf.jpf/jpf@1.5?type=jar">
      <group>net.sf.jpf</group>
      <name>jpf</name>
      <version>1.5</version>
      <description>Java Plugin Framework</description>
      <hashes>
        <hash alg="MD5">4141ceea230c9428f82a1b9ea6f09985</hash>
        <hash alg="SHA-1">dd3c81d603e0223e226ae8ccef53acdfb01052d0</hash>
        <hash alg="SHA-256">1c9d501d76fd6a77073d1bfeb45d1be9c28f57e98081075587fa4a75ef095928</hash>
        <hash alg="SHA-512">d8241be4b8607e91f88a98b4c7eca1571fd571d9e5e9294a22229e09c3bc61d22f5bc18437cb8f494e2e909e28b335a78e77b62d0a2100e5aa66044199b01ea2</hash>
        <hash alg="SHA-384">08d7b3c3f8398c03b98730b005954ff8f8c079bd0ca1b4d4df9d40419b77a7ac4b04d9f233ff2ea4f1952ac153b3e49d</hash>
        <hash alg="SHA3-384">6a99ef1d8f2519d11ec9fdaa33d3bcedbf4216bfaf870b7b605dc04198ede463947d8139177236effbe5478d4124f0e3</hash>
        <hash alg="SHA3-256">e65c6e36ba322fbb012ed78cf84fcb39582d70336ecbd475949cf8d853df59b6</hash>
        <hash alg="SHA3-512">9cccf22fe32d9a2d054c801e772d55c02e9af3d0f967211ad6825d229f69deecf58360c031a1bf9a8e55447f2c505fa9eddd168d682cd3bf507c30a090d02c11</hash>
      </hashes>
      <licenses>
        <license>
          <name>GNU Lesser General Public License, Version 2.1, February 1999</name>
          <url>http://jpf.sourceforge.net/license.txt</url>
        </license>
      </licenses>
      <purl>pkg:maven/net.sf.jpf/jpf@1.5?type=jar</purl>
      <externalReferences><reference type="vcs"><url>http://jpf.cvs.sourceforge.net/jpf/</url></reference></externalReferences>
    </component>
    <component type="library" bom-ref="pkg:maven/commons-logging/commons-logging@1.0.4?type=jar">
      <publisher>The Apache Software Foundation</publisher>
      <group>commons-logging</group>
      <name>commons-logging</name>
      <version>1.0.4</version>
      <description>Commons Logging is a thin adapter allowing configurable bridging to other,
    well known logging systems.</description>
      <hashes>
        <hash alg="MD5">8a507817b28077e0478add944c64586a</hash>
        <hash alg="SHA-1">f029a2aefe2b3e1517573c580f948caac31b1056</hash>
        <hash alg="SHA-256">e94af49749384c11f5aa50e8d0f5fe679be771295b52030338d32843c980351e</hash>
        <hash alg="SHA-512">c8d2d39a60adcc49091d393daf30473d1776e4b6b09bb86639171f660833a17afbdc9f3e85843093535da16fa664cd7cd4ca38f54e141018dd1b78de681ad668</hash>
        <hash alg="SHA-384">a08af7c449f30861b88cc8d6ebdc97a480e03a6f5cc56314759a3b6342a3885986ef5016c184c33f89e4a445997d5d14</hash>
        <hash alg="SHA3-384">c7a402c012e7cc62140fee3af3f33cfb71bfd99b9de11995c1d2de0a3be360e35f412bb706aef1bf1490185a7ff1216b</hash>
        <hash alg="SHA3-256">d5ef6dc6ba69bf752fb4cc1de051125b802cb9460885f8004e5daa70c82e22dd</hash>
        <hash alg="SHA3-512">e4b85827f87735bf2e94a54fd2db46a7805650aa49c1208a1d12a8b201f42b31acd022bf6386af68c43c6f678430b8232fab3987e31fc003511bf11c93e24a9f</hash>
      </hashes>
      <licenses>
        <license>
          <id>Apache-2.0</id>
        </license>
      </licenses>
      <purl>pkg:maven/commons-logging/commons-logging@1.0.4?type=jar</purl>
      <externalReferences><reference type="website"><url>http://jakarta.apache.org</url></reference><reference type="distribution"><url>file:///www/jakarta.apache.org/builds/jakarta-commons/logging/</url></reference><reference type="issue-tracker"><url>http://issues.apache.org/bugzilla/</url></reference><reference type="mailing-list"><url>http://nagoya.apache.org/eyebrowse/SummarizeList?listName=commons-dev@jakarta.apache.org</url></reference><reference type="vcs"><url>http://cvs.apache.org/viewcvs/jakarta-commons/logging/</url></reference></externalReferences>
    </component>
    <component type="library" bom-ref="pkg:maven/com.fasterxml.woodstox/woodstox-core@5.1.0?type=jar">
      <publisher>FasterXML</publisher>
      <group>com.fasterxml.woodstox</group>
      <name>woodstox-core</name>
      <version>5.1.0</version>
      <description>Woodstox is a high-performance XML processor that
        implements Stax (JSR-173), SAX2 and Stax2 APIs</description>
      <hashes>
        <hash alg="MD5">88b7a2312146e237a9941b1f00bf456d</hash>
        <hash alg="SHA-1">bd416e84cbd20cb5f2cf13c30b023e814a4d6107</hash>
        <hash alg="SHA-256">6d6107c3e6aac8f1c3e3762b89164b329fb2b15ec0afc8961cf6c4dc355f10bf</hash>
        <hash alg="SHA-512">efc1b5b1b8fe4ea376b78c6ef9e268888bf29780d5cbfe91d582f821532f118a27772377ef96fe0ff4a53e4ef64a1fb1626db4dd1aeb60411893b3c518aaa25b</hash>
        <hash alg="SHA-384">763167a4fe0ac20e3b874b15e8f95e0649b8d0cfcd9090653b505fb5c99ba17dc65f9bc614c2f353fd221679644b87ce</hash>
        <hash alg="SHA3-384">5706efc4a0370a95f73fa3be2be48041aac37337fe53234a750129e316c73c86573aa43e6bcfdb0de4d80823dcc66a1f</hash>
        <hash alg="SHA3-256">32241e20969a3e4d998bcf9ac135c117b1f2f45a0fe2d49214a8ce3703dc9311</hash>
        <hash alg="SHA3-512">e8ce9e2517d0aefbe325ec7efe4ec7b313b850f2c206e84955fe6097def1f2cae183cba0cd3e0a05c14eec0813d1c97c19081983079e3c19dbf036956af2005e</hash>
      </hashes>
      <licenses>
        <license>
          <id>Apache-2.0</id>
        </license>
      </licenses>
      <purl>pkg:maven/com.fasterxml.woodstox/woodstox-core@5.1.0?type=jar</purl>
      <externalReferences><reference type="website"><url>http://fasterxml.com</url></reference><reference type="issue-tracker"><url>https://github.com/FasterXML/woodstox/issues</url></reference><reference type="vcs"><url>https://github.com/FasterXML/woodstox</url></reference><reference type="distribution"><url>https://oss.sonatype.org/service/local/staging/deploy/maven2/</url></reference></externalReferences>
    </component>
    <component type="library" bom-ref="pkg:maven/org.codehaus.woodstox/stax2-api@4.1?type=jar">
      <publisher>fasterxml.com</publisher>
      <group>org.codehaus.woodstox</group>
      <name>stax2-api</name>
      <version>4.1</version>
      <description>tax2 API is an extension to basic Stax 1.0 API that adds significant new functionality, such as full-featured bi-direction validation interface and high-performance Typed Access API.</description>
      <hashes>
        <hash alg="MD5">63d94c33170b23d46f0f2e21ac708872</hash>
        <hash alg="SHA-1">b6e20f3760016b70358e9227be904ecb26a50530</hash>
        <hash alg="SHA-256">3e99c678c42ce353595b6cc71e62f25bd6e58860b3cf79b60adc9240a967924f</hash>
        <hash alg="SHA-512">a3c760fc50d584ba9cdd7795f380f6ba5b173b655fbb7246ac6bf3a590be6362f06e7f04f41b8274ff6a93883877826ccb0e0090b16cd8e9336fc8bd378e139e</hash>
        <hash alg="SHA-384">a6604567b9eeaf9794fa07842f6c2bd1365d728c56a39da513afb716a3dfdf0532eace6fe0b0ae963bbb0054119d635b</hash>
        <hash alg="SHA3-384">d5e1def67f57c75a3d155e91a3862842a4179c4fe3a25d8c8d64c10b95982f764ffd8b5e9253f3828ba5abad148e1cce</hash>
        <hash alg="SHA3-256">362e7f15eb670a84eb226b6b75da3a96f1989e3f1c509187052da4f0cf4cfddc</hash>
        <hash alg="SHA3-512">287d9acbc7a39123294217c6b938ca1b09313358afa7b3f24aaaf5a3ea9ee1aeb21817f8e4962dbaf3a263ecc94c25cea49db0e1fb67c1a9035d12dc919df55e</hash>
      </hashes>
      <licenses>
        <license>
          <id>BSD-4-Clause</id>
        </license>
      </licenses>
      <purl>pkg:maven/org.codehaus.woodstox/stax2-api@4.1?type=jar</purl>
      <externalReferences><reference type="website"><url>http://fasterxml.com</url></reference><reference type="vcs"><url>http://github.com/FasterXML/stax2-api</url></reference><reference type="distribution"><url>https://oss.sonatype.org/service/local/staging/deploy/maven2/</url></reference></externalReferences>
    </component>
    <component type="library" bom-ref="pkg:maven/org.apache.commons/commons-compress@1.21?type=jar">
      <publisher>The Apache Software Foundation</publisher>
      <group>org.apache.commons</group>
      <name>commons-compress</name>
      <version>1.21</version>
      <description>Apache Commons Compress software defines an API for working with
compression and archive formats.  These include: bzip2, gzip, pack200,
lzma, xz, Snappy, traditional Unix Compress, DEFLATE, DEFLATE64, LZ4,
Brotli, Zstandard and ar, cpio, jar, tar, zip, dump, 7z, arj.</description>
      <hashes>
        <hash alg="MD5">2a713d10331bc4e13459a3dc0463f16f</hash>
        <hash alg="SHA-1">4ec95b60d4e86b5c95a0e919cb172a0af98011ef</hash>
        <hash alg="SHA-256">6aecfd5459728a595601cfa07258d131972ffc39b492eb48bdd596577a2f244a</hash>
        <hash alg="SHA-512">c92d9a12547aab475e057955ad815fdfe92ff44c78383fa5af54b089f1bff5525126ef6aef93334f3bfc22e2fef4ad0d969f69384e978a83a55f011a53e7e471</hash>
        <hash alg="SHA-384">da56f95d420cd7278cee646f4cd0e7a5ee12b6a2894efaec12f0ff7b56c3d43e5db736fe1ed66ff91118b16f2d64ebef</hash>
        <hash alg="SHA3-384">6d3dc0198dd523a49fa94e054841aece853577b5c3ea1029fc288ad9ff580ab1b65ea99ddbe58c42125054e8c43be461</hash>
        <hash alg="SHA3-256">37d4a014b50393793d35c70431bd8a1842c197d854c6f174dfa946b9edc2b841</hash>
        <hash alg="SHA3-512">61609f60746406a7cb1ef3f979488beca6674fde208c9025d3fdee115de4767e8a4a1ee38f5bf79ac0104505ddb3558f1feeba5e318d6545647120ac60db6b89</hash>
      </hashes>
      <licenses>
        <license>
          <id>Apache-2.0</id>
        </license>
      </licenses>
      <purl>pkg:maven/org.apache.commons/commons-compress@1.21?type=jar</purl>
      <externalReferences><reference type="issue-tracker"><url>https://issues.apache.org/jira/browse/COMPRESS</url></reference><reference type="vcs"><url>https://gitbox.apache.org/repos/asf?p=commons-compress.git</url></reference><reference type="build-system"><url>https://builds.apache.org/</url></reference><reference type="mailing-list"><url>https://mail-archives.apache.org/mod_mbox/commons-user/</url></reference><reference type="website"><url>https://www.apache.org/</url></reference><reference type="distribution"><url>https://repository.apache.org/service/local/staging/deploy/maven2</url></reference></externalReferences>
    </component>
    <component type="library" bom-ref="pkg:maven/xerces/xercesImpl@2.12.0?type=jar">
      <group>xerces</group>
      <name>xercesImpl</name>
      <version>2.12.0</version>
      <description>Xerces2 is the next generation of high performance, fully compliant XML parsers in the Apache Xerces family. This new version of Xerces introduces the Xerces Native Interface (XNI), a complete framework for building parser components and configurations that is extremely modular and easy to program.

    The Apache Xerces2 parser is the reference implementation of XNI but other parser components, configurations, and parsers can be written using the Xerces Native Interface. For complete design and implementation documents, refer to the XNI Manual.

    Xerces2 is a fully conforming XML Schema 1.0 processor. A partial experimental implementation of the XML Schema 1.1 Structures and Datatypes Working Drafts (December 2009) and an experimental implementation of the XML Schema Definition Language (XSD): Component Designators (SCD) Candidate Recommendation (January 2010) are provided for evaluation. For more information, refer to the XML Schema page.

    Xerces2 also provides a complete implementation of the Document Object Model Level 3 Core and Load/Save W3C Recommendations and provides a complete implementation of the XML Inclusions (XInclude) W3C Recommendation. It also provides support for OASIS XML Catalogs v1.1.

    Xerces2 is able to parse documents written according to the XML 1.1 Recommendation, except that it does not yet provide an option to enable normalization checking as described in section 2.13 of this specification. It also handles namespaces according to the XML Namespaces 1.1 Recommendation, and will correctly serialize XML 1.1 documents if the DOM level 3 load/save APIs are in use.</description>
      <hashes>
        <hash alg="MD5">b89632b53c4939a2982bcb52806f6dec</hash>
        <hash alg="SHA-1">f02c844149fd306601f20e0b34853a670bef7fa2</hash>
        <hash alg="SHA-256">b50d3a4ca502faa4d1c838acb8aa9480446953421f7327e338c5dda3da5e76d0</hash>
        <hash alg="SHA-512">e9d62dc311df808f88ac63b427bb40567c19cec618a33d0a9c7c830b1bb7c64dae263a5ee6c824d8e51a63cd24f49fe2ef4e2563d6e6aa0400f63e9bb35dce97</hash>
        <hash alg="SHA-384">4638b651e5f29f0e82dfa308924859f707ba7877610688710dd77c5ae5e53e3e4a3168f962bb3d985f4e5b9236776988</hash>
        <hash alg="SHA3-384">bdcedc76039beedc082ca899f067b091d31dd98544bba2e79f0841dd51833ba27641eb0cb268356b1e291e7ae8a99396</hash>
        <hash alg="SHA3-256">0288ce50309db0b4e1801962cf13db0f3c9bda069b904710daebaa162fb37828</hash>
        <hash alg="SHA3-512">092f009fe5dc0238d8df05f35138017570097932183ee7b08aa039bd112877f47e0bcc73550de390a54c3a09539e8ba02404a2e9bb11148e6d45938383252dd8</hash>
      </hashes>
      <licenses>
        <license>
          <id>Apache-2.0</id>
        </license>
      </licenses>
      <purl>pkg:maven/xerces/xercesImpl@2.12.0?type=jar</purl>
      <externalReferences><reference type="vcs"><url>https://svn.apache.org/repos/asf/xerces/java/</url></reference></externalReferences>
    </component>
    <component type="library" bom-ref="pkg:maven/xml-apis/xml-apis@1.4.01?type=jar">
      <group>xml-apis</group>
      <name>xml-apis</name>
      <version>1.4.01</version>
      <description>xml-commons provides an Apache-hosted set of DOM, SAX, and 
    JAXP interfaces for use in other xml-based projects. Our hope is that we 
    can standardize on both a common version and packaging scheme for these 
    critical XML standards interfaces to make the lives of both our developers 
    and users easier. The External Components portion of xml-commons contains 
    interfaces that are defined by external standards organizations. For DOM, 
    that's the W3C; for SAX it's David Megginson and sax.sourceforge.net; for 
    JAXP it's Sun.</description>
      <hashes>
        <hash alg="MD5">7eaad6fea5925cca6c36ee8b3e02ac9d</hash>
        <hash alg="SHA-1">3789d9fada2d3d458c4ba2de349d48780f381ee3</hash>
        <hash alg="SHA-256">a840968176645684bb01aed376e067ab39614885f9eee44abe35a5f20ebe7fad</hash>
        <hash alg="SHA-512">8db0283b6840cd6407957d296b802e3edf90653e2722f8e29f86c1c0b60996c4b43e9e065e6864dab89b2138ddb0174d9b4fdda4a93f94eeb884783db82f3268</hash>
        <hash alg="SHA-384">bce0ec0f0f692213a1110197c4a11c333673ae0630481255d12b441a8cba70aecfaf104c3d8d9b500ed2a0a19a2bfcce</hash>
        <hash alg="SHA3-384">c1d8154ef6eee57dfe6ae9a1c1a2525e9ec2aab3631911a53c064ea6480c0b3b1ce8dd079db7b3693d7ef81daba28ace</hash>
        <hash alg="SHA3-256">09eb76497eac5012ce1000c52f4e597c4941a44b9d960b1ac58a19beb2dd63fc</hash>
        <hash alg="SHA3-512">1e4eb902e50b3388da4d161ee49f4d47b61dddd2ad10e6ef6cbb67c4ebc9043e0b65ae59a4a0c8eb03dd28814ce4aedd7e0d4962a0aedc3bdcf7de37cde38f66</hash>
      </hashes>
      <licenses>
        <license>
          <id>Apache-2.0</id>
        </license>
        <license>
          <id>SAX-PD</id>
          <url>http://www.saxproject.org/copying.html</url>
        </license>
        <license>
          <name>The W3C License</name>
          <url>http://www.w3.org/TR/2004/REC-DOM-Level-3-Core-20040407/java-binding.zip</url>
        </license>
      </licenses>
      <purl>pkg:maven/xml-apis/xml-apis@1.4.01?type=jar</purl>
      <externalReferences><reference type="issue-tracker"><url>http://issues.apache.org/bugzilla/</url></reference><reference type="mailing-list"><url>http://mail-archives.apache.org/mod_mbox/xml-commons-dev/</url></reference><reference type="vcs"><url>https://svn.apache.org/viewvc/xml/commons/tags/xml-commons-external-1_4_01/</url></reference></externalReferences>
    </component>
    <component type="library" bom-ref="pkg:maven/org.openstreetmap.osmosis/osmosis-osm-binary@0.48.3?type=jar">
      <group>org.openstreetmap.osmosis</group>
      <name>osmosis-osm-binary</name>
      <version>0.48.3</version>
      <description>Osmosis is a Java application and library for processing OSM data.</description>
      <hashes>
        <hash alg="MD5">b9fae47713d209f65479fc61ade4f80a</hash>
        <hash alg="SHA-1">9620a7c124d78d106a1755ad0d2c1a022f31c3c6</hash>
        <hash alg="SHA-256">06538f38520151c3b4d32d05311038509c10be5b43c2534c4d127dfe698bf2eb</hash>
        <hash alg="SHA-512">3b6226e907d9a422d9db684459a810372e4e02c6692d19980d59fc3f3e19f03297641bd91c9cdbafe3a7a4e37282526d5d6ae0940a919ecaf8072f9c73336c0a</hash>
        <hash alg="SHA-384">02b564786da4a9ce976b55bbfd91d4f0e8e8ba54d1e8eabfd9edfb4e9e318dcf2524e8f1ff77aaa5fc38430c5a1ab678</hash>
        <hash alg="SHA3-384">3ac6ad20872bba4f9ec67837948d92929a4fdc3e35e58d2d9e77cebebee6333464c83c9f4df54912f59f4ff75eb7b3af</hash>
        <hash alg="SHA3-256">a38ca95a463347c15e16354e6222d56024f5decfb096be7c72743e851161cfcf</hash>
        <hash alg="SHA3-512">e4d3e7e1d47b83e50c2ac66c464558a1564a866232ca65f8e705d23e7c01c56a54c4c008e3e51a82be04b475305b276b9b4d21c4f5bdfd41dbca570346a69e18</hash>
      </hashes>
      <licenses>
        <license>
          <name>LGPL 3</name>
          <url>http://www.gnu.org/licenses/lgpl-3.0.html</url>
        </license>
      </licenses>
      <purl>pkg:maven/org.openstreetmap.osmosis/osmosis-osm-binary@0.48.3?type=jar</purl>
      <externalReferences><reference type="vcs"><url>https://github.com/openstreetmap/osmosis</url></reference></externalReferences>
    </component>
    <component type="library" bom-ref="pkg:maven/com.google.guava/guava@31.1-jre?type=jar">
      <group>com.google.guava</group>
      <name>guava</name>
      <version>31.1-jre</version>
      <description>Guava is a suite of core and expanded libraries that include
    utility classes, Google's collections, I/O classes, and
    much more.</description>
      <hashes>
        <hash alg="MD5">e37782d974104aa3b0a7bee9927c8042</hash>
        <hash alg="SHA-1">60458f877d055d0c9114d9e1a2efb737b4bc282c</hash>
        <hash alg="SHA-256">a42edc9cab792e39fe39bb94f3fca655ed157ff87a8af78e1d6ba5b07c4a00ab</hash>
        <hash alg="SHA-512">532664e3dd33699bdfb296e355bc58fde77edc019c10f464ae49fe2494a68fd25d1623a9c86bc72830ca9f1354226366ac6f3c09d77be952641e971386a4ebbb</hash>
        <hash alg="SHA-384">829ba1c473782158d43a0e56c932b45139f121a504613b27eacf6b0774354e52c5eccaab5c2da3753b5686b93f0169b4</hash>
        <hash alg="SHA3-384">55f70ee4afad92540faa9d260109c00190e6d1bbacf10b22e52f599103284c1a8b2a2043d8fafbe1309245290b5fe614</hash>
        <hash alg="SHA3-256">dd534fb7df6b380d8701290b0b0c4e388cf42f8179a436c509c0899afde91e5c</hash>
        <hash alg="SHA3-512">617288cc45858588e0626edd21382d38b87cd0e6c78221e3a1626f579d5b4acd4adff37b72e3e51c73e91132f43951d12369624dd515f87bcc0c54213db43ede</hash>
      </hashes>
      <licenses>
        <license>
          <id>Apache-2.0</id>
        </license>
      </licenses>
      <purl>pkg:maven/com.google.guava/guava@31.1-jre?type=jar</purl>
      <externalReferences><reference type="build-system"><url>https://github.com/google/guava/actions</url></reference><reference type="distribution"><url>https://oss.sonatype.org/service/local/staging/deploy/maven2/</url></reference><reference type="issue-tracker"><url>https://github.com/google/guava/issues</url></reference><reference type="vcs"><url>https://github.com/google/guava</url></reference></externalReferences>
    </component>
    <component type="library" bom-ref="pkg:maven/com.google.guava/failureaccess@1.0.1?type=jar">
      <group>com.google.guava</group>
      <name>failureaccess</name>
      <version>1.0.1</version>
      <description>Contains
    com.google.common.util.concurrent.internal.InternalFutureFailureAccess and
    InternalFutures. Most users will never need to use this artifact. Its
    classes is conceptually a part of Guava, but they're in this separate
    artifact so that Android libraries can use them without pulling in all of
    Guava (just as they can use ListenableFuture by depending on the
    listenablefuture artifact).</description>
      <hashes>
        <hash alg="MD5">091883993ef5bfa91da01dcc8fc52236</hash>
        <hash alg="SHA-1">1dcf1de382a0bf95a3d8b0849546c88bac1292c9</hash>
        <hash alg="SHA-256">a171ee4c734dd2da837e4b16be9df4661afab72a41adaf31eb84dfdaf936ca26</hash>
        <hash alg="SHA-512">f8d59b808d6ba617252305b66d5590937da9b2b843d492d06b8d0b1b1f397e39f360d5817707797b979a5bf20bf21987b35333e7a15c44ed7401fea2d2119cae</hash>
        <hash alg="SHA-384">67659dbd9647ec303d7f15128dc9dba19b98fd8d74758ee3b602451e32c855e236ccaafe08edf4bbfa245f981268440f</hash>
        <hash alg="SHA3-384">1460875f0331c5fa3791772a6a322a7db180261bc2adacf7271df1fbf3b088a587a755a604c039982cb593c5cfc1f101</hash>
        <hash alg="SHA3-256">ea86406e75fcd93eafe3cde1b3135ba485f1bb9b75fed98894a0bf1f0aee04f0</hash>
        <hash alg="SHA3-512">52ac0f487ab5dd27c9f2e54fd1d84c7a620cae9d49be4072aa2b11501787bf4391ddaa13d02eccdf19e8eea46aecbea5f6064b26777c1b836108a280652e04ac</hash>
      </hashes>
      <licenses>
        <license>
          <id>Apache-2.0</id>
        </license>
      </licenses>
      <purl>pkg:maven/com.google.guava/failureaccess@1.0.1?type=jar</purl>
      <externalReferences><reference type="build-system"><url>https://travis-ci.org/google/guava</url></reference><reference type="issue-tracker"><url>https://github.com/google/guava/issues</url></reference><reference type="vcs"><url>https://github.com/google/guava</url></reference><reference type="distribution"><url>https://oss.sonatype.org/service/local/staging/deploy/maven2/</url></reference></externalReferences>
    </component>
    <component type="library" bom-ref="pkg:maven/com.google.guava/listenablefuture@9999.0-empty-to-avoid-conflict-with-guava?type=jar">
      <group>com.google.guava</group>
      <name>listenablefuture</name>
      <version>9999.0-empty-to-avoid-conflict-with-guava</version>
      <description>An empty artifact that Guava depends on to signal that it is providing
    ListenableFuture -- but is also available in a second "version" that
    contains com.google.common.util.concurrent.ListenableFuture class, without
    any other Guava classes. The idea is:

    - If users want only ListenableFuture, they depend on listenablefuture-1.0.

    - If users want all of Guava, they depend on guava, which, as of Guava
    27.0, depends on
    listenablefuture-9999.0-empty-to-avoid-conflict-with-guava. The 9999.0-...
    version number is enough for some build systems (notably, Gradle) to select
    that empty artifact over the "real" listenablefuture-1.0 -- avoiding a
    conflict with the copy of ListenableFuture in guava itself. If users are
    using an older version of Guava or a build system other than Gradle, they
    may see class conflicts. If so, they can solve them by manually excluding
    the listenablefuture artifact or manually forcing their build systems to
    use 9999.0-....</description>
      <hashes>
        <hash alg="MD5">d094c22570d65e132c19cea5d352e381</hash>
        <hash alg="SHA-1">b421526c5f297295adef1c886e5246c39d4ac629</hash>
        <hash alg="SHA-256">b372a037d4230aa57fbeffdef30fd6123f9c0c2db85d0aced00c91b974f33f99</hash>
        <hash alg="SHA-512">c5987a979174cbacae2e78b319f080420cc71bcdbcf7893745731eeb93c23ed13bff8d4599441f373f3a246023d33df03e882de3015ee932a74a774afdd0782f</hash>
        <hash alg="SHA-384">caff9b74079f95832ca7f6029346b34b606051cc8c5a4389fac263511d277ada0c55f28b0d43011055b268c6eb7184d5</hash>
        <hash alg="SHA3-384">e939f08df0545847ea0d3e4b04a114b08499ad069ba8ec9461d1779f87a56e0c37273630a0f4c14e78c348d3ac7eb97f</hash>
        <hash alg="SHA3-256">1f0a8b1177773b3a8ace839df5eed63cbf56b24a38714898a6e4ed065c42559f</hash>
        <hash alg="SHA3-512">6b495ecc2a18b17365cb08d124a0da47f04bcdde81927b5245edf3edd8e498c3c3fb92ce6a4127f660bac851bb1d3e4510e5c20d03be47ce99dc296d360db285</hash>
      </hashes>
      <licenses>
        <license>
          <id>Apache-2.0</id>
        </license>
      </licenses>
      <purl>pkg:maven/com.google.guava/listenablefuture@9999.0-empty-to-avoid-conflict-with-guava?type=jar</purl>
      <externalReferences><reference type="build-system"><url>https://travis-ci.org/google/guava</url></reference><reference type="issue-tracker"><url>https://github.com/google/guava/issues</url></reference><reference type="vcs"><url>https://github.com/google/guava</url></reference><reference type="distribution"><url>https://oss.sonatype.org/service/local/staging/deploy/maven2/</url></reference></externalReferences>
    </component>
    <component type="library" bom-ref="pkg:maven/com.google.code.findbugs/jsr305@3.0.2?type=jar">
      <group>com.google.code.findbugs</group>
      <name>jsr305</name>
      <version>3.0.2</version>
      <description>JSR305 Annotations for Findbugs</description>
      <hashes>
        <hash alg="MD5">dd83accb899363c32b07d7a1b2e4ce40</hash>
        <hash alg="SHA-1">25ea2e8b0c338a877313bd4672d3fe056ea78f0d</hash>
        <hash alg="SHA-256">766ad2a0783f2687962c8ad74ceecc38a28b9f72a2d085ee438b7813e928d0c7</hash>
        <hash alg="SHA-512">bb09db62919a50fa5b55906013be6ca4fc7acb2e87455fac5eaf9ede2e41ce8bbafc0e5a385a561264ea4cd71bbbd3ef5a45e02d63277a201d06a0ae1636f804</hash>
        <hash alg="SHA-384">ca0b169d3eb2d0922dc031133a021f861a043bb3e405a88728215fd6ff00fa52fdc7347842dcc2031472e3726164bdc4</hash>
        <hash alg="SHA3-384">9903fd7505218999f8262efedb3d935d64bcef84aae781064ab5e1b24755466b269517cada562fa140cd1d417ede57a1</hash>
        <hash alg="SHA3-256">223fda9a89a461afaae73b177a2dc20ed4a90f2f8757f5c65f3241b0510f00ff</hash>
        <hash alg="SHA3-512">3996b5af57a5d5c6a0cd62b11773360fb051dd86a2ba968476806a2a5d32049b82d69a24a3c694e8fe4d735be6a28e41000cc500cc2a9fb577e058045855d2d6</hash>
      </hashes>
      <licenses>
        <license>
          <id>Apache-2.0</id>
        </license>
      </licenses>
      <purl>pkg:maven/com.google.code.findbugs/jsr305@3.0.2?type=jar</purl>
      <externalReferences><reference type="vcs"><url>https://code.google.com/p/jsr-305/</url></reference><reference type="distribution"><url>https://oss.sonatype.org/service/local/staging/deploy/maven2/</url></reference></externalReferences>
    </component>
    <component type="library" bom-ref="pkg:maven/org.checkerframework/checker-qual@3.12.0?type=jar">
      <group>org.checkerframework</group>
      <name>checker-qual</name>
      <version>3.12.0</version>
      <description>checker-qual contains annotations (type qualifiers) that a programmer
writes to specify Java code for type-checking by the Checker Framework.</description>
      <hashes>
        <hash alg="MD5">ab1ae0e2f2f63601597a5a96fca8a54f</hash>
        <hash alg="SHA-1">d5692f0526415fcc6de94bb5bfbd3afd9dd3b3e5</hash>
        <hash alg="SHA-256">ff10785ac2a357ec5de9c293cb982a2cbb605c0309ea4cc1cb9b9bc6dbe7f3cb</hash>
        <hash alg="SHA-512">ff20c424e130c31c30b4f4f5b4374f8f98f94ddae2b123f3c213f147be6b3de57854ee5651b02dd97d352c1c1df2a8bfeef73d5307a71372f46a6002eab24d78</hash>
        <hash alg="SHA-384">60641d5967c60154359437cf49d8b0c14e7c1d876ab1fff4932590b19edcad0e65975299004ac896fb190f45b69ef1a1</hash>
        <hash alg="SHA3-384">aa56f81cc52d6fa2bf40be155584ea7bed253b29fa9d7aa9b56d898ea01909b217efd676ceb8c7c913c4d800bfee7529</hash>
        <hash alg="SHA3-256">85ce7342830164963b1cff7257c1e07aec3eb134ba4ff7102e77de8c33191c87</hash>
        <hash alg="SHA3-512">29ff1fc98ce64a52fc15796f127b5b100522ef88e15c5e129941c4954a3ef1b51a3059c131cb36ba4838c5ab76b2e0f2ab2dd4e9f6edba0ec8154c450c0a2130</hash>
      </hashes>
      <licenses>
        <license>
          <id>MIT</id>
        </license>
      </licenses>
      <purl>pkg:maven/org.checkerframework/checker-qual@3.12.0?type=jar</purl>
      <externalReferences><reference type="vcs"><url>https://github.com/typetools/checker-framework.git</url></reference></externalReferences>
    </component>
    <component type="library" bom-ref="pkg:maven/com.google.errorprone/error_prone_annotations@2.11.0?type=jar">
      <publisher>Google LLC</publisher>
      <group>com.google.errorprone</group>
      <name>error_prone_annotations</name>
      <version>2.11.0</version>
      <description>Error Prone is a static analysis tool for Java that catches common programming mistakes at compile-time.</description>
      <hashes>
        <hash alg="MD5">656ad66261b7e7ea472ed0ffeea773ea</hash>
        <hash alg="SHA-1">c5a0ace696d3f8b1c1d8cc036d8c03cc0cbe6b69</hash>
        <hash alg="SHA-256">721cb91842b46fa056847d104d5225c8b8e1e8b62263b993051e1e5a0137b7ec</hash>
        <hash alg="SHA-512">defcaf30b7def5071243f3982d0d81c47c05b1a95c4d6143b3af86451e97c212c8d620d7220784e541fe8ee95f7fc59452fa6392fa37dac2d5705bfaf06105ba</hash>
        <hash alg="SHA-384">92221cb62c44dc982a8e9c54b99a1c75e0e4c48cd2f03b3272badcd03ab1b8bfc8bcbbe426a8d08074edba69b09a2b79</hash>
        <hash alg="SHA3-384">545c6c45a970b5ac7eb236b0d5d4b98e48e9a36336d8052bac36b409a7489a3d6d68f5a7bb58cfb21189bdab477d4b92</hash>
        <hash alg="SHA3-256">dd2ca92808ddd03f50e3776b6e9aa86d92bdbf170ebe06d47e7c45940b435739</hash>
        <hash alg="SHA3-512">2cdc44a85ce2fb11e54bdd6487978f181f8daca32c40895b252f4be352f9a631e35bc0fabc026216365a05980f4548b2d59dc737b0d465e0005c0a1f325e281e</hash>
      </hashes>
      <licenses>
        <license>
          <id>Apache-2.0</id>
        </license>
      </licenses>
      <purl>pkg:maven/com.google.errorprone/error_prone_annotations@2.11.0?type=jar</purl>
      <externalReferences><reference type="website"><url>http://www.google.com</url></reference><reference type="vcs"><url>https://github.com/google/error-prone</url></reference></externalReferences>
    </component>
    <component type="library" bom-ref="pkg:maven/com.google.j2objc/j2objc-annotations@1.3?type=jar">
      <group>com.google.j2objc</group>
      <name>j2objc-annotations</name>
      <version>1.3</version>
      <description>A set of annotations that provide additional information to the J2ObjC
    translator to modify the result of translation.</description>
      <hashes>
        <hash alg="MD5">5fa4ec4ec0c5aa70af8a7d4922df1931</hash>
        <hash alg="SHA-1">ba035118bc8bac37d7eff77700720999acd9986d</hash>
        <hash alg="SHA-256">21af30c92267bd6122c0e0b4d20cccb6641a37eaf956c6540ec471d584e64a7b</hash>
        <hash alg="SHA-512">51ea975179f809cb260751d11a513881b643bf016d15949bcb63b57d3c8868a2197e0620ccbaa5739e032797ec6faa3aa6d64606e999fce32930314780ca4115</hash>
        <hash alg="SHA-384">d2a54e4bb17793a98f85fb8f91138cd3b3d311385b7fb2c09d05c3112d42218a6da29154ba184f00031919548022aa71</hash>
        <hash alg="SHA3-384">8ba512ee47d36d5712335849e8f0fae21498c983c48fc2b4749ac7dfb4eeddf75dd51d21366667f90d6414db032a7b5b</hash>
        <hash alg="SHA3-256">e97bbe4e1ac9f9785ad0b81fd29fc9c6b0d9e37acc6da6d0b31ce9e6da072664</hash>
        <hash alg="SHA3-512">864bc6181c8ad8372e0a05ec3b0bdebc876571692331d3519e19df54a21ef333e992fe5c4e84759f010cf0657f9ea1c435bea8f103735ec3dc9dd31493e7d4a6</hash>
      </hashes>
      <licenses>
        <license>
          <id>Apache-2.0</id>
        </license>
      </licenses>
      <purl>pkg:maven/com.google.j2objc/j2objc-annotations@1.3?type=jar</purl>
      <externalReferences><reference type="distribution"><url>https://oss.sonatype.org/service/local/staging/deploy/maven2/</url></reference><reference type="vcs"><url>http://svn.sonatype.org/spice/tags/oss-parent-7</url></reference></externalReferences>
    </component>
    <component type="library" bom-ref="pkg:maven/com.google.protobuf/protobuf-java@3.21.4?type=jar">
      <group>com.google.protobuf</group>
      <name>protobuf-java</name>
      <version>3.21.4</version>
      <description>Core Protocol Buffers library. Protocol Buffers are a way of encoding structured data in an
    efficient yet extensible format.</description>
      <hashes>
        <hash alg="MD5">bea74b27998b389ab6b69b72bf49753e</hash>
        <hash alg="SHA-1">9947febd7a6d0695726c78f603a149b7b7c108e0</hash>
        <hash alg="SHA-256">85d0a5b8b7e14395cd4489533433cb18eae6b197b9b5030ac0e67e679beafa8e</hash>
        <hash alg="SHA-512">c41b794046b3a9c69f5db20a307b2c8e5113e5aac2f3222a0d655785521f0c335353b096dcd447f90710ef21a40aec7d5ed46403cad035a791bd2beefa6d5db2</hash>
        <hash alg="SHA-384">ef5eacef8aceb83913892bf28d58275bf53a203226efa04d2fe9cc045f4dfb6682aa118cdc4666b2f41eedaa7e3cc630</hash>
        <hash alg="SHA3-384">c7552944f5a298fc555ddc52cec4c4e4b6532a581913cee18117485a9e077fcad3001360a3a330bc320111e17a850b03</hash>
        <hash alg="SHA3-256">28185b8e186f9f6ca23a1f89d13c2eb6f4c675f180009bc0891c458162e3333e</hash>
        <hash alg="SHA3-512">0f090fa2ea1ad10e556036bf00213d9c3caa89f4cd1e3c75f6b2d0bb3f35a2aeff6df60071c4342f5012b37e864889e7ab7821df327426f40547843e4c6a4f49</hash>
      </hashes>
      <licenses>
        <license>
          <id>BSD-3-Clause</id>
          <url>https://opensource.org/licenses/BSD-3-Clause</url>
        </license>
      </licenses>
      <purl>pkg:maven/com.google.protobuf/protobuf-java@3.21.4?type=jar</purl>
      <externalReferences><reference type="distribution"><url>https://oss.sonatype.org/service/local/staging/deploy/maven2/</url></reference><reference type="vcs"><url>https://github.com/protocolbuffers/protobuf</url></reference></externalReferences>
    </component>
    <component type="library" bom-ref="pkg:maven/org.springdoc/springdoc-openapi-ui@1.6.9?type=jar">
      <group>org.springdoc</group>
      <name>springdoc-openapi-ui</name>
      <version>1.6.9</version>
      <description>Spring openapi documentation</description>
      <scope>optional</scope>
      <hashes>
        <hash alg="MD5">263cf6995cec9bc710e515bd407d2084</hash>
        <hash alg="SHA-1">67779080ae41e374bf282fafd059b74b7741c58c</hash>
        <hash alg="SHA-256">6c25375d193ff6d3dcb92a05e8f3a1ed12cf266acdffb2024f630ad212c87f35</hash>
        <hash alg="SHA-512">f24061e3ddd0535e70dcefb36e992ef89f333d5b045021c683805c854fe3e56ab3e7b684d5177aec23f4ea2ce0bb6365c05a4c4fa0734a81b9bb9486c65c0149</hash>
        <hash alg="SHA-384">82b15d1a1e531804a6a6bbca760d5ee3b4e17c21dc16e893b2d34838a51dbcc71144a80b10bed2defdccea3fc4275648</hash>
        <hash alg="SHA3-384">5fefc6e89a789d535cbb7dfa20644c1f81c16c69475eb1c760752e45a34d040835793b7a43d2b981d73e2d000c75fc04</hash>
        <hash alg="SHA3-256">b1073cc068334f7123ae00dbe0ff2eeaf930134771186a49aa7b4cee52f48751</hash>
        <hash alg="SHA3-512">cb7d5d60b14ea901a3d88bc6c3882937d8a4f13454bfe1ea1724402a5894709a3095f333605aad9b64ab70cd85792f6a95171a18afceba4c32d9a9034d77f5d0</hash>
      </hashes>
      <licenses>
        <license>
          <id>Apache-2.0</id>
        </license>
      </licenses>
      <purl>pkg:maven/org.springdoc/springdoc-openapi-ui@1.6.9?type=jar</purl>
      <externalReferences><reference type="distribution"><url>https://s01.oss.sonatype.org/service/local/staging/deploy/maven2/</url></reference><reference type="vcs"><url>https://github.com/spring-projects/spring-boot</url></reference></externalReferences>
    </component>
    <component type="library" bom-ref="pkg:maven/org.springdoc/springdoc-openapi-webmvc-core@1.6.9?type=jar">
      <group>org.springdoc</group>
      <name>springdoc-openapi-webmvc-core</name>
      <version>1.6.9</version>
      <description>Spring openapi documentation</description>
      <hashes>
        <hash alg="MD5">39a70e4c8d80157e281f06f13d473dde</hash>
        <hash alg="SHA-1">96ab49ac05e07f7fcf90ee6016564c8a9507b0f4</hash>
        <hash alg="SHA-256">df412648b0e0f7f8f604a8a7410bd8bd9d497cfa8ec87030e0a59b64beb1204a</hash>
        <hash alg="SHA-512">547ece7f6c534c26dfcd5faa897ad8f0d6621cc986f3bd87c35682d1c34fc593377e15a35a2ef0909533126ab8d24dc51c9db857f519faead0f90b5ece9fe104</hash>
        <hash alg="SHA-384">62a362a2c5c6c9c59cefdbfdfc51807b726434d1184b46dfd098def0ad7ab0a0ecbfd73f9cfc0a1257faa2b228529d6a</hash>
        <hash alg="SHA3-384">dc748734c7804582e48ece33a12f7fef13db9374aafc3b0820d3b56b8195987451b21404db9d26eba9948f20642f6160</hash>
        <hash alg="SHA3-256">3c06bc83aa0c6db286aa2e2ca46fb6938371d5697598967f29ce233481c43d4e</hash>
        <hash alg="SHA3-512">deddf78182c89ee0ea34803e9252a04abe3652d082822f90f57345f12dc8dc3a2fcc595c6d5828367f3a38983917365c47a9d2957c9e29accbf7b571f2ccbc63</hash>
      </hashes>
      <licenses>
        <license>
          <id>Apache-2.0</id>
        </license>
      </licenses>
      <purl>pkg:maven/org.springdoc/springdoc-openapi-webmvc-core@1.6.9?type=jar</purl>
      <externalReferences><reference type="distribution"><url>https://s01.oss.sonatype.org/service/local/staging/deploy/maven2/</url></reference><reference type="vcs"><url>https://github.com/spring-projects/spring-boot</url></reference></externalReferences>
    </component>
    <component type="library" bom-ref="pkg:maven/org.springdoc/springdoc-openapi-common@1.6.9?type=jar">
      <group>org.springdoc</group>
      <name>springdoc-openapi-common</name>
      <version>1.6.9</version>
      <description>Spring openapi documentation</description>
      <hashes>
        <hash alg="MD5">1d846a48dc6009e00481889c32b6b319</hash>
        <hash alg="SHA-1">86dce912ce5c5e53dce2260fa93f6d271e87c17a</hash>
        <hash alg="SHA-256">f12f4029569128c2966b8d9f86629bf0c743189b879e53a8d4703db3b4ec4d7c</hash>
        <hash alg="SHA-512">3010491456781b2166b2c4cdefe0425bf4131e685c67334c7927057d30ad302494f9344a6a85f32f76c92ff261f18c6abb3d775aa06384bc5e8e24d90d44bdbc</hash>
        <hash alg="SHA-384">2efef273a7df7cd8757eae63b6d54ce1a22b91cd4c5bf39e949c1af819733ce249832eefb0a4ade846835839b02383a1</hash>
        <hash alg="SHA3-384">09f63664a02c3495219f8189b69e11df397418a11f78e608f61e3f57d4cbd3bc62b70d1844f34e5bf5466faf294605df</hash>
        <hash alg="SHA3-256">3383a7827ffa4f141d2e77202a8806569af1c65a6f266abaaee5a2b10747b285</hash>
        <hash alg="SHA3-512">0e25f7cb580aef6a483cbac1d54aa5bf9556e03dd8ee0af0f5bc89e9db7ad05944ecc0510e62379350c188c3bf746d34b2854c7b0610892a0db4af07eef39a75</hash>
      </hashes>
      <licenses>
        <license>
          <id>Apache-2.0</id>
        </license>
      </licenses>
      <purl>pkg:maven/org.springdoc/springdoc-openapi-common@1.6.9?type=jar</purl>
      <externalReferences><reference type="distribution"><url>https://s01.oss.sonatype.org/service/local/staging/deploy/maven2/</url></reference><reference type="vcs"><url>https://github.com/spring-projects/spring-boot</url></reference></externalReferences>
    </component>
    <component type="library" bom-ref="pkg:maven/io.swagger.core.v3/swagger-core@2.2.0?type=jar">
      <group>io.swagger.core.v3</group>
      <name>swagger-core</name>
      <version>2.2.0</version>
      <description>swagger-core</description>
      <hashes>
        <hash alg="MD5">ad83176eb0fa0e096101eeba42b47cc9</hash>
        <hash alg="SHA-1">cc13730807aa6649f91a4e1ca4590e458dfda343</hash>
        <hash alg="SHA-256">93adb0acf9ca98794dcef7d745393bc599cf39bfaf2218ee9da4a8613506b600</hash>
        <hash alg="SHA-512">cad796607c78e0dd4bc50d0e1d6852e5bde9ed11403cd2142f42c669f8aad6182fe339865211a90c527426a5c7de6d213e8670af114ff04cf7b4ad112edddf10</hash>
        <hash alg="SHA-384">3bc7a74b616c46c1cf6ee87a06ce435572db3f273e41aa578e975d55e336fe1bcd16d00b5694a85679aac6cb063a0e01</hash>
        <hash alg="SHA3-384">1b0d941f3d29b9e6a0b700f7ed3d54879120f40a2dcf585ca9cfe467724eb34948fd310a8c5a3cee40f28d4d851e9662</hash>
        <hash alg="SHA3-256">3fce9fd2eda8a434ff80314720b980f618bd728e2afb83ecef739dd8b1c56d02</hash>
        <hash alg="SHA3-512">5f6f31f5ac64bd4b35d12d5c6db68cf1c99ec64ac947b6b67bd46686344d64f74f135716a088bbb6465cf57021f1f5a2c2c73ad220fb31886ce55e3f080de50b</hash>
      </hashes>
      <licenses>
        <license>
          <id>Apache-2.0</id>
          <url>https://www.apache.org/licenses/LICENSE-2.0</url>
        </license>
      </licenses>
      <purl>pkg:maven/io.swagger.core.v3/swagger-core@2.2.0?type=jar</purl>
      <externalReferences><reference type="distribution"><url>https://oss.sonatype.org/service/local/staging/deploy/maven2/</url></reference><reference type="issue-tracker"><url>https://github.com/swagger-api/swagger-core/issues</url></reference><reference type="mailing-list"><url>https://groups.google.com/forum/#!forum/swagger-swaggersocket</url></reference><reference type="vcs"><url>https://github.com/swagger-api/swagger-core</url></reference></externalReferences>
    </component>
    <component type="library" bom-ref="pkg:maven/com.fasterxml.jackson.dataformat/jackson-dataformat-yaml@2.13.3?type=jar">
      <publisher>FasterXML</publisher>
      <group>com.fasterxml.jackson.dataformat</group>
      <name>jackson-dataformat-yaml</name>
      <version>2.13.3</version>
      <description>Support for reading and writing YAML-encoded data via Jackson abstractions.</description>
      <hashes>
        <hash alg="MD5">a0efd232421d0be6f209d26a498c00bf</hash>
        <hash alg="SHA-1">9363ded5441b1fee62d5be0604035690ca759a2a</hash>
        <hash alg="SHA-256">d164dad0b4e25aea7db8f96f4ba356af570ccc1a9c188a0b4cd2dda595231636</hash>
        <hash alg="SHA-512">2d10611cb8abe0a8fbd2131000f8b8ffa7e5eeea45fa69e57a19996a7b769fabd1f8dc71a10fc540af3a6b4e50b1bfc1deda50070a3d933cc7a8bb5849b891ec</hash>
        <hash alg="SHA-384">7ae697273c6a5db2a255a27ac60420064ced9c2795a4bffb30815b089873db709973ffea72af03669621b20c92603c6f</hash>
        <hash alg="SHA3-384">976f2b145cc31a825e2c6ba841acb14ae601a85411973fcf5e3688fc37bc3bf87749ddbbd6287698b04a4aa3019c4711</hash>
        <hash alg="SHA3-256">2a62fd6b9b709ff3172b44de656aac30f1c0883334c4d06b89245c7a6ed3780f</hash>
        <hash alg="SHA3-512">ff8fb17fbe9d714f47a7b3a0e391e43ec13218c6b2594123b4fedcddd3239120b2261c0cb9530be5a8281885419d85980805a5c07eccb4986945327cf8a7125e</hash>
      </hashes>
      <licenses>
        <license>
          <id>Apache-2.0</id>
        </license>
      </licenses>
      <purl>pkg:maven/com.fasterxml.jackson.dataformat/jackson-dataformat-yaml@2.13.3?type=jar</purl>
      <externalReferences><reference type="issue-tracker"><url>https://github.com/FasterXML/jackson-dataformats-text/issues</url></reference><reference type="vcs"><url>http://github.com/FasterXML/jackson-dataformats-text</url></reference><reference type="website"><url>http://fasterxml.com/</url></reference><reference type="distribution"><url>https://oss.sonatype.org/service/local/staging/deploy/maven2/</url></reference></externalReferences>
    </component>
    <component type="library" bom-ref="pkg:maven/io.swagger.core.v3/swagger-annotations@2.2.0?type=jar">
      <group>io.swagger.core.v3</group>
      <name>swagger-annotations</name>
      <version>2.2.0</version>
      <description>swagger-annotations</description>
      <scope>required</scope>
      <hashes>
        <hash alg="MD5">dd919f82d91fb88ba3aac48c8034ad40</hash>
        <hash alg="SHA-1">404f8a4159d7d6034c3e515e3f673f19c6a100ee</hash>
        <hash alg="SHA-256">3573963f7fc8f1fd00cdca1376e5679261343aec71b0907c1af35ac8464046da</hash>
        <hash alg="SHA-512">dccedc97e57af4b99a7951c28e698c34ce3ef86cf2a3483fd5981783a5f7a1ea785a20679effa9cfa918599b29a30672812edb972f3eec2278db92b66371fd91</hash>
        <hash alg="SHA-384">bbc8101d59e4b2b24b51d18315eba781c7b7d1c917bb41ecfba5d806dba8af3611372e96424cea959e49f9383d81fcff</hash>
        <hash alg="SHA3-384">94366894be195c8cc0fd36abc748797f30bfb2b661526fab4ce065b8e4c387f1ef9d7bb9f856cdd539cedc12f24d1988</hash>
        <hash alg="SHA3-256">e4b51ec113310d283f24ad3f2f57ca8b631ac0b931abada6970400fdb396a5d3</hash>
        <hash alg="SHA3-512">72cd49c86b0779185dacd295e3149bd7e00fe237d5f2be9739977914d5700ff5cc679defb8fd42fd35a80bc787fe330bd49637f79de54de595483a63b0413903</hash>
      </hashes>
      <licenses>
        <license>
          <id>Apache-2.0</id>
          <url>https://www.apache.org/licenses/LICENSE-2.0</url>
        </license>
      </licenses>
      <purl>pkg:maven/io.swagger.core.v3/swagger-annotations@2.2.0?type=jar</purl>
      <externalReferences><reference type="distribution"><url>https://oss.sonatype.org/service/local/staging/deploy/maven2/</url></reference><reference type="issue-tracker"><url>https://github.com/swagger-api/swagger-core/issues</url></reference><reference type="mailing-list"><url>https://groups.google.com/forum/#!forum/swagger-swaggersocket</url></reference><reference type="vcs"><url>https://github.com/swagger-api/swagger-core</url></reference></externalReferences>
    </component>
    <component type="library" bom-ref="pkg:maven/io.swagger.core.v3/swagger-models@2.2.0?type=jar">
      <group>io.swagger.core.v3</group>
      <name>swagger-models</name>
      <version>2.2.0</version>
      <description>swagger-models</description>
      <scope>required</scope>
      <hashes>
        <hash alg="MD5">ec400e93bdfb9fe3f6afd0c94611bc20</hash>
        <hash alg="SHA-1">4c2a02014692b378d92cebf4658c69ef6c78bb92</hash>
        <hash alg="SHA-256">59929f82f0b8d769c3123b3cc5bdfea4d04b45708b70fa1af33c5a102130d1dd</hash>
        <hash alg="SHA-512">faee2cc907d1e8fcb894418ca2d9fcf1f732bbb9100158b20cf1f747f5e173079b48ed2b2e216d5cdf74ad7e446948b35868ac846047a0baf4ba32ff8ca955a9</hash>
        <hash alg="SHA-384">c2907ef328b25037161aac15789386b48f1885e57f308feda2369bd39ca5ba4bddc4eac3f258991ee526a31e316748d4</hash>
        <hash alg="SHA3-384">434ad3d9ca81bb1bb3f9c3b9fe07f09e1b12de581bf8f24c94a29a121107ae954ea99e4f72bbd20f5536a6315f99cfb3</hash>
        <hash alg="SHA3-256">f61192f49720feb3330c9e34b1e2799d005272e6dfd92e48e3b446f19d7b1db1</hash>
        <hash alg="SHA3-512">b4fac63174ab7dc00c8fb296615a3d29997971038dae80df1430f39ebf194e74a3d876fb02a43d028c4c14e246987a3d1f66f46f5df69801c48998808faf32b5</hash>
      </hashes>
      <licenses>
        <license>
          <id>Apache-2.0</id>
          <url>https://www.apache.org/licenses/LICENSE-2.0</url>
        </license>
      </licenses>
      <purl>pkg:maven/io.swagger.core.v3/swagger-models@2.2.0?type=jar</purl>
      <externalReferences><reference type="distribution"><url>https://oss.sonatype.org/service/local/staging/deploy/maven2/</url></reference><reference type="issue-tracker"><url>https://github.com/swagger-api/swagger-core/issues</url></reference><reference type="mailing-list"><url>https://groups.google.com/forum/#!forum/swagger-swaggersocket</url></reference><reference type="vcs"><url>https://github.com/swagger-api/swagger-core</url></reference></externalReferences>
    </component>
    <component type="library" bom-ref="pkg:maven/jakarta.validation/jakarta.validation-api@2.0.2?type=jar">
      <publisher>Eclipse Foundation</publisher>
      <group>jakarta.validation</group>
      <name>jakarta.validation-api</name>
      <version>2.0.2</version>
      <description>Jakarta Bean Validation API</description>
      <scope>required</scope>
      <hashes>
        <hash alg="MD5">77501d529c1928c9bac2500cc9f93fb0</hash>
        <hash alg="SHA-1">5eacc6522521f7eacb081f95cee1e231648461e7</hash>
        <hash alg="SHA-256">b42d42428f3d922c892a909fa043287d577c0c5b165ad9b7d568cebf87fc9ea4</hash>
        <hash alg="SHA-512">3ca8556b80ca809b3a43fac31469702bbad62a00e63b11a304dad1e372d9f6c128357463a4c70c423055941c7e2e417f87a9474a204d189c8e4b62f42047c8eb</hash>
        <hash alg="SHA-384">6ae3963fd6a5e83b068a8344b88f6bfbd26d29cee64193025bc5e98195678e49826463da27a7a1c15cd83b2149d57a94</hash>
        <hash alg="SHA3-384">55a570386718064b422f9ebc0c0c07f0b37259e44a14c9a16c20e945402339b1d01b7d6969ef40d6b5baf5bce3e1161d</hash>
        <hash alg="SHA3-256">1ff48fdabab86a398b25e491e6ba4fd9b62d597314202628a3cfedf723c17f21</hash>
        <hash alg="SHA3-512">c23bb0b43fb0c39d4c9d2cce0cd38334fa7c253130f0bda3007d9f7d2dd451c0896ff4265ee2cc35024fad282f9ccaa398c19874775d9cabbb786843fae155d7</hash>
      </hashes>
      <licenses>
        <license>
          <id>Apache-2.0</id>
          <url>https://www.apache.org/licenses/LICENSE-2.0</url>
        </license>
      </licenses>
      <purl>pkg:maven/jakarta.validation/jakarta.validation-api@2.0.2?type=jar</purl>
      <externalReferences><reference type="issue-tracker"><url>https://hibernate.atlassian.net/projects/BVAL/</url></reference><reference type="vcs"><url>https://github.com/eclipse-ee4j/beanvalidation-api</url></reference><reference type="website"><url>https://www.eclipse.org</url></reference><reference type="mailing-list"><url>https://dev.eclipse.org/mhonarc/lists/jakarta.ee-community/</url></reference></externalReferences>
    </component>
    <component type="library" bom-ref="pkg:maven/org.webjars/swagger-ui@4.11.1?type=jar">
      <group>org.webjars</group>
      <name>swagger-ui</name>
      <version>4.11.1</version>
      <description>WebJar for Swagger UI</description>
      <hashes>
        <hash alg="MD5">cbd51f98d4168a4af1c31c2373117d63</hash>
        <hash alg="SHA-1">e4681f93207837f71340601e74969bf209cd1133</hash>
        <hash alg="SHA-256">a58978fc294365eeee1ee7c46e31c239103646aa0ad42bda9c555bc17dc29ca7</hash>
        <hash alg="SHA-512">7f66043230187710061d120c514a995d24cb711eeb550465c31dd3b14ef169bc9f6d791d9a287f6e1eb4cd9cff8fd9a95c4b22277d88c65f1a108ac0c4ea988b</hash>
        <hash alg="SHA-384">cdab6764019572587f85cc2ceda33e0bed6692c91f00fc129936fcf119310f30a7dee916e5967650c14e20a19bff2347</hash>
        <hash alg="SHA3-384">b4c2c313cc5bffd3d7cdaaab37581b0ead775cf284012fbae293019d7f51583919aa5ec8487cf6de4159cb1a25e4bc4c</hash>
        <hash alg="SHA3-256">7ae4d4949b17df8bb9510bb520e9b5bac52b68813fac045c044936554bf2d2ed</hash>
        <hash alg="SHA3-512">62cbecba5b72c409fee0f2995c07ae22408bd8ceeec4dcf995eb4b39c16bdb9ea18953bfc4aa4ebac672a072e33124c9e4c8880950b96c9a001fb94a84df3fd9</hash>
      </hashes>
      <licenses>
        <license>
          <id>Apache-2.0</id>
        </license>
      </licenses>
      <purl>pkg:maven/org.webjars/swagger-ui@4.11.1?type=jar</purl>
      <externalReferences><reference type="vcs"><url>http://github.com/webjars/swagger-ui</url></reference><reference type="distribution"><url>https://oss.sonatype.org/service/local/staging/deploy/maven2/</url></reference></externalReferences>
    </component>
    <component type="library" bom-ref="pkg:maven/org.webjars/webjars-locator-core@0.50?type=jar">
      <group>org.webjars</group>
      <name>webjars-locator-core</name>
      <version>0.50</version>
      <description>WebJar Locator Core functionality</description>
      <hashes>
        <hash alg="MD5">b2ac1770365a260972a503e1204ee7c2</hash>
        <hash alg="SHA-1">d1ae68f5fea4f8e36e1d9adfd1ac02463c43894a</hash>
        <hash alg="SHA-256">f83ec9bea3ac8eef21fd725523e6551dd4cb03e52da2cde6621154565d2887ef</hash>
        <hash alg="SHA-512">8ebc73f6efe62579ad2c765ca0b2408da3b4d18c5ed4b36d623b3758684721217902c9df5718d036c7442ecd7b6ea0feab6f8a532cdc317beac777a6de0879e4</hash>
        <hash alg="SHA-384">0d4f6e1f7fd517a156c3e392dd1c752701eb233da69471b6eed47d70333243cd064cf9b68eb63abd46d2c07d9b977bf5</hash>
        <hash alg="SHA3-384">09f650e46f9dd161676c916c57ae7140fe505ea2a2d5f73063b876fae293732a8774d90c1e424ad56beee323cb7174d9</hash>
        <hash alg="SHA3-256">b7b28522d3c73bd8ef5fd69f9f21d977633e2c968b95ca337746213091097aaa</hash>
        <hash alg="SHA3-512">0505d5fdc24fad0648d5ccf17a95bd14b75838d654ec5bb413899e6cc3267edb5a993b1cefb54cbd86bb5f5c8b4ad7bb2b5b516a278da00e54e5dba22d23ad05</hash>
      </hashes>
      <licenses>
        <license>
          <id>MIT</id>
          <url>https://opensource.org/licenses/MIT</url>
        </license>
      </licenses>
      <purl>pkg:maven/org.webjars/webjars-locator-core@0.50?type=jar</purl>
      <externalReferences><reference type="build-system"><url>https://github.com/webjars/webjars-locator-core/actions</url></reference><reference type="issue-tracker"><url>https://github.com/webjars/webjars-locator-core/issues</url></reference><reference type="vcs"><url>http://github.com/webjars/webjars-locator-core</url></reference><reference type="distribution"><url>https://oss.sonatype.org/service/local/staging/deploy/maven2/</url></reference></externalReferences>
    </component>
    <component type="library" bom-ref="pkg:maven/com.fasterxml.jackson.core/jackson-core@2.13.3?type=jar">
      <publisher>FasterXML</publisher>
      <group>com.fasterxml.jackson.core</group>
      <name>jackson-core</name>
      <version>2.13.3</version>
      <description>Core Jackson processing abstractions (aka Streaming API), implementation for JSON</description>
      <scope>required</scope>
      <hashes>
        <hash alg="MD5">9a6679e6a2f7d601a9f212576fda550c</hash>
        <hash alg="SHA-1">a27014716e4421684416e5fa83d896ddb87002da</hash>
        <hash alg="SHA-256">ab119a8ea3cc69472ebc0e870b849bfbbe536ad57d613dc38453ccd592ca6a3d</hash>
        <hash alg="SHA-512">d5337db908b2c56dcb911e3d1a5f671456c13f254fe8d2a620823bc15b2db6aaa8325a86b436b5d181f2584b533158fd14d140b98305ac252f8dfd9a627da859</hash>
        <hash alg="SHA-384">7b96a15f15eb9a44795c632313503677e0e65615d31922861138ee059defb1db31dbd98144a6474c25fa69de1c60f7d7</hash>
        <hash alg="SHA3-384">da78b678f4ebdbc9f61efd9475b67d35dc7ff5f2aa80bedaed8e9fbeecc2a96f2c793009abd1e4d5f27ae8fd2a81ad7c</hash>
        <hash alg="SHA3-256">4511d609261102f213a9704d71541f813360699b81c44ec795a8fb88bd087daf</hash>
        <hash alg="SHA3-512">e0d26e27d5d8920a856c7e8be48236bafae837994da1f8daced1078a1acde2ff1007e2849c9b007365e67541e1e881a18c1f7c66ed11fbc9fcdb91b8ea69dffa</hash>
      </hashes>
      <licenses>
        <license>
          <id>Apache-2.0</id>
        </license>
      </licenses>
      <purl>pkg:maven/com.fasterxml.jackson.core/jackson-core@2.13.3?type=jar</purl>
      <externalReferences><reference type="vcs"><url>http://github.com/FasterXML/jackson-core</url></reference><reference type="website"><url>http://fasterxml.com/</url></reference><reference type="distribution"><url>https://oss.sonatype.org/service/local/staging/deploy/maven2/</url></reference></externalReferences>
    </component>
    <component type="library" bom-ref="pkg:maven/io.github.classgraph/classgraph@4.8.147?type=jar">
      <group>io.github.classgraph</group>
      <name>classgraph</name>
      <version>4.8.147</version>
      <description>The uber-fast, ultra-lightweight classpath and module scanner for JVM languages.</description>
      <hashes>
        <hash alg="MD5">0f7dfe9428abc215c367f953aa48c9fc</hash>
        <hash alg="SHA-1">c9cc4804e9a9bfa45e62e96d0bb5cff17882e320</hash>
        <hash alg="SHA-256">c585977bc5a8ae25fedd6876224c30584fabe9c33adfb7c162d09d71231071ac</hash>
        <hash alg="SHA-512">64792d5d9879990c0fdb71eb09e569b130808bb779eea8d17f75b577d4b5b77c75df7f827f9b4dfdabc229018f1dbacb14aed54e5686d8c5931e776caa054f0b</hash>
        <hash alg="SHA-384">a7661c9ac66d5d2e1870a128626297b0f41a153eea7e61a39889ff19f91a605f74385221e808f4c5b6dead47ee4f197c</hash>
        <hash alg="SHA3-384">59538327ce9891dda64b8a6d5d6222df41345ce5f21f48b38439791754fed7dea2670d2321daa98794a175816077ef50</hash>
        <hash alg="SHA3-256">2b83403f9dcc6269c2438cdafe4c186fbda2cae71fe319597fbbbb3a61139476</hash>
        <hash alg="SHA3-512">5ef40107b906756b20a79325e30eb1166a52ccb929721ae15924dbd111e829978860bbcca681491fa8dc026fec979a77ea5696be99fc82104200c72bb113dd56</hash>
      </hashes>
      <licenses>
        <license>
          <id>MIT</id>
        </license>
      </licenses>
      <purl>pkg:maven/io.github.classgraph/classgraph@4.8.147?type=jar</purl>
      <externalReferences><reference type="distribution"><url>https://oss.sonatype.org/service/local/staging/deploy/maven2/</url></reference><reference type="issue-tracker"><url>https://github.com/classgraph/classgraph/issues</url></reference><reference type="vcs"><url>https://github.com/classgraph/classgraph</url></reference></externalReferences>
    </component>
    <component type="library" bom-ref="pkg:maven/com.talanlabs/avatar-generator-8bit@1.1.0?type=jar">
      <publisher>Talanlabs</publisher>
      <group>com.talanlabs</group>
      <name>avatar-generator-8bit</name>
      <version>1.1.0</version>
      <description>Generator of avatar</description>
      <scope>required</scope>
      <hashes>
        <hash alg="MD5">097c2976af43e0ac80f9e609fe5ba93b</hash>
        <hash alg="SHA-1">bbf455333acbe0173823ef38cfe290270a9ba7a0</hash>
        <hash alg="SHA-256">f2ed60bdd480b7004b1fe2e9b39359bc03d6d89b8ab3a470713aef329d3aaa81</hash>
        <hash alg="SHA-512">0b66f0414d3919010bc9981c81c0627aab906d63ff110adb92a026a2d7b27ca63b9794a023dcf97880ed865082fa6ac12b2f35bdd6140d339129982cd7e022cc</hash>
        <hash alg="SHA-384">ff642d3162713bf579ae75c15b107435d1c3621d96997c7e080c0cf26dd5a43734bda2158e9f5b8294df9b5b072495d4</hash>
        <hash alg="SHA3-384">2cb34bcaad23cc06f8b426ee47f47cd0e882c58b9b139dd042fea701e0eb78d112d101e89465f1e6f38b76c781f214f0</hash>
        <hash alg="SHA3-256">550a96a8474e8ff971963e8ea93c7e86775809f526e539274e55884e28d8eb5d</hash>
        <hash alg="SHA3-512">7ab5887813fd8270d05199d48080026852ec467bc09c5da78f0b52252840a8d58477d0789e72e55622cb7c4be04d55e0f37ab1b0bae76dd0b7318a1ce9d5fad8</hash>
      </hashes>
      <licenses>
        <license>
          <id>Apache-2.0</id>
        </license>
      </licenses>
      <purl>pkg:maven/com.talanlabs/avatar-generator-8bit@1.1.0?type=jar</purl>
      <externalReferences><reference type="website"><url>http://www.talanlabs.com</url></reference><reference type="build-system"><url>https://gitlab.talanlabs.com/gabriel-allaigre/avatar-generator-parent/builds</url></reference><reference type="distribution"><url>https://oss.sonatype.org/service/local/staging/deploy/maven2/</url></reference><reference type="issue-tracker"><url>https://gitlab.talanlabs.com/gabriel-allaigre/avatar-generator-parent/issues</url></reference><reference type="vcs"><url>https://gitlab.talanlabs.com/gabriel-allaigre/avatar-generator-parent</url></reference></externalReferences>
    </component>
    <component type="library" bom-ref="pkg:maven/com.talanlabs/avatar-generator@1.1.0?type=jar">
      <publisher>Talanlabs</publisher>
      <group>com.talanlabs</group>
      <name>avatar-generator</name>
      <version>1.1.0</version>
      <description>Generator of avatar</description>
      <scope>required</scope>
      <hashes>
        <hash alg="MD5">8dda073ecc70d726d0adf4c81265a937</hash>
        <hash alg="SHA-1">1442ada3508804d210289f5825849eb05aff0a5e</hash>
        <hash alg="SHA-256">68cae097b2a0dc071141236061064b8a5c448d6f4697e24e15e9be25164544d9</hash>
        <hash alg="SHA-512">36b10b7f254ae8613aead32431ef4438a8820566b81a26270d0cd99999e1417c5370ae7f5c5764f2faf5d92f32ade325e622e19b8e9c7af22f4c80ae2671ed48</hash>
        <hash alg="SHA-384">ca430bdf16271c607d5beea57dc6aa33c88162c168984a5fb7ce75a858e50221397bf5bca192d1bf6ffaa73c8474a8f3</hash>
        <hash alg="SHA3-384">ed4881c9139baa8bf2bca5323a2f534cf47adf3e59641881dfd6b0b7300790cbf2f796b7e7fe4e4e6aa07b2546dac462</hash>
        <hash alg="SHA3-256">f63c4bbd7c2947710d56d3c995b00ad30abfe2799db5fdc40657733149970e8d</hash>
        <hash alg="SHA3-512">3ae6c4edbcd6723df12839572cd95143b3f9e62e9784f46d39a23dce8f3aec896cad5a801e85232fccc8d677be09ef85967274947bb3b6dd8770efe99092f1cf</hash>
      </hashes>
      <licenses>
        <license>
          <id>Apache-2.0</id>
        </license>
      </licenses>
      <purl>pkg:maven/com.talanlabs/avatar-generator@1.1.0?type=jar</purl>
      <externalReferences><reference type="website"><url>http://www.talanlabs.com</url></reference><reference type="build-system"><url>https://gitlab.talanlabs.com/gabriel-allaigre/avatar-generator-parent/builds</url></reference><reference type="distribution"><url>https://oss.sonatype.org/service/local/staging/deploy/maven2/</url></reference><reference type="issue-tracker"><url>https://gitlab.talanlabs.com/gabriel-allaigre/avatar-generator-parent/issues</url></reference><reference type="vcs"><url>https://gitlab.talanlabs.com/gabriel-allaigre/avatar-generator-parent</url></reference></externalReferences>
    </component>
    <component type="library" bom-ref="pkg:maven/com.jhlabs/filters@2.0.235-1?type=jar">
      <group>com.jhlabs</group>
      <name>filters</name>
      <version>2.0.235-1</version>
      <description>Java Image Processing Pages</description>
      <hashes>
        <hash alg="MD5">ca3edff32f4433906c484fdfab2c4043</hash>
        <hash alg="SHA-1">fff65ebe39d1097cee431087858b3caf957ecfb7</hash>
        <hash alg="SHA-256">a37202f03eae99ab1faf2a89eeaee3665c8489f45b1aeb0d5926d78a54c613bf</hash>
        <hash alg="SHA-512">b58fb0a93408f09fd32afa421a875019d1ff1dd6fc18915d5bd9b8e6c65a7353c366c7777d85ca3ec0f2007e5f7d87821b4bf1884ae1c11772704ecd646074f1</hash>
        <hash alg="SHA-384">8ec503cdbb8178fd514dbfcb4331ad80c160784e384ac0e34d8598d78a50774e6c850cefa439a2635cd90fec3d09688d</hash>
        <hash alg="SHA3-384">49b98b9d7837d2be0ef6a9693004256b80bf25b9243a95f7bce7174b4413829f8aa8d888f5cedcbf342480c92538f4f0</hash>
        <hash alg="SHA3-256">4283ea6a74ae06312078ca5d39b7d5971ee33a80b28848b19767785742f51014</hash>
        <hash alg="SHA3-512">ee6808ef4ff33cf1aca2efc475037e3644e022cfc8038a667280adf91ef0b5cd69b69da4176de3a097bfb9e17caf216e21223f8e2a9b432c0df2daaa84a76d95</hash>
      </hashes>
      <licenses>
        <license>
          <id>Apache-2.0</id>
        </license>
      </licenses>
      <purl>pkg:maven/com.jhlabs/filters@2.0.235-1?type=jar</purl>
      <externalReferences><reference type="distribution"><url>https://oss.sonatype.org/service/local/staging/deploy/maven2/</url></reference><reference type="vcs"><url>https://github.com/axet/jhlabs</url></reference></externalReferences>
    </component>
    <component type="library" bom-ref="pkg:maven/org.reflections/reflections@0.9.10?type=jar">
      <group>org.reflections</group>
      <name>reflections</name>
      <version>0.9.10</version>
      <description>Reflections - a Java runtime metadata analysis</description>
      <hashes>
        <hash alg="MD5">8291cb0fd9d0a1ac61e78f6234bcf51e</hash>
        <hash alg="SHA-1">c7f4ea230aedc757ca1499ebcfb2953c81cf8b67</hash>
        <hash alg="SHA-256">6eecd8b68f937e7220cf4da839403730e102cc31d25ccf5685a2dba0ea8d7553</hash>
        <hash alg="SHA-512">0d809a93787779c617c67403487d7b7a37855251aaa936194907e41d1c26a3977ef8b7462a6c224b1312f16cc5c16f12664e18066f6845bc2b61f58b1dd42081</hash>
        <hash alg="SHA-384">1957b7726cdcb8903f9540b8b3cd46842c6b819affb2c0e42a731d351129b61144012208f3575f141c0c709f9dd4cd19</hash>
        <hash alg="SHA3-384">3b10844a472aba373bd62e2ac22a046dc5f08337fe86e192631b3cfde7479e5f2e3b320a6ffa87096a09eb1723f337cf</hash>
        <hash alg="SHA3-256">f04d176bbf67cc7cb0cfb46d6ebf4c75db393a5bf963ba4d33d9ed6d48b4544e</hash>
        <hash alg="SHA3-512">8974097521a6bf1b35a4b842ffcb370db55ea9f771a64db2e1cffea5bceedd558eea669157a76fccd06d79ce1332b2f79ea6b085b7185a53de6799befdd352db</hash>
      </hashes>
      <licenses>
        <license>
          <id>WTFPL</id>
          <url>http://www.wtfpl.net/about/</url>
        </license>
        <license>
          <id>BSD-3-Clause</id>
        </license>
      </licenses>
      <purl>pkg:maven/org.reflections/reflections@0.9.10?type=jar</purl>
      <externalReferences><reference type="issue-tracker"><url>https://github.com/ronmamo/reflections/issues</url></reference><reference type="mailing-list"><url>http://groups.google.com/group/google-code-reflections</url></reference><reference type="vcs"><url>https://github.com/ronmamo/reflections/issues</url></reference></externalReferences>
    </component>
    <component type="library" bom-ref="pkg:maven/org.javassist/javassist@3.19.0-GA?type=jar">
      <group>org.javassist</group>
      <name>javassist</name>
      <version>3.19.0-GA</version>
      <description>Javassist (JAVA programming ASSISTant) makes Java bytecode manipulation
    simple.  It is a class library for editing bytecodes in Java.</description>
      <hashes>
        <hash alg="MD5">60974bfbf014085986b1d1eac44222c8</hash>
        <hash alg="SHA-1">50120f69224dd8684b445a6f3a5b08fe9b5c60f6</hash>
        <hash alg="SHA-256">d19c1ef43ccd9cb1b39466bb2f1c8e45c2b6752f1e13a3dfb60096543d1791fa</hash>
        <hash alg="SHA-512">f08d31069e208d1ecc2956445098dd54947db3c3f1cb719513b9660c152877d45a528482af937a58724b76f935d82849805ed2e6cb0161f06e9aab6a32389bc4</hash>
        <hash alg="SHA-384">760ab976f2eac568889fe2eff9e2b11d2b1a3ab975058967ac8c905875c86fd52b0d83966cb0b80812abc21a214fd3a3</hash>
        <hash alg="SHA3-384">90788ae313c4184c2dbd55274d87055d45fd9add29369a00c2fe083b82e1dd7a37fa7af8fda5a4f36f1218ce049868d6</hash>
        <hash alg="SHA3-256">ebd3298c16e1991eeb0abedabff7aae97553cc31fdfc24a4fa50fc4263e64eed</hash>
        <hash alg="SHA3-512">9e4602ce668d34b5602179d563ee53270e87c71f576be81b362b3bd2892c6be06b1087f02cac129df997cad6493500e123071f3d4a2c181e3a251a12b09d3f36</hash>
      </hashes>
      <licenses>
        <license>
          <id>MPL-1.1</id>
        </license>
        <license>
          <id>LGPL-2.1-only</id>
        </license>
        <license>
          <id>Apache-2.0</id>
          <url>https://www.apache.org/licenses/LICENSE-2.0</url>
        </license>
      </licenses>
      <purl>pkg:maven/org.javassist/javassist@3.19.0-GA?type=jar</purl>
      <externalReferences><reference type="distribution"><url>https://repository.jboss.org/nexus/service/local/staging/deploy/maven2/</url></reference><reference type="issue-tracker"><url>https://jira.jboss.org/jira/browse/JASSIST/</url></reference></externalReferences>
    </component>
    <component type="library" bom-ref="pkg:maven/com.google.code.findbugs/annotations@2.0.1?type=jar">
      <group>com.google.code.findbugs</group>
      <name>annotations</name>
      <version>2.0.1</version>
      <description>Annotation supports the FindBugs tool</description>
      <hashes>
        <hash alg="MD5">35ef911c85603829ded63f211feb2d68</hash>
        <hash alg="SHA-1">9ef6656259841cebfb9fb0697bb122ada4485498</hash>
        <hash alg="SHA-256">893b2203a27e4a8ba9d16cd6ed6e9f730736b4878a6bfffeff06861f32e6631b</hash>
        <hash alg="SHA-512">0f11fc3a2f18936a0a4fbbe274d07333dbc5c41f51aa196dd472fa5bab7f68e3fc8256b2ac0e0c3abaf6536d34928da6f171db885ad672d688cc318b1308b650</hash>
        <hash alg="SHA-384">a5027ecfa154fa245c2e739e2bcaf479ddad42d7b70a092a5120d3899026af24f78397f296eeda1bd90a9d960b9462fa</hash>
        <hash alg="SHA3-384">4e011491676b28046a4d9ca4a747ff0070821a5a4e58b60ff0fa7e34b675d716ca169cab4b8ea7adc07b1b366372c313</hash>
        <hash alg="SHA3-256">b3a7a50e4b920e6f0fedeb6b010169335cb217630496ddaf4ebf5e924ffcd1d6</hash>
        <hash alg="SHA3-512">0624eb619c5a4f550235aea5b44153ea32e9786fca0c3b36e07e961dbee5ec4d8897ae8ac67a6c361fbfe0f087516f29a2f191940d3b2adbbc9e4d361e5bc205</hash>
      </hashes>
      <licenses>
        <license>
          <name>GNU Lesser Public License</name>
          <url>http://www.gnu.org/licenses/lgpl.html</url>
        </license>
      </licenses>
      <purl>pkg:maven/com.google.code.findbugs/annotations@2.0.1?type=jar</purl>
      <externalReferences><reference type="vcs"><url>http://findbugs.googlecode.com/svn/trunk/</url></reference></externalReferences>
    </component>
    <component type="library" bom-ref="pkg:maven/org.springframework/spring-context@5.3.22?type=jar">
      <publisher>Spring IO</publisher>
      <group>org.springframework</group>
      <name>spring-context</name>
      <version>5.3.22</version>
      <description>Spring Context</description>
      <scope>required</scope>
      <hashes>
        <hash alg="MD5">3b00971f0b99194b13d5762ca319b9c5</hash>
        <hash alg="SHA-1">fdd59bb4795c7a399e95ec4a5c8b91103e3189fd</hash>
        <hash alg="SHA-256">e7f9c4727c98aaf02542056f1c2c504dcdb4478f75c4baeb81ab15059b7552c5</hash>
        <hash alg="SHA-512">007ddf6f0a88e20f336dacefc05cae15e0f0eb4a87baaef9232a9238c81168532e80850c0d02ef54554bd9fc8d22fd6f2ad977a6733b76c2a090fa8baa47d6a8</hash>
        <hash alg="SHA-384">ae7c7ffe588d5e7bd29d5f5d1e75b11ad4488af3a420663fa206c281d2b3891d75bc4a1940e8d7e9b6ec4186502fc565</hash>
        <hash alg="SHA3-384">f29f84ff386cdc2dab5a26ea2bb21fbd753bfccf4e84ed16402ce1e2c6ec7b80fde982c5642c4d73099e919fa36579b0</hash>
        <hash alg="SHA3-256">c8a80d2dbfdbdb0e22cab06df80ce1ef88e7e5def7ab6b1819778a891dfd886e</hash>
        <hash alg="SHA3-512">a806426d7acd4ae652262579aae31d85c348e48ae3da9fc69c00de12bb121a73a0de9ce4f24681d629e557b54432df51caef0377b7e5762e5937da01a920d088</hash>
      </hashes>
      <licenses>
        <license>
          <id>Apache-2.0</id>
        </license>
      </licenses>
      <purl>pkg:maven/org.springframework/spring-context@5.3.22?type=jar</purl>
      <externalReferences><reference type="website"><url>https://spring.io/projects/spring-framework</url></reference><reference type="issue-tracker"><url>https://github.com/spring-projects/spring-framework/issues</url></reference><reference type="vcs"><url>https://github.com/spring-projects/spring-framework</url></reference></externalReferences>
    </component>
    <component type="library" bom-ref="pkg:maven/org.apache.commons/commons-lang3@3.12.0?type=jar">
      <publisher>The Apache Software Foundation</publisher>
      <group>org.apache.commons</group>
      <name>commons-lang3</name>
      <version>3.12.0</version>
      <description>Apache Commons Lang, a package of Java utility classes for the
  classes that are in java.lang's hierarchy, or are considered to be so
  standard as to justify existence in java.lang.</description>
      <hashes>
        <hash alg="MD5">19fe50567358922bdad277959ea69545</hash>
        <hash alg="SHA-1">c6842c86792ff03b9f1d1fe2aab8dc23aa6c6f0e</hash>
        <hash alg="SHA-256">d919d904486c037f8d193412da0c92e22a9fa24230b9d67a57855c5c31c7e94e</hash>
        <hash alg="SHA-512">fbdbc0943cb3498b0148e86a39b773f97c8e6013740f72dbc727faeabea402073e2cc8c4d68198e5fc6b08a13b7700236292e99d4785f2c9989f2e5fac11fd81</hash>
        <hash alg="SHA-384">c34b8a0e0eba2168ad56fedeb7a1d710b6f1d3f1ce6aae99a4e0247bd120efbbadc8dcb2f731045b8a16e3efd30604dc</hash>
        <hash alg="SHA3-384">8ad6ebe7754bf0caa8cda7e59c0e95360d76e06a7ad6aeec5637985519dbd1dd06e7eed04711039f36ec4c49de280def</hash>
        <hash alg="SHA3-256">18ef639b2aeeb5aedffb18dbf20c79f33e300d99fb31b131689639cc470e6e4c</hash>
        <hash alg="SHA3-512">fbea96114dcf4f31cfaaa99987be756ddda3a6c74f8c835461997df794d54b92da1f60fe5c3f1f2a43cb8c5f5db7f4048bef77c70993673c7a93f3660fffc8da</hash>
      </hashes>
      <licenses>
        <license>
          <id>Apache-2.0</id>
        </license>
      </licenses>
      <purl>pkg:maven/org.apache.commons/commons-lang3@3.12.0?type=jar</purl>
      <externalReferences><reference type="issue-tracker"><url>https://issues.apache.org/jira/browse/LANG</url></reference><reference type="vcs"><url>https://gitbox.apache.org/repos/asf?p=commons-lang.git</url></reference><reference type="build-system"><url>https://builds.apache.org/</url></reference><reference type="mailing-list"><url>https://mail-archives.apache.org/mod_mbox/commons-user/</url></reference><reference type="website"><url>https://www.apache.org/</url></reference><reference type="distribution"><url>https://repository.apache.org/service/local/staging/deploy/maven2</url></reference></externalReferences>
    </component>
  </components>
  <dependencies>
    <dependency ref="pkg:maven/com.datengaertnerei.test/data-service@1.0.1-SNAPSHOT?type=jar">
      <dependency ref="pkg:maven/org.apache.commons/commons-csv@1.9.0?type=jar"/>
      <dependency ref="pkg:maven/commons-io/commons-io@2.11.0?type=jar"/>
      <dependency ref="pkg:maven/org.iban4j/iban4j@3.2.3-RELEASE?type=jar"/>
      <dependency ref="pkg:maven/org.springframework.boot/spring-boot-starter-web@2.7.2?type=jar"/>
      <dependency ref="pkg:maven/org.springframework.boot/spring-boot-starter-data-jpa@2.7.2?type=jar"/>
      <dependency ref="pkg:maven/com.h2database/h2@2.1.214?type=jar"/>
      <dependency ref="pkg:maven/org.openstreetmap.osmosis/osmosis-pbf2@0.48.3?type=jar"/>
      <dependency ref="pkg:maven/org.springdoc/springdoc-openapi-ui@1.6.9?type=jar"/>
      <dependency ref="pkg:maven/com.talanlabs/avatar-generator-8bit@1.1.0?type=jar"/>
    </dependency>
    <dependency ref="pkg:maven/org.apache.commons/commons-csv@1.9.0?type=jar"/>
    <dependency ref="pkg:maven/commons-io/commons-io@2.11.0?type=jar"/>
    <dependency ref="pkg:maven/org.iban4j/iban4j@3.2.3-RELEASE?type=jar"/>
    <dependency ref="pkg:maven/org.springframework.boot/spring-boot-starter-web@2.7.2?type=jar">
      <dependency ref="pkg:maven/org.springframework.boot/spring-boot-starter@2.7.2?type=jar"/>
      <dependency ref="pkg:maven/org.springframework.boot/spring-boot-starter-json@2.7.2?type=jar"/>
      <dependency ref="pkg:maven/org.springframework.boot/spring-boot-starter-tomcat@2.7.2?type=jar"/>
      <dependency ref="pkg:maven/org.springframework/spring-web@5.3.22?type=jar"/>
      <dependency ref="pkg:maven/org.springframework/spring-webmvc@5.3.22?type=jar"/>
    </dependency>
    <dependency ref="pkg:maven/org.springframework.boot/spring-boot-starter@2.7.2?type=jar">
      <dependency ref="pkg:maven/org.springframework.boot/spring-boot@2.7.2?type=jar"/>
      <dependency ref="pkg:maven/org.springframework.boot/spring-boot-autoconfigure@2.7.2?type=jar"/>
      <dependency ref="pkg:maven/org.springframework.boot/spring-boot-starter-logging@2.7.2?type=jar"/>
      <dependency ref="pkg:maven/jakarta.annotation/jakarta.annotation-api@1.3.5?type=jar"/>
      <dependency ref="pkg:maven/org.springframework/spring-core@5.3.22?type=jar"/>
      <dependency ref="pkg:maven/org.yaml/snakeyaml@1.30?type=jar"/>
    </dependency>
    <dependency ref="pkg:maven/org.springframework.boot/spring-boot@2.7.2?type=jar">
      <dependency ref="pkg:maven/org.springframework/spring-core@5.3.22?type=jar"/>
      <dependency ref="pkg:maven/org.springframework/spring-context@5.3.22?type=jar"/>
    </dependency>
    <dependency ref="pkg:maven/org.springframework/spring-core@5.3.22?type=jar"/>
    <dependency ref="pkg:maven/org.springframework/spring-context@5.3.22?type=jar"/>
    <dependency ref="pkg:maven/org.springframework.boot/spring-boot-autoconfigure@2.7.2?type=jar">
      <dependency ref="pkg:maven/org.springframework.boot/spring-boot@2.7.2?type=jar"/>
    </dependency>
    <dependency ref="pkg:maven/org.springframework.boot/spring-boot-starter-logging@2.7.2?type=jar">
      <dependency ref="pkg:maven/ch.qos.logback/logback-classic@1.2.11?type=jar"/>
      <dependency ref="pkg:maven/org.apache.logging.log4j/log4j-to-slf4j@2.17.2?type=jar"/>
      <dependency ref="pkg:maven/org.slf4j/jul-to-slf4j@1.7.36?type=jar"/>
    </dependency>
    <dependency ref="pkg:maven/ch.qos.logback/logback-classic@1.2.11?type=jar">
      <dependency ref="pkg:maven/ch.qos.logback/logback-core@1.2.11?type=jar"/>
      <dependency ref="pkg:maven/org.slf4j/slf4j-api@1.7.36?type=jar"/>
    </dependency>
    <dependency ref="pkg:maven/ch.qos.logback/logback-core@1.2.11?type=jar"/>
    <dependency ref="pkg:maven/org.slf4j/slf4j-api@1.7.36?type=jar"/>
    <dependency ref="pkg:maven/org.apache.logging.log4j/log4j-to-slf4j@2.17.2?type=jar">
      <dependency ref="pkg:maven/org.slf4j/slf4j-api@1.7.36?type=jar"/>
      <dependency ref="pkg:maven/org.apache.logging.log4j/log4j-api@2.17.2?type=jar"/>
    </dependency>
    <dependency ref="pkg:maven/org.apache.logging.log4j/log4j-api@2.17.2?type=jar"/>
    <dependency ref="pkg:maven/org.slf4j/jul-to-slf4j@1.7.36?type=jar">
      <dependency ref="pkg:maven/org.slf4j/slf4j-api@1.7.36?type=jar"/>
    </dependency>
    <dependency ref="pkg:maven/jakarta.annotation/jakarta.annotation-api@1.3.5?type=jar"/>
    <dependency ref="pkg:maven/org.yaml/snakeyaml@1.30?type=jar"/>
    <dependency ref="pkg:maven/org.springframework.boot/spring-boot-starter-json@2.7.2?type=jar">
      <dependency ref="pkg:maven/org.springframework.boot/spring-boot-starter@2.7.2?type=jar"/>
      <dependency ref="pkg:maven/org.springframework/spring-web@5.3.22?type=jar"/>
      <dependency ref="pkg:maven/com.fasterxml.jackson.core/jackson-databind@2.13.3?type=jar"/>
      <dependency ref="pkg:maven/com.fasterxml.jackson.datatype/jackson-datatype-jdk8@2.13.3?type=jar"/>
      <dependency ref="pkg:maven/com.fasterxml.jackson.datatype/jackson-datatype-jsr310@2.13.3?type=jar"/>
      <dependency ref="pkg:maven/com.fasterxml.jackson.module/jackson-module-parameter-names@2.13.3?type=jar"/>
    </dependency>
    <dependency ref="pkg:maven/org.springframework/spring-web@5.3.22?type=jar">
      <dependency ref="pkg:maven/org.springframework/spring-beans@5.3.22?type=jar"/>
      <dependency ref="pkg:maven/org.springframework/spring-core@5.3.22?type=jar"/>
    </dependency>
    <dependency ref="pkg:maven/com.fasterxml.jackson.core/jackson-databind@2.13.3?type=jar">
      <dependency ref="pkg:maven/com.fasterxml.jackson.core/jackson-annotations@2.13.3?type=jar"/>
      <dependency ref="pkg:maven/com.fasterxml.jackson.core/jackson-core@2.13.3?type=jar"/>
    </dependency>
    <dependency ref="pkg:maven/com.fasterxml.jackson.core/jackson-annotations@2.13.3?type=jar"/>
    <dependency ref="pkg:maven/com.fasterxml.jackson.core/jackson-core@2.13.3?type=jar"/>
    <dependency ref="pkg:maven/com.fasterxml.jackson.datatype/jackson-datatype-jdk8@2.13.3?type=jar">
      <dependency ref="pkg:maven/com.fasterxml.jackson.core/jackson-core@2.13.3?type=jar"/>
      <dependency ref="pkg:maven/com.fasterxml.jackson.core/jackson-databind@2.13.3?type=jar"/>
    </dependency>
    <dependency ref="pkg:maven/com.fasterxml.jackson.datatype/jackson-datatype-jsr310@2.13.3?type=jar">
      <dependency ref="pkg:maven/com.fasterxml.jackson.core/jackson-annotations@2.13.3?type=jar"/>
      <dependency ref="pkg:maven/com.fasterxml.jackson.core/jackson-core@2.13.3?type=jar"/>
      <dependency ref="pkg:maven/com.fasterxml.jackson.core/jackson-databind@2.13.3?type=jar"/>
    </dependency>
    <dependency ref="pkg:maven/com.fasterxml.jackson.module/jackson-module-parameter-names@2.13.3?type=jar">
      <dependency ref="pkg:maven/com.fasterxml.jackson.core/jackson-core@2.13.3?type=jar"/>
      <dependency ref="pkg:maven/com.fasterxml.jackson.core/jackson-databind@2.13.3?type=jar"/>
    </dependency>
    <dependency ref="pkg:maven/org.springframework.boot/spring-boot-starter-tomcat@2.7.2?type=jar">
      <dependency ref="pkg:maven/jakarta.annotation/jakarta.annotation-api@1.3.5?type=jar"/>
      <dependency ref="pkg:maven/org.apache.tomcat.embed/tomcat-embed-core@9.0.65?type=jar"/>
      <dependency ref="pkg:maven/org.apache.tomcat.embed/tomcat-embed-el@9.0.65?type=jar"/>
      <dependency ref="pkg:maven/org.apache.tomcat.embed/tomcat-embed-websocket@9.0.65?type=jar"/>
    </dependency>
    <dependency ref="pkg:maven/org.apache.tomcat.embed/tomcat-embed-core@9.0.65?type=jar"/>
    <dependency ref="pkg:maven/org.apache.tomcat.embed/tomcat-embed-el@9.0.65?type=jar"/>
    <dependency ref="pkg:maven/org.apache.tomcat.embed/tomcat-embed-websocket@9.0.65?type=jar">
      <dependency ref="pkg:maven/org.apache.tomcat.embed/tomcat-embed-core@9.0.65?type=jar"/>
    </dependency>
    <dependency ref="pkg:maven/org.springframework/spring-beans@5.3.22?type=jar">
      <dependency ref="pkg:maven/org.springframework/spring-core@5.3.22?type=jar"/>
    </dependency>
    <dependency ref="pkg:maven/org.springframework/spring-webmvc@5.3.22?type=jar">
      <dependency ref="pkg:maven/org.springframework/spring-aop@5.3.22?type=jar"/>
      <dependency ref="pkg:maven/org.springframework/spring-beans@5.3.22?type=jar"/>
      <dependency ref="pkg:maven/org.springframework/spring-context@5.3.22?type=jar"/>
      <dependency ref="pkg:maven/org.springframework/spring-core@5.3.22?type=jar"/>
      <dependency ref="pkg:maven/org.springframework/spring-expression@5.3.22?type=jar"/>
      <dependency ref="pkg:maven/org.springframework/spring-web@5.3.22?type=jar"/>
    </dependency>
    <dependency ref="pkg:maven/org.springframework/spring-aop@5.3.22?type=jar">
      <dependency ref="pkg:maven/org.springframework/spring-beans@5.3.22?type=jar"/>
      <dependency ref="pkg:maven/org.springframework/spring-core@5.3.22?type=jar"/>
    </dependency>
    <dependency ref="pkg:maven/org.springframework/spring-expression@5.3.22?type=jar">
      <dependency ref="pkg:maven/org.springframework/spring-core@5.3.22?type=jar"/>
    </dependency>
    <dependency ref="pkg:maven/org.springframework.boot/spring-boot-starter-data-jpa@2.7.2?type=jar">
      <dependency ref="pkg:maven/org.springframework.boot/spring-boot-starter-aop@2.7.2?type=jar"/>
      <dependency ref="pkg:maven/org.springframework.boot/spring-boot-starter-jdbc@2.7.2?type=jar"/>
      <dependency ref="pkg:maven/jakarta.transaction/jakarta.transaction-api@1.3.3?type=jar"/>
      <dependency ref="pkg:maven/jakarta.persistence/jakarta.persistence-api@2.2.3?type=jar"/>
      <dependency ref="pkg:maven/org.hibernate/hibernate-core@5.6.10.Final?type=jar"/>
      <dependency ref="pkg:maven/org.springframework.data/spring-data-jpa@2.7.2?type=jar"/>
      <dependency ref="pkg:maven/org.springframework/spring-aspects@5.3.22?type=jar"/>
    </dependency>
    <dependency ref="pkg:maven/org.springframework.boot/spring-boot-starter-aop@2.7.2?type=jar">
      <dependency ref="pkg:maven/org.springframework.boot/spring-boot-starter@2.7.2?type=jar"/>
      <dependency ref="pkg:maven/org.springframework/spring-aop@5.3.22?type=jar"/>
      <dependency ref="pkg:maven/org.aspectj/aspectjweaver@1.9.7?type=jar"/>
    </dependency>
    <dependency ref="pkg:maven/org.aspectj/aspectjweaver@1.9.7?type=jar"/>
    <dependency ref="pkg:maven/org.springframework.boot/spring-boot-starter-jdbc@2.7.2?type=jar">
      <dependency ref="pkg:maven/org.springframework.boot/spring-boot-starter@2.7.2?type=jar"/>
      <dependency ref="pkg:maven/com.zaxxer/HikariCP@4.0.3?type=jar"/>
      <dependency ref="pkg:maven/org.springframework/spring-jdbc@5.3.22?type=jar"/>
    </dependency>
    <dependency ref="pkg:maven/com.zaxxer/HikariCP@4.0.3?type=jar">
      <dependency ref="pkg:maven/org.slf4j/slf4j-api@1.7.36?type=jar"/>
    </dependency>
    <dependency ref="pkg:maven/org.springframework/spring-jdbc@5.3.22?type=jar">
      <dependency ref="pkg:maven/org.springframework/spring-beans@5.3.22?type=jar"/>
      <dependency ref="pkg:maven/org.springframework/spring-core@5.3.22?type=jar"/>
      <dependency ref="pkg:maven/org.springframework/spring-tx@5.3.22?type=jar"/>
    </dependency>
    <dependency ref="pkg:maven/org.springframework/spring-tx@5.3.22?type=jar">
      <dependency ref="pkg:maven/org.springframework/spring-beans@5.3.22?type=jar"/>
      <dependency ref="pkg:maven/org.springframework/spring-core@5.3.22?type=jar"/>
    </dependency>
    <dependency ref="pkg:maven/jakarta.transaction/jakarta.transaction-api@1.3.3?type=jar"/>
    <dependency ref="pkg:maven/jakarta.persistence/jakarta.persistence-api@2.2.3?type=jar"/>
    <dependency ref="pkg:maven/org.hibernate/hibernate-core@5.6.10.Final?type=jar">
      <dependency ref="pkg:maven/org.jboss.logging/jboss-logging@3.4.3.Final?type=jar"/>
      <dependency ref="pkg:maven/net.bytebuddy/byte-buddy@1.12.12?type=jar"/>
      <dependency ref="pkg:maven/antlr/antlr@2.7.7?type=jar"/>
      <dependency ref="pkg:maven/org.jboss/jandex@2.4.2.Final?type=jar"/>
      <dependency ref="pkg:maven/com.fasterxml/classmate@1.5.1?type=jar"/>
      <dependency ref="pkg:maven/org.hibernate.common/hibernate-commons-annotations@5.1.2.Final?type=jar"/>
      <dependency ref="pkg:maven/org.glassfish.jaxb/jaxb-runtime@2.3.6?type=jar"/>
    </dependency>
    <dependency ref="pkg:maven/org.jboss.logging/jboss-logging@3.4.3.Final?type=jar">
      <dependency ref="pkg:maven/org.apache.logging.log4j/log4j-api@2.17.2?type=jar"/>
    </dependency>
    <dependency ref="pkg:maven/net.bytebuddy/byte-buddy@1.12.12?type=jar">
      <dependency ref="pkg:maven/com.google.code.findbugs/jsr305@3.0.2?type=jar"/>
    </dependency>
    <dependency ref="pkg:maven/com.google.code.findbugs/jsr305@3.0.2?type=jar"/>
    <dependency ref="pkg:maven/antlr/antlr@2.7.7?type=jar"/>
    <dependency ref="pkg:maven/org.jboss/jandex@2.4.2.Final?type=jar"/>
    <dependency ref="pkg:maven/com.fasterxml/classmate@1.5.1?type=jar"/>
    <dependency ref="pkg:maven/org.hibernate.common/hibernate-commons-annotations@5.1.2.Final?type=jar">
      <dependency ref="pkg:maven/org.jboss.logging/jboss-logging@3.4.3.Final?type=jar"/>
    </dependency>
    <dependency ref="pkg:maven/org.glassfish.jaxb/jaxb-runtime@2.3.6?type=jar">
      <dependency ref="pkg:maven/jakarta.xml.bind/jakarta.xml.bind-api@2.3.3?type=jar"/>
      <dependency ref="pkg:maven/jakarta.activation/jakarta.activation-api@1.2.2?type=jar"/>
      <dependency ref="pkg:maven/org.glassfish.jaxb/txw2@2.3.6?type=jar"/>
      <dependency ref="pkg:maven/com.sun.istack/istack-commons-runtime@3.0.12?type=jar"/>
      <dependency ref="pkg:maven/com.sun.activation/jakarta.activation@1.2.2?type=jar"/>
    </dependency>
    <dependency ref="pkg:maven/jakarta.xml.bind/jakarta.xml.bind-api@2.3.3?type=jar"/>
    <dependency ref="pkg:maven/jakarta.activation/jakarta.activation-api@1.2.2?type=jar"/>
    <dependency ref="pkg:maven/org.glassfish.jaxb/txw2@2.3.6?type=jar"/>
    <dependency ref="pkg:maven/com.sun.istack/istack-commons-runtime@3.0.12?type=jar"/>
    <dependency ref="pkg:maven/com.sun.activation/jakarta.activation@1.2.2?type=jar"/>
    <dependency ref="pkg:maven/org.springframework.data/spring-data-jpa@2.7.2?type=jar">
      <dependency ref="pkg:maven/org.springframework.data/spring-data-commons@2.7.2?type=jar"/>
      <dependency ref="pkg:maven/org.springframework/spring-orm@5.3.22?type=jar"/>
      <dependency ref="pkg:maven/org.springframework/spring-context@5.3.22?type=jar"/>
      <dependency ref="pkg:maven/org.springframework/spring-aop@5.3.22?type=jar"/>
      <dependency ref="pkg:maven/org.springframework/spring-tx@5.3.22?type=jar"/>
      <dependency ref="pkg:maven/org.springframework/spring-beans@5.3.22?type=jar"/>
      <dependency ref="pkg:maven/org.springframework/spring-core@5.3.22?type=jar"/>
      <dependency ref="pkg:maven/org.slf4j/slf4j-api@1.7.36?type=jar"/>
    </dependency>
    <dependency ref="pkg:maven/org.springframework.data/spring-data-commons@2.7.2?type=jar">
      <dependency ref="pkg:maven/org.springframework/spring-core@5.3.22?type=jar"/>
      <dependency ref="pkg:maven/org.springframework/spring-beans@5.3.22?type=jar"/>
      <dependency ref="pkg:maven/org.slf4j/slf4j-api@1.7.36?type=jar"/>
    </dependency>
    <dependency ref="pkg:maven/org.springframework/spring-orm@5.3.22?type=jar">
      <dependency ref="pkg:maven/org.springframework/spring-beans@5.3.22?type=jar"/>
      <dependency ref="pkg:maven/org.springframework/spring-core@5.3.22?type=jar"/>
      <dependency ref="pkg:maven/org.springframework/spring-jdbc@5.3.22?type=jar"/>
      <dependency ref="pkg:maven/org.springframework/spring-tx@5.3.22?type=jar"/>
    </dependency>
    <dependency ref="pkg:maven/org.springframework/spring-aspects@5.3.22?type=jar">
      <dependency ref="pkg:maven/org.aspectj/aspectjweaver@1.9.7?type=jar"/>
    </dependency>
    <dependency ref="pkg:maven/com.h2database/h2@2.1.214?type=jar"/>
    <dependency ref="pkg:maven/org.openstreetmap.osmosis/osmosis-pbf2@0.48.3?type=jar">
      <dependency ref="pkg:maven/org.openstreetmap.osmosis/osmosis-core@0.48.3?type=jar"/>
      <dependency ref="pkg:maven/org.openstreetmap.osmosis/osmosis-osm-binary@0.48.3?type=jar"/>
      <dependency ref="pkg:maven/com.google.guava/guava@31.1-jre?type=jar"/>
      <dependency ref="pkg:maven/com.google.protobuf/protobuf-java@3.21.4?type=jar"/>
    </dependency>
    <dependency ref="pkg:maven/org.openstreetmap.osmosis/osmosis-core@0.48.3?type=jar">
      <dependency ref="pkg:maven/net.sf.jpf/jpf@1.5?type=jar"/>
      <dependency ref="pkg:maven/com.fasterxml.woodstox/woodstox-core@5.1.0?type=jar"/>
      <dependency ref="pkg:maven/org.codehaus.woodstox/stax2-api@4.1?type=jar"/>
      <dependency ref="pkg:maven/org.apache.commons/commons-compress@1.21?type=jar"/>
      <dependency ref="pkg:maven/xerces/xercesImpl@2.12.0?type=jar"/>
      <dependency ref="pkg:maven/org.springframework/spring-jdbc@5.3.22?type=jar"/>
    </dependency>
    <dependency ref="pkg:maven/net.sf.jpf/jpf@1.5?type=jar">
      <dependency ref="pkg:maven/commons-logging/commons-logging@1.0.4?type=jar"/>
    </dependency>
    <dependency ref="pkg:maven/commons-logging/commons-logging@1.0.4?type=jar"/>
    <dependency ref="pkg:maven/com.fasterxml.woodstox/woodstox-core@5.1.0?type=jar">
      <dependency ref="pkg:maven/org.codehaus.woodstox/stax2-api@4.1?type=jar"/>
    </dependency>
    <dependency ref="pkg:maven/org.codehaus.woodstox/stax2-api@4.1?type=jar"/>
    <dependency ref="pkg:maven/org.apache.commons/commons-compress@1.21?type=jar"/>
    <dependency ref="pkg:maven/xerces/xercesImpl@2.12.0?type=jar">
      <dependency ref="pkg:maven/xml-apis/xml-apis@1.4.01?type=jar"/>
    </dependency>
    <dependency ref="pkg:maven/xml-apis/xml-apis@1.4.01?type=jar"/>
    <dependency ref="pkg:maven/org.openstreetmap.osmosis/osmosis-osm-binary@0.48.3?type=jar">
      <dependency ref="pkg:maven/com.google.protobuf/protobuf-java@3.21.4?type=jar"/>
    </dependency>
    <dependency ref="pkg:maven/com.google.protobuf/protobuf-java@3.21.4?type=jar"/>
    <dependency ref="pkg:maven/com.google.guava/guava@31.1-jre?type=jar">
      <dependency ref="pkg:maven/com.google.guava/failureaccess@1.0.1?type=jar"/>
      <dependency ref="pkg:maven/com.google.guava/listenablefuture@9999.0-empty-to-avoid-conflict-with-guava?type=jar"/>
      <dependency ref="pkg:maven/com.google.code.findbugs/jsr305@3.0.2?type=jar"/>
      <dependency ref="pkg:maven/org.checkerframework/checker-qual@3.12.0?type=jar"/>
      <dependency ref="pkg:maven/com.google.errorprone/error_prone_annotations@2.11.0?type=jar"/>
      <dependency ref="pkg:maven/com.google.j2objc/j2objc-annotations@1.3?type=jar"/>
    </dependency>
    <dependency ref="pkg:maven/com.google.guava/failureaccess@1.0.1?type=jar"/>
    <dependency ref="pkg:maven/com.google.guava/listenablefuture@9999.0-empty-to-avoid-conflict-with-guava?type=jar"/>
    <dependency ref="pkg:maven/org.checkerframework/checker-qual@3.12.0?type=jar"/>
    <dependency ref="pkg:maven/com.google.errorprone/error_prone_annotations@2.11.0?type=jar"/>
    <dependency ref="pkg:maven/com.google.j2objc/j2objc-annotations@1.3?type=jar"/>
    <dependency ref="pkg:maven/org.springdoc/springdoc-openapi-ui@1.6.9?type=jar">
      <dependency ref="pkg:maven/org.springdoc/springdoc-openapi-webmvc-core@1.6.9?type=jar"/>
      <dependency ref="pkg:maven/org.webjars/swagger-ui@4.11.1?type=jar"/>
      <dependency ref="pkg:maven/org.webjars/webjars-locator-core@0.50?type=jar"/>
      <dependency ref="pkg:maven/io.github.classgraph/classgraph@4.8.147?type=jar"/>
    </dependency>
    <dependency ref="pkg:maven/org.springdoc/springdoc-openapi-webmvc-core@1.6.9?type=jar">
      <dependency ref="pkg:maven/org.springdoc/springdoc-openapi-common@1.6.9?type=jar"/>
      <dependency ref="pkg:maven/org.springframework/spring-webmvc@5.3.22?type=jar"/>
    </dependency>
    <dependency ref="pkg:maven/org.springdoc/springdoc-openapi-common@1.6.9?type=jar">
      <dependency ref="pkg:maven/org.springframework.boot/spring-boot-autoconfigure@2.7.2?type=jar"/>
      <dependency ref="pkg:maven/org.springframework/spring-web@5.3.22?type=jar"/>
      <dependency ref="pkg:maven/io.swagger.core.v3/swagger-core@2.2.0?type=jar"/>
    </dependency>
    <dependency ref="pkg:maven/io.swagger.core.v3/swagger-core@2.2.0?type=jar">
      <dependency ref="pkg:maven/jakarta.xml.bind/jakarta.xml.bind-api@2.3.3?type=jar"/>
      <dependency ref="pkg:maven/org.apache.commons/commons-lang3@3.12.0?type=jar"/>
      <dependency ref="pkg:maven/org.slf4j/slf4j-api@1.7.36?type=jar"/>
      <dependency ref="pkg:maven/com.fasterxml.jackson.core/jackson-annotations@2.13.3?type=jar"/>
      <dependency ref="pkg:maven/com.fasterxml.jackson.core/jackson-databind@2.13.3?type=jar"/>
      <dependency ref="pkg:maven/com.fasterxml.jackson.dataformat/jackson-dataformat-yaml@2.13.3?type=jar"/>
      <dependency ref="pkg:maven/com.fasterxml.jackson.datatype/jackson-datatype-jsr310@2.13.3?type=jar"/>
      <dependency ref="pkg:maven/io.swagger.core.v3/swagger-annotations@2.2.0?type=jar"/>
      <dependency ref="pkg:maven/io.swagger.core.v3/swagger-models@2.2.0?type=jar"/>
      <dependency ref="pkg:maven/ch.qos.logback/logback-classic@1.2.11?type=jar"/>
      <dependency ref="pkg:maven/ch.qos.logback/logback-core@1.2.11?type=jar"/>
      <dependency ref="pkg:maven/jakarta.validation/jakarta.validation-api@2.0.2?type=jar"/>
    </dependency>
    <dependency ref="pkg:maven/org.apache.commons/commons-lang3@3.12.0?type=jar"/>
    <dependency ref="pkg:maven/com.fasterxml.jackson.dataformat/jackson-dataformat-yaml@2.13.3?type=jar">
      <dependency ref="pkg:maven/com.fasterxml.jackson.core/jackson-databind@2.13.3?type=jar"/>
      <dependency ref="pkg:maven/org.yaml/snakeyaml@1.30?type=jar"/>
      <dependency ref="pkg:maven/com.fasterxml.jackson.core/jackson-core@2.13.3?type=jar"/>
    </dependency>
    <dependency ref="pkg:maven/io.swagger.core.v3/swagger-annotations@2.2.0?type=jar"/>
    <dependency ref="pkg:maven/io.swagger.core.v3/swagger-models@2.2.0?type=jar">
      <dependency ref="pkg:maven/com.fasterxml.jackson.core/jackson-annotations@2.13.3?type=jar"/>
    </dependency>
    <dependency ref="pkg:maven/jakarta.validation/jakarta.validation-api@2.0.2?type=jar"/>
    <dependency ref="pkg:maven/org.webjars/swagger-ui@4.11.1?type=jar"/>
    <dependency ref="pkg:maven/org.webjars/webjars-locator-core@0.50?type=jar">
      <dependency ref="pkg:maven/org.slf4j/slf4j-api@1.7.36?type=jar"/>
      <dependency ref="pkg:maven/com.fasterxml.jackson.core/jackson-core@2.13.3?type=jar"/>
      <dependency ref="pkg:maven/com.google.code.findbugs/jsr305@3.0.2?type=jar"/>
    </dependency>
    <dependency ref="pkg:maven/io.github.classgraph/classgraph@4.8.147?type=jar"/>
    <dependency ref="pkg:maven/com.talanlabs/avatar-generator-8bit@1.1.0?type=jar">
      <dependency ref="pkg:maven/com.talanlabs/avatar-generator@1.1.0?type=jar"/>
      <dependency ref="pkg:maven/org.reflections/reflections@0.9.10?type=jar"/>
    </dependency>
    <dependency ref="pkg:maven/com.talanlabs/avatar-generator@1.1.0?type=jar">
      <dependency ref="pkg:maven/com.jhlabs/filters@2.0.235-1?type=jar"/>
    </dependency>
    <dependency ref="pkg:maven/com.jhlabs/filters@2.0.235-1?type=jar"/>
    <dependency ref="pkg:maven/org.reflections/reflections@0.9.10?type=jar">
      <dependency ref="pkg:maven/com.google.guava/guava@31.1-jre?type=jar"/>
      <dependency ref="pkg:maven/org.javassist/javassist@3.19.0-GA?type=jar"/>
      <dependency ref="pkg:maven/com.google.code.findbugs/annotations@2.0.1?type=jar"/>
    </dependency>
    <dependency ref="pkg:maven/org.javassist/javassist@3.19.0-GA?type=jar"/>
    <dependency ref="pkg:maven/com.google.code.findbugs/annotations@2.0.1?type=jar"/>
  </dependencies>
</bom>
